0 verbose cli /usr/local/bin/node /usr/local/bin/npm
1 info using npm@10.9.3
2 info using node@v22.20.0
3 silly config load:file:/usr/local/lib/node_modules/npm/npmrc
4 silly config load:file:/Users/bipasasaha/Desktop/SAVEZO/nudenet-main/.npmrc
5 silly config load:file:/Users/bipasasaha/.npmrc
6 silly config load:file:/usr/local/etc/npmrc
7 verbose title npm install express multer cors
8 verbose argv "install" "--legacy-peer-deps" "--cache" "./npm_cache" "express" "multer" "cors"
9 verbose logfile logs-max:10 dir:/Users/bipasasaha/Desktop/SAVEZO/nudenet-main/npm_cache/_logs/2026-06-07T22_58_46_001Z-
10 verbose logfile /Users/bipasasaha/Desktop/SAVEZO/nudenet-main/npm_cache/_logs/2026-06-07T22_58_46_001Z-debug-0.log
11 silly logfile done cleaning log files
12 silly packumentCache heap:4345298944 maxSize:1086324736 maxEntrySize:543162368
13 silly idealTree buildDeps
14 silly fetch manifest express@*
15 silly packumentCache full:https://registry.npmjs.org/express cache-miss
16 http fetch GET 200 https://registry.npmjs.org/express 432ms (cache miss)
17 silly packumentCache full:https://registry.npmjs.org/express set size:undefined disposed:false
18 silly fetch manifest multer@*
19 silly packumentCache full:https://registry.npmjs.org/multer cache-miss
20 http fetch GET 200 https://registry.npmjs.org/multer 105ms (cache miss)
21 silly packumentCache full:https://registry.npmjs.org/multer set size:undefined disposed:false
22 silly fetch manifest cors@*
23 silly packumentCache full:https://registry.npmjs.org/cors cache-miss
24 http fetch GET 200 https://registry.npmjs.org/cors 364ms (cache miss)
25 silly packumentCache full:https://registry.npmjs.org/cors set size:undefined disposed:false
26 silly placeDep ROOT cors@2.8.6 OK for: nudenet@0.3.0 want: *
27 silly placeDep ROOT express@5.2.1 OK for: nudenet@0.3.0 want: *
28 silly placeDep ROOT multer@2.1.1 OK for: nudenet@0.3.0 want: *
29 silly fetch manifest vary@^1
30 silly packumentCache full:https://registry.npmjs.org/vary cache-miss
31 silly fetch manifest qs@^6.14.0
32 silly packumentCache full:https://registry.npmjs.org/qs cache-miss
33 silly fetch manifest depd@^2.0.0
34 silly packumentCache full:https://registry.npmjs.org/depd cache-miss
35 silly fetch manifest etag@^1.8.1
36 silly packumentCache full:https://registry.npmjs.org/etag cache-miss
37 silly fetch manifest send@^1.1.0
38 silly packumentCache full:https://registry.npmjs.org/send cache-miss
39 silly fetch manifest vary@^1.1.2
40 silly packumentCache full:https://registry.npmjs.org/vary cache-miss
41 silly fetch manifest fresh@^2.0.0
42 silly packumentCache full:https://registry.npmjs.org/fresh cache-miss
43 silly fetch manifest cookie@^0.7.1
44 silly packumentCache full:https://registry.npmjs.org/cookie cache-miss
45 silly fetch manifest router@^2.2.0
46 silly packumentCache full:https://registry.npmjs.org/router cache-miss
47 http fetch GET 200 https://registry.npmjs.org/vary 343ms (cache miss)
48 silly packumentCache full:https://registry.npmjs.org/vary set size:undefined disposed:false
49 silly fetch manifest accepts@^2.0.0
50 silly packumentCache full:https://registry.npmjs.org/accepts cache-miss
51 http fetch GET 200 https://registry.npmjs.org/fresh 365ms (cache miss)
52 silly packumentCache full:https://registry.npmjs.org/fresh set size:undefined disposed:false
53 silly fetch manifest type-is@^2.0.1
54 silly packumentCache full:https://registry.npmjs.org/type-is cache-miss
55 http fetch GET 200 https://registry.npmjs.org/vary 376ms (cache miss)
56 silly packumentCache full:https://registry.npmjs.org/vary set size:undefined disposed:false
57 silly fetch manifest parseurl@^1.3.3
58 silly packumentCache full:https://registry.npmjs.org/parseurl cache-miss
59 http fetch GET 200 https://registry.npmjs.org/qs 430ms (cache miss)
60 silly packumentCache full:https://registry.npmjs.org/qs set size:undefined disposed:false
61 silly fetch manifest statuses@^2.0.1
62 silly packumentCache full:https://registry.npmjs.org/statuses cache-miss
63 http fetch GET 200 https://registry.npmjs.org/etag 558ms (cache miss)
64 silly packumentCache full:https://registry.npmjs.org/etag set size:undefined disposed:false
65 silly fetch manifest encodeurl@^2.0.0
66 silly packumentCache full:https://registry.npmjs.org/encodeurl cache-miss
67 http fetch GET 200 https://registry.npmjs.org/depd 614ms (cache miss)
68 silly packumentCache full:https://registry.npmjs.org/depd set size:undefined disposed:false
69 silly fetch manifest mime-types@^3.0.0
70 silly packumentCache full:https://registry.npmjs.org/mime-types cache-miss
71 http fetch GET 200 https://registry.npmjs.org/router 615ms (cache miss)
72 silly packumentCache full:https://registry.npmjs.org/router set size:undefined disposed:false
73 silly fetch manifest proxy-addr@^2.0.7
74 silly packumentCache full:https://registry.npmjs.org/proxy-addr cache-miss
75 http fetch GET 200 https://registry.npmjs.org/send 618ms (cache miss)
76 silly packumentCache full:https://registry.npmjs.org/send set size:undefined disposed:false
77 silly fetch manifest body-parser@^2.2.1
78 silly packumentCache full:https://registry.npmjs.org/body-parser cache-miss
79 http cache https://registry.npmjs.org/mime-types 5ms (cache hit)
80 silly packumentCache full:https://registry.npmjs.org/mime-types set size:139110 disposed:false
81 silly fetch manifest escape-html@^1.0.3
82 silly packumentCache full:https://registry.npmjs.org/escape-html cache-miss
83 http fetch GET 200 https://registry.npmjs.org/cookie 620ms (cache miss)
84 silly packumentCache full:https://registry.npmjs.org/cookie set size:undefined disposed:false
85 silly fetch manifest http-errors@^2.0.0
86 silly packumentCache full:https://registry.npmjs.org/http-errors cache-miss
87 http fetch GET 200 https://registry.npmjs.org/accepts 349ms (cache miss)
88 silly packumentCache full:https://registry.npmjs.org/accepts set size:undefined disposed:false
89 silly fetch manifest on-finished@^2.4.1
90 silly packumentCache full:https://registry.npmjs.org/on-finished cache-miss
91 http fetch GET 200 https://registry.npmjs.org/type-is 341ms (cache miss)
92 silly packumentCache full:https://registry.npmjs.org/type-is set size:undefined disposed:false
93 silly fetch manifest content-type@^1.0.5
94 silly packumentCache full:https://registry.npmjs.org/content-type cache-miss
95 http fetch GET 200 https://registry.npmjs.org/proxy-addr 95ms (cache miss)
96 silly packumentCache full:https://registry.npmjs.org/proxy-addr set size:undefined disposed:false
97 silly fetch manifest finalhandler@^2.1.0
98 silly packumentCache full:https://registry.npmjs.org/finalhandler cache-miss
99 http fetch GET 200 https://registry.npmjs.org/body-parser 94ms (cache miss)
100 silly packumentCache full:https://registry.npmjs.org/body-parser set size:undefined disposed:false
101 silly fetch manifest range-parser@^1.2.1
102 silly packumentCache full:https://registry.npmjs.org/range-parser cache-miss
103 http fetch GET 200 https://registry.npmjs.org/parseurl 337ms (cache miss)
104 silly packumentCache full:https://registry.npmjs.org/parseurl set size:undefined disposed:false
105 silly fetch manifest serve-static@^2.2.0
106 silly packumentCache full:https://registry.npmjs.org/serve-static cache-miss
107 http fetch GET 200 https://registry.npmjs.org/statuses 348ms (cache miss)
108 silly packumentCache full:https://registry.npmjs.org/statuses set size:undefined disposed:false
109 silly fetch manifest cookie-signature@^1.2.1
110 silly packumentCache full:https://registry.npmjs.org/cookie-signature cache-miss
111 http fetch GET 200 https://registry.npmjs.org/finalhandler 94ms (cache miss)
112 silly packumentCache full:https://registry.npmjs.org/finalhandler set size:undefined disposed:false
113 silly fetch manifest merge-descriptors@^2.0.0
114 silly packumentCache full:https://registry.npmjs.org/merge-descriptors cache-miss
115 http fetch GET 200 https://registry.npmjs.org/range-parser 96ms (cache miss)
116 silly packumentCache full:https://registry.npmjs.org/range-parser set size:undefined disposed:false
117 silly fetch manifest content-disposition@^1.0.0
118 silly packumentCache full:https://registry.npmjs.org/content-disposition cache-miss
119 http fetch GET 200 https://registry.npmjs.org/serve-static 105ms (cache miss)
120 silly packumentCache full:https://registry.npmjs.org/serve-static set size:undefined disposed:false
121 silly fetch manifest append-field@^1.0.0
122 silly packumentCache full:https://registry.npmjs.org/append-field cache-miss
123 http fetch GET 200 https://registry.npmjs.org/encodeurl 342ms (cache miss)
124 silly packumentCache full:https://registry.npmjs.org/encodeurl set size:undefined disposed:false
125 silly fetch manifest busboy@^1.6.0
126 silly packumentCache full:https://registry.npmjs.org/busboy cache-miss
127 http fetch GET 200 https://registry.npmjs.org/merge-descriptors 114ms (cache miss)
128 silly packumentCache full:https://registry.npmjs.org/merge-descriptors set size:undefined disposed:false
129 silly fetch manifest concat-stream@^2.0.0
130 silly packumentCache full:https://registry.npmjs.org/concat-stream cache-miss
131 http fetch GET 200 https://registry.npmjs.org/content-disposition 111ms (cache miss)
132 silly packumentCache full:https://registry.npmjs.org/content-disposition set size:undefined disposed:false
133 silly fetch manifest type-is@^1.6.18
134 silly packumentCache full:https://registry.npmjs.org/type-is cache-miss
135 http cache https://registry.npmjs.org/type-is 1ms (cache hit)
136 silly packumentCache full:https://registry.npmjs.org/type-is set size:88614 disposed:false
137 http fetch GET 200 https://registry.npmjs.org/escape-html 338ms (cache miss)
138 silly packumentCache full:https://registry.npmjs.org/escape-html set size:undefined disposed:false
139 http fetch GET 200 https://registry.npmjs.org/http-errors 338ms (cache miss)
140 silly packumentCache full:https://registry.npmjs.org/http-errors set size:undefined disposed:false
141 http fetch GET 200 https://registry.npmjs.org/on-finished 326ms (cache miss)
142 silly packumentCache full:https://registry.npmjs.org/on-finished set size:undefined disposed:false
143 http fetch GET 200 https://registry.npmjs.org/content-type 340ms (cache miss)
144 silly packumentCache full:https://registry.npmjs.org/content-type set size:undefined disposed:false
145 http fetch GET 200 https://registry.npmjs.org/busboy 177ms (cache miss)
146 silly packumentCache full:https://registry.npmjs.org/busboy set size:undefined disposed:false
147 http fetch GET 200 https://registry.npmjs.org/cookie-signature 338ms (cache miss)
148 silly packumentCache full:https://registry.npmjs.org/cookie-signature set size:undefined disposed:false
149 http fetch GET 200 https://registry.npmjs.org/append-field 341ms (cache miss)
150 silly packumentCache full:https://registry.npmjs.org/append-field set size:undefined disposed:false
151 http fetch GET 200 https://registry.npmjs.org/concat-stream 334ms (cache miss)
152 silly packumentCache full:https://registry.npmjs.org/concat-stream set size:undefined disposed:false
153 silly placeDep ROOT vary@1.1.2 OK for: cors@2.8.6 want: ^1
154 silly placeDep ROOT accepts@2.0.0 OK for: express@5.2.1 want: ^2.0.0
155 silly placeDep ROOT body-parser@2.2.2 OK for: express@5.2.1 want: ^2.2.1
156 silly placeDep ROOT content-disposition@1.1.0 OK for: express@5.2.1 want: ^1.0.0
157 silly placeDep ROOT content-type@1.0.5 OK for: express@5.2.1 want: ^1.0.5
158 silly placeDep ROOT cookie@0.7.2 OK for: express@5.2.1 want: ^0.7.1
159 silly placeDep ROOT cookie-signature@1.2.2 OK for: express@5.2.1 want: ^1.2.1
160 silly placeDep ROOT depd@2.0.0 OK for: express@5.2.1 want: ^2.0.0
161 silly placeDep ROOT encodeurl@2.0.0 OK for: express@5.2.1 want: ^2.0.0
162 silly placeDep ROOT escape-html@1.0.3 OK for: express@5.2.1 want: ^1.0.3
163 silly placeDep ROOT etag@1.8.1 OK for: express@5.2.1 want: ^1.8.1
164 silly placeDep ROOT finalhandler@2.1.1 OK for: express@5.2.1 want: ^2.1.0
165 silly placeDep ROOT fresh@2.0.0 OK for: express@5.2.1 want: ^2.0.0
166 silly placeDep ROOT http-errors@2.0.1 OK for: express@5.2.1 want: ^2.0.0
167 silly placeDep ROOT merge-descriptors@2.0.0 OK for: express@5.2.1 want: ^2.0.0
168 silly placeDep node_modules/express mime-types@3.0.2 OK for: express@5.2.1 want: ^3.0.0
169 silly placeDep ROOT on-finished@2.4.1 OK for: express@5.2.1 want: ^2.4.1
170 silly placeDep ROOT parseurl@1.3.3 OK for: express@5.2.1 want: ^1.3.3
171 silly placeDep ROOT proxy-addr@2.0.7 OK for: express@5.2.1 want: ^2.0.7
172 silly placeDep ROOT qs@6.15.2 OK for: express@5.2.1 want: ^6.14.0
173 silly placeDep ROOT range-parser@1.2.1 OK for: express@5.2.1 want: ^1.2.1
174 silly placeDep ROOT router@2.2.0 OK for: express@5.2.1 want: ^2.2.0
175 silly placeDep ROOT send@1.2.1 OK for: express@5.2.1 want: ^1.1.0
176 silly placeDep ROOT serve-static@2.2.1 OK for: express@5.2.1 want: ^2.2.0
177 silly placeDep ROOT statuses@2.0.2 OK for: express@5.2.1 want: ^2.0.1
178 silly placeDep ROOT type-is@2.1.0 OK for: express@5.2.1 want: ^2.0.1
179 silly fetch manifest negotiator@^1.0.0
180 silly packumentCache full:https://registry.npmjs.org/negotiator cache-miss
181 silly fetch manifest qs@^6.14.1
182 silly packumentCache full:https://registry.npmjs.org/qs cache-miss
183 silly fetch manifest bytes@^3.1.2
184 silly packumentCache full:https://registry.npmjs.org/bytes cache-miss
185 silly fetch manifest raw-body@^3.0.1
186 silly packumentCache full:https://registry.npmjs.org/raw-body cache-miss
187 silly fetch manifest iconv-lite@^0.7.0
188 silly packumentCache full:https://registry.npmjs.org/iconv-lite cache-miss
189 silly fetch manifest setprototypeof@~1.2.0
190 silly packumentCache full:https://registry.npmjs.org/setprototypeof cache-miss
191 silly fetch manifest statuses@~2.0.2
192 silly packumentCache full:https://registry.npmjs.org/statuses cache-miss
193 silly fetch manifest toidentifier@~1.0.1
194 silly packumentCache full:https://registry.npmjs.org/toidentifier cache-miss
195 silly fetch manifest mime-db@^1.54.0
196 silly packumentCache full:https://registry.npmjs.org/mime-db cache-miss
197 http cache https://registry.npmjs.org/statuses 3ms (cache hit)
198 silly packumentCache full:https://registry.npmjs.org/statuses set size:37117 disposed:false
199 silly fetch manifest ee-first@1.1.1
200 silly packumentCache full:https://registry.npmjs.org/ee-first cache-miss
201 http cache https://registry.npmjs.org/mime-db 3ms (cache hit)
202 silly packumentCache full:https://registry.npmjs.org/mime-db set size:164953 disposed:false
203 silly fetch manifest forwarded@0.2.0
204 silly packumentCache full:https://registry.npmjs.org/forwarded cache-miss
205 http cache https://registry.npmjs.org/qs 5ms (cache hit)
206 silly packumentCache full:https://registry.npmjs.org/qs set size:356906 disposed:false
207 silly fetch manifest ipaddr.js@1.9.1
208 silly packumentCache full:https://registry.npmjs.org/ipaddr.js cache-miss
209 http fetch GET 200 https://registry.npmjs.org/ee-first 94ms (cache miss)
210 silly packumentCache full:https://registry.npmjs.org/ee-first set size:undefined disposed:false
211 silly fetch manifest is-promise@^4.0.0
212 silly packumentCache full:https://registry.npmjs.org/is-promise cache-miss
213 http fetch GET 200 https://registry.npmjs.org/ipaddr.js 97ms (cache miss)
214 silly packumentCache full:https://registry.npmjs.org/ipaddr.js set size:undefined disposed:false
215 silly fetch manifest path-to-regexp@^8.0.0
216 silly packumentCache full:https://registry.npmjs.org/path-to-regexp cache-miss
217 http fetch GET 200 https://registry.npmjs.org/bytes 105ms (cache miss)
218 silly packumentCache full:https://registry.npmjs.org/bytes set size:undefined disposed:false
219 silly fetch manifest mime-types@^3.0.2
220 silly packumentCache full:https://registry.npmjs.org/mime-types cache-hit
221 silly fetch manifest statuses@^2.0.2
222 silly packumentCache full:https://registry.npmjs.org/statuses cache-hit
223 silly fetch manifest content-type@^2.0.0
224 silly packumentCache full:https://registry.npmjs.org/content-type cache-miss
225 http cache https://registry.npmjs.org/content-type 3ms (cache hit)
226 silly packumentCache full:https://registry.npmjs.org/content-type set size:18994 disposed:false
227 silly fetch manifest media-typer@^1.1.0
228 silly packumentCache full:https://registry.npmjs.org/media-typer cache-miss
229 http fetch GET 200 https://registry.npmjs.org/media-typer 101ms (cache miss)
230 silly packumentCache full:https://registry.npmjs.org/media-typer set size:undefined disposed:false
231 http fetch GET 200 https://registry.npmjs.org/path-to-regexp 111ms (cache miss)
232 silly packumentCache full:https://registry.npmjs.org/path-to-regexp set size:undefined disposed:false
233 http fetch GET 200 https://registry.npmjs.org/negotiator 345ms (cache miss)
234 silly packumentCache full:https://registry.npmjs.org/negotiator set size:undefined disposed:false
235 http fetch GET 200 https://registry.npmjs.org/raw-body 346ms (cache miss)
236 silly packumentCache full:https://registry.npmjs.org/raw-body set size:undefined disposed:false
237 http fetch GET 200 https://registry.npmjs.org/setprototypeof 347ms (cache miss)
238 silly packumentCache full:https://registry.npmjs.org/setprototypeof set size:undefined disposed:false
239 http fetch GET 200 https://registry.npmjs.org/toidentifier 349ms (cache miss)
240 silly packumentCache full:https://registry.npmjs.org/toidentifier set size:undefined disposed:false
241 http fetch GET 200 https://registry.npmjs.org/forwarded 346ms (cache miss)
242 silly packumentCache full:https://registry.npmjs.org/forwarded set size:undefined disposed:false
243 http fetch GET 200 https://registry.npmjs.org/iconv-lite 351ms (cache miss)
244 silly packumentCache full:https://registry.npmjs.org/iconv-lite set size:undefined disposed:false
245 http fetch GET 200 https://registry.npmjs.org/is-promise 321ms (cache miss)
246 silly packumentCache full:https://registry.npmjs.org/is-promise set size:undefined disposed:false
247 silly placeDep node_modules/accepts mime-types@3.0.2 OK for: accepts@2.0.0 want: ^3.0.0
248 silly placeDep ROOT negotiator@1.0.0 OK for: accepts@2.0.0 want: ^1.0.0
249 silly placeDep ROOT bytes@3.1.2 OK for: body-parser@2.2.2 want: ^3.1.2
250 silly placeDep ROOT iconv-lite@0.7.2 OK for: body-parser@2.2.2 want: ^0.7.0
251 silly placeDep ROOT raw-body@3.0.2 OK for: body-parser@2.2.2 want: ^3.0.1
252 silly fetch manifest safer-buffer@>= 2.1.2 < 3.0.0
253 silly packumentCache full:https://registry.npmjs.org/safer-buffer cache-miss
254 silly fetch manifest unpipe@~1.0.0
255 silly packumentCache full:https://registry.npmjs.org/unpipe cache-miss
256 http fetch GET 200 https://registry.npmjs.org/safer-buffer 93ms (cache miss)
257 silly packumentCache full:https://registry.npmjs.org/safer-buffer set size:undefined disposed:false
258 http fetch GET 200 https://registry.npmjs.org/unpipe 92ms (cache miss)
259 silly packumentCache full:https://registry.npmjs.org/unpipe set size:undefined disposed:false
260 silly placeDep ROOT setprototypeof@1.2.0 OK for: http-errors@2.0.1 want: ~1.2.0
261 silly placeDep ROOT toidentifier@1.0.1 OK for: http-errors@2.0.1 want: ~1.0.1
262 silly placeDep ROOT safer-buffer@2.1.2 OK for: iconv-lite@0.7.2 want: >= 2.1.2 < 3.0.0
263 silly placeDep ROOT append-field@1.0.0 OK for: multer@2.1.1 want: ^1.0.0
264 silly placeDep ROOT busboy@1.6.0 OK for: multer@2.1.1 want: ^1.6.0
265 silly placeDep ROOT concat-stream@2.0.0 OK for: multer@2.1.1 want: ^2.0.0
266 silly placeDep node_modules/multer type-is@1.6.18 OK for: multer@2.1.1 want: ^1.6.18
267 silly fetch manifest streamsearch@^1.1.0
268 silly packumentCache full:https://registry.npmjs.org/streamsearch cache-miss
269 silly fetch manifest buffer-from@^1.0.0
270 silly packumentCache full:https://registry.npmjs.org/buffer-from cache-miss
271 silly fetch manifest typedarray@^0.0.6
272 silly packumentCache full:https://registry.npmjs.org/typedarray cache-miss
273 silly fetch manifest media-typer@0.3.0
274 silly packumentCache full:https://registry.npmjs.org/media-typer cache-miss
275 http cache https://registry.npmjs.org/media-typer 4ms (cache hit)
276 silly packumentCache full:https://registry.npmjs.org/media-typer set size:22678 disposed:false
277 http fetch GET 200 https://registry.npmjs.org/typedarray 99ms (cache miss)
278 silly packumentCache full:https://registry.npmjs.org/typedarray set size:undefined disposed:false
279 http fetch GET 200 https://registry.npmjs.org/streamsearch 100ms (cache miss)
280 silly packumentCache full:https://registry.npmjs.org/streamsearch set size:undefined disposed:false
281 http fetch GET 200 https://registry.npmjs.org/buffer-from 341ms (cache miss)
282 silly packumentCache full:https://registry.npmjs.org/buffer-from set size:undefined disposed:false
283 silly placeDep ROOT streamsearch@1.1.0 OK for: busboy@1.6.0 want: ^1.1.0
284 silly placeDep ROOT buffer-from@1.1.2 OK for: concat-stream@2.0.0 want: ^1.0.0
285 silly placeDep ROOT typedarray@0.0.6 OK for: concat-stream@2.0.0 want: ^0.0.6
286 silly placeDep ROOT ee-first@1.1.1 OK for: on-finished@2.4.1 want: 1.1.1
287 silly placeDep ROOT forwarded@0.2.0 OK for: proxy-addr@2.0.7 want: 0.2.0
288 silly placeDep ROOT ipaddr.js@1.9.1 OK for: proxy-addr@2.0.7 want: 1.9.1
289 silly placeDep ROOT unpipe@1.0.0 OK for: raw-body@3.0.2 want: ~1.0.0
290 silly placeDep ROOT is-promise@4.0.0 OK for: router@2.2.0 want: ^4.0.0
291 silly placeDep ROOT path-to-regexp@8.4.2 OK for: router@2.2.0 want: ^8.0.0
292 silly placeDep node_modules/send mime-types@3.0.2 OK for: send@1.2.1 want: ^3.0.2
293 silly placeDep node_modules/type-is content-type@2.0.0 OK for: type-is@2.1.0 want: ^2.0.0
294 silly placeDep ROOT media-typer@1.1.0 OK for: type-is@2.1.0 want: ^1.1.0
295 silly placeDep node_modules/type-is mime-types@3.0.2 OK for: type-is@2.1.0 want: ^3.0.0
296 silly placeDep node_modules/accepts mime-db@1.54.0 OK for: mime-types@3.0.2 want: ^1.54.0
297 silly placeDep node_modules/express mime-db@1.54.0 OK for: mime-types@3.0.2 want: ^1.54.0
298 silly placeDep node_modules/multer media-typer@0.3.0 OK for: type-is@1.6.18 want: 0.3.0
299 silly placeDep node_modules/send mime-db@1.54.0 OK for: mime-types@3.0.2 want: ^1.54.0
300 silly placeDep node_modules/type-is mime-db@1.54.0 OK for: mime-types@3.0.2 want: ^1.54.0
301 silly reify moves {}
302 silly audit bulk request {
302 silly audit   '@esbuild/aix-ppc64': [ '0.19.12' ],
302 silly audit   '@esbuild/android-arm': [ '0.19.12' ],
302 silly audit   '@esbuild/android-arm64': [ '0.19.12' ],
302 silly audit   '@esbuild/android-x64': [ '0.19.12' ],
302 silly audit   '@esbuild/darwin-arm64': [ '0.19.12' ],
302 silly audit   '@esbuild/darwin-x64': [ '0.19.12' ],
302 silly audit   '@esbuild/freebsd-arm64': [ '0.19.12' ],
302 silly audit   '@esbuild/freebsd-x64': [ '0.19.12' ],
302 silly audit   '@esbuild/linux-arm': [ '0.19.12' ],
302 silly audit   '@esbuild/linux-arm64': [ '0.19.12' ],
302 silly audit   '@esbuild/linux-ia32': [ '0.19.12' ],
302 silly audit   '@esbuild/linux-loong64': [ '0.19.12' ],
302 silly audit   '@esbuild/linux-mips64el': [ '0.19.12' ],
302 silly audit   '@esbuild/linux-ppc64': [ '0.19.12' ],
302 silly audit   '@esbuild/linux-riscv64': [ '0.19.12' ],
302 silly audit   '@esbuild/linux-s390x': [ '0.19.12' ],
302 silly audit   '@esbuild/linux-x64': [ '0.19.12' ],
302 silly audit   '@esbuild/netbsd-x64': [ '0.19.12' ],
302 silly audit   '@esbuild/openbsd-x64': [ '0.19.12' ],
302 silly audit   '@esbuild/sunos-x64': [ '0.19.12' ],
302 silly audit   '@esbuild/win32-arm64': [ '0.19.12' ],
302 silly audit   '@esbuild/win32-ia32': [ '0.19.12' ],
302 silly audit   '@esbuild/win32-x64': [ '0.19.12' ],
302 silly audit   '@eslint-community/eslint-utils': [ '4.9.1' ],
302 silly audit   '@eslint-community/regexpp': [ '4.12.2' ],
302 silly audit   '@eslint/eslintrc': [ '2.1.4' ],
302 silly audit   'brace-expansion': [ '1.1.15', '2.1.1' ],
302 silly audit   minimatch: [ '3.1.5', '9.0.3' ],
302 silly audit   '@eslint/js': [ '8.57.1' ],
302 silly audit   '@html-eslint/eslint-plugin': [ '0.18.0' ],
302 silly audit   '@html-eslint/parser': [ '0.18.0' ],
302 silly audit   '@humanwhocodes/config-array': [ '0.13.0' ],
302 silly audit   '@humanwhocodes/module-importer': [ '1.0.1' ],
302 silly audit   '@humanwhocodes/object-schema': [ '2.0.3' ],
302 silly audit   '@mapbox/node-pre-gyp': [ '1.0.9' ],
302 silly audit   'agent-base': [ '6.0.2', '4.3.0' ],
302 silly audit   'https-proxy-agent': [ '5.0.1', '2.2.4' ],
302 silly audit   rimraf: [ '3.0.2', '2.7.1' ],
302 silly audit   '@nodelib/fs.scandir': [ '2.1.5' ],
302 silly audit   '@nodelib/fs.stat': [ '2.0.5' ],
302 silly audit   '@nodelib/fs.walk': [ '1.2.8' ],
302 silly audit   '@rtsao/scc': [ '1.1.0' ],
302 silly audit   '@tensorflow/tfjs': [ '4.22.0' ],
302 silly audit   '@tensorflow/tfjs-backend-cpu': [ '4.22.0', '4.5.0' ],
302 silly audit   '@tensorflow/tfjs-backend-webgl': [ '4.22.0' ],
302 silly audit   '@tensorflow/tfjs-backend-webgpu': [ '0.0.1-alpha.20' ],
302 silly audit   '@tensorflow/tfjs-converter': [ '4.22.0' ],
302 silly audit   '@tensorflow/tfjs-core': [ '4.22.0' ],
302 silly audit   '@types/offscreencanvas': [ '2019.7.3', '2019.3.0' ],
302 silly audit   long: [ '4.0.0', '5.3.2' ],
302 silly audit   '@tensorflow/tfjs-data': [ '4.22.0' ],
302 silly audit   '@tensorflow/tfjs-layers': [ '4.22.0' ],
302 silly audit   '@tensorflow/tfjs-node': [ '4.22.0' ],
302 silly audit   argparse: [ '1.0.10', '2.0.1' ],
302 silly audit   '@types/json-schema': [ '7.0.15' ],
302 silly audit   '@types/json5': [ '0.0.29' ],
302 silly audit   '@types/long': [ '4.0.2' ],
302 silly audit   '@types/node': [ '25.9.2', '20.19.42' ],
302 silly audit   '@types/node-fetch': [ '2.6.13' ],
302 silly audit   '@types/seedrandom': [ '2.4.34' ],
302 silly audit   '@types/semver': [ '7.7.1' ],
302 silly audit   '@typescript-eslint/eslint-plugin': [ '6.21.0' ],
302 silly audit   '@typescript-eslint/parser': [ '6.21.0' ],
302 silly audit   '@typescript-eslint/scope-manager': [ '6.21.0' ],
302 silly audit   '@typescript-eslint/type-utils': [ '6.21.0' ],
302 silly audit   '@typescript-eslint/types': [ '6.21.0' ],
302 silly audit   '@typescript-eslint/typescript-estree': [ '6.21.0' ],
302 silly audit   '@typescript-eslint/utils': [ '6.21.0' ],
302 silly audit   '@typescript-eslint/visitor-keys': [ '6.21.0' ],
302 silly audit   '@ungap/structured-clone': [ '1.3.1' ],
302 silly audit   '@vladmandic/build': [ '0.9.3' ],
302 silly audit   'undici-types': [ '6.21.0', '7.24.6' ],
302 silly audit   '@vladmandic/pilogger': [ '0.4.9' ],
302 silly audit   '@webgpu/types': [ '0.1.38' ],
302 silly audit   abbrev: [ '1.1.1' ],
302 silly audit   acorn: [ '8.16.0' ],
302 silly audit   'acorn-jsx': [ '5.3.2' ],
302 silly audit   'adm-zip': [ '0.5.17' ],
302 silly audit   ajv: [ '6.15.0' ],
302 silly audit   'ansi-regex': [ '5.0.1' ],
302 silly audit   'ansi-sequence-parser': [ '1.1.3' ],
302 silly audit   'ansi-styles': [ '4.3.0' ],
302 silly audit   aproba: [ '2.1.0' ],
302 silly audit   'are-we-there-yet': [ '2.0.0' ],
302 silly audit   'array-buffer-byte-length': [ '1.0.2' ],
302 silly audit   'array-includes': [ '3.1.9' ],
302 silly audit   'array-union': [ '2.1.0' ],
302 silly audit   'array.prototype.findlastindex': [ '1.2.6' ],
302 silly audit   'array.prototype.flat': [ '1.3.3' ],
302 silly audit   'array.prototype.flatmap': [ '1.3.3' ],
302 silly audit   'arraybuffer.prototype.slice': [ '1.0.4' ],
302 silly audit   'async-function': [ '1.0.0' ],
302 silly audit   asynckit: [ '0.4.0' ],
302 silly audit   'available-typed-arrays': [ '1.0.7' ],
302 silly audit   'balanced-match': [ '1.0.2' ],
302 silly audit   braces: [ '3.0.3' ],
302 silly audit   'call-bind': [ '1.0.9' ],
302 silly audit   'call-bind-apply-helpers': [ '1.0.2' ],
302 silly audit   'call-bound': [ '1.0.4' ],
302 silly audit   callsites: [ '3.1.0' ],
302 silly audit   chalk: [ '4.1.2' ],
302 silly audit   chownr: [ '2.0.0' ],
302 silly audit   cliui: [ '7.0.4' ],
302 silly audit   'color-convert': [ '2.0.1' ],
302 silly audit   'color-name': [ '1.1.4' ],
302 silly audit   'color-support': [ '1.1.3' ],
302 silly audit   'combined-stream': [ '1.0.8' ],
302 silly audit   'concat-map': [ '0.0.1' ],
302 silly audit   'confusing-browser-globals': [ '1.0.11' ],
302 silly audit   'console-control-strings': [ '1.1.0' ],
302 silly audit   'core-js': [ '3.29.1' ],
302 silly audit   'cross-spawn': [ '7.0.6' ],
302 silly audit   'data-view-buffer': [ '1.0.2' ],
302 silly audit   'data-view-byte-length': [ '1.0.2' ],
302 silly audit   'data-view-byte-offset': [ '1.0.1' ],
302 silly audit   debug: [ '4.4.3', '3.2.7' ],
302 silly audit   'deep-is': [ '0.1.4' ],
302 silly audit   'define-data-property': [ '1.1.4' ],
302 silly audit   'define-properties': [ '1.2.1' ],
302 silly audit   'delayed-stream': [ '1.0.0' ],
302 silly audit   delegates: [ '1.0.0' ],
302 silly audit   'detect-libc': [ '2.1.2' ],
302 silly audit   'dir-glob': [ '3.0.1' ],
302 silly audit   doctrine: [ '3.0.0', '2.1.0' ],
302 silly audit   'dom-serializer': [ '2.0.0' ],
302 silly audit   domelementtype: [ '2.3.0' ],
302 silly audit   domhandler: [ '5.0.3' ],
302 silly audit   domutils: [ '3.2.2' ],
302 silly audit   'dunder-proto': [ '1.0.1' ],
302 silly audit   'emoji-regex': [ '8.0.0' ],
302 silly audit   entities: [ '4.5.0' ],
302 silly audit   'es-abstract': [ '1.24.2' ],
302 silly audit   'es-define-property': [ '1.0.1' ],
302 silly audit   'es-errors': [ '1.3.0' ],
302 silly audit   'es-html-parser': [ '0.0.8' ],
302 silly audit   'es-object-atoms': [ '1.1.2' ],
302 silly audit   'es-set-tostringtag': [ '2.1.0' ],
302 silly audit   'es-shim-unscopables': [ '1.1.0' ],
302 silly audit   'es-to-primitive': [ '1.3.0' ],
302 silly audit   'es6-promise': [ '4.2.8' ],
302 silly audit   'es6-promisify': [ '5.0.0' ],
302 silly audit   esbuild: [ '0.19.12' ],
302 silly audit   escalade: [ '3.2.0' ],
302 silly audit   'escape-string-regexp': [ '4.0.0' ],
302 silly audit   eslint: [ '8.57.1' ],
302 silly audit   'eslint-config-airbnb-base': [ '15.0.0' ],
302 silly audit   semver: [ '6.3.1', '7.8.2' ],
302 silly audit   'eslint-import-resolver-node': [ '0.3.10' ],
302 silly audit   'eslint-module-utils': [ '2.13.0' ],
302 silly audit   'eslint-plugin-es': [ '3.0.1' ],
302 silly audit   'eslint-plugin-html': [ '7.1.0' ],
302 silly audit   'eslint-plugin-import': [ '2.32.0' ],
302 silly audit   'eslint-plugin-json': [ '3.1.0' ],
302 silly audit   'eslint-plugin-node': [ '11.1.0' ],
302 silly audit   resolve: [ '1.22.12', '2.0.0-next.7' ],
302 silly audit   'eslint-plugin-promise': [ '6.6.0' ],
302 silly audit   'eslint-scope': [ '7.2.2' ],
302 silly audit   'eslint-utils': [ '2.1.0' ],
302 silly audit   'eslint-visitor-keys': [ '1.3.0', '3.4.3' ],
302 silly audit   espree: [ '9.6.1' ],
302 silly audit   esquery: [ '1.7.0' ],
302 silly audit   esrecurse: [ '4.3.0' ],
302 silly audit   estraverse: [ '5.3.0' ],
302 silly audit   esutils: [ '2.0.3' ],
302 silly audit   'fast-deep-equal': [ '3.1.3' ],
302 silly audit   'fast-glob': [ '3.3.3' ],
302 silly audit   'glob-parent': [ '5.1.2', '6.0.2' ],
302 silly audit   'fast-json-stable-stringify': [ '2.1.0' ],
302 silly audit   'fast-levenshtein': [ '2.0.6' ],
302 silly audit   fastq: [ '1.20.1' ],
302 silly audit   'file-entry-cache': [ '6.0.1' ],
302 silly audit   'fill-range': [ '7.1.1' ],
302 silly audit   'find-up': [ '5.0.0' ],
302 silly audit   'flat-cache': [ '3.2.0' ],
302 silly audit   flatted: [ '3.4.2' ],
302 silly audit   'for-each': [ '0.3.5' ],
302 silly audit   'form-data': [ '4.0.5' ],
302 silly audit   'fs-minipass': [ '2.1.0' ],
302 silly audit   minipass: [ '3.3.6', '5.0.0' ],
302 silly audit   'fs.realpath': [ '1.0.0' ],
302 silly audit   'function-bind': [ '1.1.2' ],
302 silly audit   'function.prototype.name': [ '1.1.8' ],
302 silly audit   'functions-have-names': [ '1.2.3' ],
302 silly audit   gauge: [ '3.0.2' ],
302 silly audit   'generator-function': [ '2.0.1' ],
302 silly audit   'get-caller-file': [ '2.0.5' ],
302 silly audit   'get-intrinsic': [ '1.3.0' ],
302 silly audit   'get-proto': [ '1.0.1' ],
302 silly audit   'get-symbol-description': [ '1.1.0' ],
302 silly audit   glob: [ '7.2.3' ],
302 silly audit   globals: [ '13.24.0' ],
302 silly audit   globalthis: [ '1.0.4' ],
302 silly audit   globby: [ '11.1.0' ],
302 silly audit   'google-protobuf': [ '3.21.4' ],
302 silly audit   gopd: [ '1.2.0' ],
302 silly audit   graphemer: [ '1.4.0' ],
302 silly audit   'has-bigints': [ '1.1.0' ],
302 silly audit   'has-flag': [ '4.0.0' ],
302 silly audit   'has-property-descriptors': [ '1.0.2' ],
302 silly audit   'has-proto': [ '1.2.0' ],
302 silly audit   'has-symbols': [ '1.1.0' ],
302 silly audit   'has-tostringtag': [ '1.0.2' ],
302 silly audit   'has-unicode': [ '2.0.1' ],
302 silly audit   hasown: [ '2.0.4' ],
302 silly audit   htmlparser2: [ '8.0.2' ],
302 silly audit   ignore: [ '5.3.2' ],
302 silly audit   'import-fresh': [ '3.3.1' ],
302 silly audit   imurmurhash: [ '0.1.4' ],
302 silly audit   inflight: [ '1.0.6' ],
302 silly audit   inherits: [ '2.0.4' ],
302 silly audit   'internal-slot': [ '1.1.0' ],
302 silly audit   'is-array-buffer': [ '3.0.5' ],
302 silly audit   'is-async-function': [ '2.1.1' ],
302 silly audit   'is-bigint': [ '1.1.0' ],
302 silly audit   'is-boolean-object': [ '1.2.2' ],
302 silly audit   'is-callable': [ '1.2.7' ],
302 silly audit   'is-core-module': [ '2.16.2' ],
302 silly audit   'is-data-view': [ '1.0.2' ],
302 silly audit   'is-date-object': [ '1.1.0' ],
302 silly audit   'is-extglob': [ '2.1.1' ],
302 silly audit   'is-finalizationregistry': [ '1.1.1' ],
302 silly audit   'is-fullwidth-code-point': [ '3.0.0' ],
302 silly audit   'is-generator-function': [ '1.1.2' ],
302 silly audit   'is-glob': [ '4.0.3' ],
302 silly audit   'is-map': [ '2.0.3' ],
302 silly audit   'is-negative-zero': [ '2.0.3' ],
302 silly audit   'is-number': [ '7.0.0' ],
302 silly audit   'is-number-object': [ '1.1.1' ],
302 silly audit   'is-path-inside': [ '3.0.3' ],
302 silly audit   'is-regex': [ '1.2.1' ],
302 silly audit   'is-set': [ '2.0.3' ],
302 silly audit   'is-shared-array-buffer': [ '1.0.4' ],
302 silly audit   'is-string': [ '1.1.1' ],
302 silly audit   'is-symbol': [ '1.1.1' ],
302 silly audit   'is-typed-array': [ '1.1.15' ],
302 silly audit   'is-weakmap': [ '2.0.2' ],
302 silly audit   'is-weakref': [ '1.1.1' ],
302 silly audit   'is-weakset': [ '2.0.4' ],
302 silly audit   isarray: [ '2.0.5' ],
302 silly audit   isexe: [ '2.0.0' ],
302 silly audit   'js-yaml': [ '4.2.0' ],
302 silly audit   'json-buffer': [ '3.0.1' ],
302 silly audit   'json-schema-traverse': [ '0.4.1' ],
302 silly audit   'json-stable-stringify-without-jsonify': [ '1.0.1' ],
302 silly audit   json5: [ '1.0.2' ],
302 silly audit   'jsonc-parser': [ '3.3.1' ],
302 silly audit   keyv: [ '4.5.4' ],
302 silly audit   levn: [ '0.4.1' ],
302 silly audit   'locate-path': [ '6.0.0' ],
302 silly audit   lodash: [ '4.18.1' ],
302 silly audit   'lodash.merge': [ '4.6.2' ],
302 silly audit   lunr: [ '2.3.9' ],
302 silly audit   'make-dir': [ '3.1.0' ],
302 silly audit   marked: [ '4.3.0' ],
302 silly audit   'math-intrinsics': [ '1.1.0' ],
302 silly audit   merge2: [ '1.4.1' ],
302 silly audit   micromatch: [ '4.0.8' ],
302 silly audit   'mime-db': [ '1.52.0', '1.54.0' ],
302 silly audit   'mime-types': [ '2.1.35', '3.0.2' ],
302 silly audit   minimist: [ '1.2.8' ],
302 silly audit   minizlib: [ '2.1.2' ],
302 silly audit   mkdirp: [ '1.0.4' ],
302 silly audit   ms: [ '2.1.3' ],
302 silly audit   'natural-compare': [ '1.4.0' ],
302 silly audit   'node-exports-info': [ '1.6.0' ],
302 silly audit   'node-fetch': [ '2.6.13' ],
302 silly audit   nopt: [ '5.0.0' ],
302 silly audit   npmlog: [ '5.0.1' ],
302 silly audit   'object-assign': [ '4.1.1' ],
302 silly audit   'object-inspect': [ '1.13.4' ],
302 silly audit   'object-keys': [ '1.1.1' ],
302 silly audit   'object.assign': [ '4.1.7' ],
302 silly audit   'object.entries': [ '1.1.9' ],
302 silly audit   'object.fromentries': [ '2.0.8' ],
302 silly audit   'object.groupby': [ '1.0.3' ],
302 silly audit   'object.values': [ '1.2.1' ],
302 silly audit   once: [ '1.4.0' ],
302 silly audit   optionator: [ '0.9.4' ],
302 silly audit   'own-keys': [ '1.0.1' ],
302 silly audit   'p-limit': [ '3.1.0' ],
302 silly audit   'p-locate': [ '5.0.0' ],
302 silly audit   'parent-module': [ '1.0.1' ],
302 silly audit   'path-exists': [ '4.0.0' ],
302 silly audit   'path-is-absolute': [ '1.0.1' ],
302 silly audit   'path-key': [ '3.1.1' ],
302 silly audit   'path-parse': [ '1.0.7' ],
302 silly audit   'path-type': [ '4.0.0' ],
302 silly audit   picomatch: [ '2.3.2' ],
302 silly audit   pipe2jpeg: [ '0.4.1' ],
302 silly audit   'possible-typed-array-names': [ '1.1.0' ],
302 silly audit   'prelude-ls': [ '1.2.1' ],
302 silly audit   progress: [ '2.0.3' ],
302 silly audit   punycode: [ '2.3.1' ],
302 silly audit   'queue-microtask': [ '1.2.3' ],
302 silly audit   'readable-stream': [ '3.6.2' ],
302 silly audit   'reflect.getprototypeof': [ '1.0.10' ],
302 silly audit   'regenerator-runtime': [ '0.13.11' ],
302 silly audit   'regexp.prototype.flags': [ '1.5.4' ],
302 silly audit   regexpp: [ '3.2.0' ],
302 silly audit   'require-directory': [ '2.1.1' ],
302 silly audit   'resolve-from': [ '4.0.0' ],
302 silly audit   reusify: [ '1.1.0' ],
302 silly audit   'run-parallel': [ '1.2.0' ],
302 silly audit   'safe-array-concat': [ '1.1.4' ],
302 silly audit   'safe-buffer': [ '5.2.1' ],
302 silly audit   'safe-push-apply': [ '1.0.0' ],
302 silly audit   'safe-regex-test': [ '1.1.0' ],
302 silly audit   seedrandom: [ '3.0.5' ],
302 silly audit   'set-blocking': [ '2.0.0' ],
302 silly audit   'set-function-length': [ '1.2.2' ],
302 silly audit   'set-function-name': [ '2.0.2' ],
302 silly audit   'set-proto': [ '1.0.0' ],
302 silly audit   'shebang-command': [ '2.0.0' ],
302 silly audit   'shebang-regex': [ '3.0.0' ],
302 silly audit   shiki: [ '0.14.7' ],
302 silly audit   'side-channel': [ '1.1.0' ],
302 silly audit   'side-channel-list': [ '1.0.1' ],
302 silly audit   'side-channel-map': [ '1.0.1' ],
302 silly audit   'side-channel-weakmap': [ '1.0.2' ],
302 silly audit   'signal-exit': [ '3.0.7' ],
302 silly audit   slash: [ '3.0.0' ],
302 silly audit   'sprintf-js': [ '1.0.3' ],
302 silly audit   'stop-iteration-iterator': [ '1.1.0' ],
302 silly audit   string_decoder: [ '1.3.0' ],
302 silly audit   'string-width': [ '4.2.3' ],
302 silly audit   'string.prototype.trim': [ '1.2.11' ],
302 silly audit   'string.prototype.trimend': [ '1.0.10' ],
302 silly audit   'string.prototype.trimstart': [ '1.0.8' ],
302 silly audit   'strip-ansi': [ '6.0.1' ],
302 silly audit   'strip-bom': [ '3.0.0' ],
302 silly audit   'strip-json-comments': [ '3.1.1' ],
302 silly audit   'supports-color': [ '7.2.0' ],
302 silly audit   'supports-preserve-symlinks-flag': [ '1.0.0' ],
302 silly audit   tar: [ '6.2.1' ],
302 silly audit   'text-table': [ '0.2.0' ],
302 silly audit   'to-regex-range': [ '5.0.1' ],
302 silly audit   tr46: [ '0.0.3' ],
302 silly audit   'ts-api-utils': [ '1.4.3' ],
302 silly audit   'tsconfig-paths': [ '3.15.0' ],
302 silly audit   tslib: [ '2.8.1' ],
302 silly audit   'type-check': [ '0.4.0' ],
302 silly audit   'type-fest': [ '0.20.2' ],
302 silly audit   'typed-array-buffer': [ '1.0.3' ],
302 silly audit   'typed-array-byte-length': [ '1.0.3' ],
302 silly audit   'typed-array-byte-offset': [ '1.0.4' ],
302 silly audit   'typed-array-length': [ '1.0.8' ],
302 silly audit   typedoc: [ '0.25.13' ],
302 silly audit   typescript: [ '5.3.3' ],
302 silly audit   'unbox-primitive': [ '1.1.0' ],
302 silly audit   'uri-js': [ '4.4.1' ],
302 silly audit   'util-deprecate': [ '1.0.2' ],
302 silly audit   'vscode-json-languageservice': [ '4.2.1' ],
302 silly audit   'vscode-languageserver-textdocument': [ '1.0.12' ],
302 silly audit   'vscode-languageserver-types': [ '3.18.0' ],
302 silly audit   'vscode-nls': [ '5.2.0' ],
302 silly audit   'vscode-oniguruma': [ '1.7.0' ],
302 silly audit   'vscode-textmate': [ '8.0.0' ],
302 silly audit   'vscode-uri': [ '3.1.0' ],
302 silly audit   'webidl-conversions': [ '3.0.1' ],
302 silly audit   'whatwg-url': [ '5.0.0' ],
302 silly audit   which: [ '2.0.2' ],
302 silly audit   'which-boxed-primitive': [ '1.1.1' ],
302 silly audit   'which-builtin-type': [ '1.2.1' ],
302 silly audit   'which-collection': [ '1.0.2' ],
302 silly audit   'which-typed-array': [ '1.1.22' ],
302 silly audit   'wide-align': [ '1.1.5' ],
302 silly audit   'word-wrap': [ '1.2.5' ],
302 silly audit   'wrap-ansi': [ '7.0.0' ],
302 silly audit   wrappy: [ '1.0.2' ],
302 silly audit   y18n: [ '5.0.8' ],
302 silly audit   yallist: [ '4.0.0' ],
302 silly audit   yargs: [ '16.2.0' ],
302 silly audit   'yargs-parser': [ '20.2.9' ],
302 silly audit   'yocto-queue': [ '0.1.0' ],
302 silly audit   cors: [ '2.8.6' ],
302 silly audit   express: [ '5.2.1' ],
302 silly audit   multer: [ '2.1.1' ],
302 silly audit   vary: [ '1.1.2' ],
302 silly audit   accepts: [ '2.0.0' ],
302 silly audit   'body-parser': [ '2.2.2' ],
302 silly audit   'content-disposition': [ '1.1.0' ],
302 silly audit   'content-type': [ '1.0.5', '2.0.0' ],
302 silly audit   cookie: [ '0.7.2' ],
302 silly audit   'cookie-signature': [ '1.2.2' ],
302 silly audit   depd: [ '2.0.0' ],
302 silly audit   encodeurl: [ '2.0.0' ],
302 silly audit   'escape-html': [ '1.0.3' ],
302 silly audit   etag: [ '1.8.1' ],
302 silly audit   finalhandler: [ '2.1.1' ],
302 silly audit   fresh: [ '2.0.0' ],
302 silly audit   'http-errors': [ '2.0.1' ],
302 silly audit   'merge-descriptors': [ '2.0.0' ],
302 silly audit   'on-finished': [ '2.4.1' ],
302 silly audit   parseurl: [ '1.3.3' ],
302 silly audit   'proxy-addr': [ '2.0.7' ],
302 silly audit   qs: [ '6.15.2' ],
302 silly audit   'range-parser': [ '1.2.1' ],
302 silly audit   router: [ '2.2.0' ],
302 silly audit   send: [ '1.2.1' ],
302 silly audit   'serve-static': [ '2.2.1' ],
302 silly audit   statuses: [ '2.0.2' ],
302 silly audit   'type-is': [ '2.1.0', '1.6.18' ],
302 silly audit   negotiator: [ '1.0.0' ],
302 silly audit   bytes: [ '3.1.2' ],
302 silly audit   'iconv-lite': [ '0.7.2' ],
302 silly audit   'raw-body': [ '3.0.2' ],
302 silly audit   setprototypeof: [ '1.2.0' ],
302 silly audit   toidentifier: [ '1.0.1' ],
302 silly audit   'safer-buffer': [ '2.1.2' ],
302 silly audit   'append-field': [ '1.0.0' ],
302 silly audit   busboy: [ '1.6.0' ],
302 silly audit   'concat-stream': [ '2.0.0' ],
302 silly audit   streamsearch: [ '1.1.0' ],
302 silly audit   'buffer-from': [ '1.1.2' ],
302 silly audit   typedarray: [ '0.0.6' ],
302 silly audit   'ee-first': [ '1.1.1' ],
302 silly audit   forwarded: [ '0.2.0' ],
302 silly audit   'ipaddr.js': [ '1.9.1' ],
302 silly audit   unpipe: [ '1.0.0' ],
302 silly audit   'is-promise': [ '4.0.0' ],
302 silly audit   'path-to-regexp': [ '8.4.2' ],
302 silly audit   'media-typer': [ '1.1.0', '0.3.0' ]
302 silly audit }
303 verbose reify failed optional dependency /Users/bipasasaha/Desktop/SAVEZO/nudenet-main/node_modules/@esbuild/win32-x64
304 silly reify mark deleted [
304 silly reify   '/Users/bipasasaha/Desktop/SAVEZO/nudenet-main/node_modules/@esbuild/win32-x64'
304 silly reify ]
305 verbose reify failed optional dependency /Users/bipasasaha/Desktop/SAVEZO/nudenet-main/node_modules/@esbuild/win32-ia32
306 silly reify mark deleted [
306 silly reify   '/Users/bipasasaha/Desktop/SAVEZO/nudenet-main/node_modules/@esbuild/win32-ia32'
306 silly reify ]
307 verbose reify failed optional dependency /Users/bipasasaha/Desktop/SAVEZO/nudenet-main/node_modules/@esbuild/win32-arm64
308 silly reify mark deleted [
308 silly reify   '/Users/bipasasaha/Desktop/SAVEZO/nudenet-main/node_modules/@esbuild/win32-arm64'
308 silly reify ]
309 verbose reify failed optional dependency /Users/bipasasaha/Desktop/SAVEZO/nudenet-main/node_modules/@esbuild/sunos-x64
310 silly reify mark deleted [
310 silly reify   '/Users/bipasasaha/Desktop/SAVEZO/nudenet-main/node_modules/@esbuild/sunos-x64'
310 silly reify ]
311 verbose reify failed optional dependency /Users/bipasasaha/Desktop/SAVEZO/nudenet-main/node_modules/@esbuild/openbsd-x64
312 silly reify mark deleted [
312 silly reify   '/Users/bipasasaha/Desktop/SAVEZO/nudenet-main/node_modules/@esbuild/openbsd-x64'
312 silly reify ]
313 verbose reify failed optional dependency /Users/bipasasaha/Desktop/SAVEZO/nudenet-main/node_modules/@esbuild/netbsd-x64
314 silly reify mark deleted [
314 silly reify   '/Users/bipasasaha/Desktop/SAVEZO/nudenet-main/node_modules/@esbuild/netbsd-x64'
314 silly reify ]
315 verbose reify failed optional dependency /Users/bipasasaha/Desktop/SAVEZO/nudenet-main/node_modules/@esbuild/linux-x64
316 silly reify mark deleted [
316 silly reify   '/Users/bipasasaha/Desktop/SAVEZO/nudenet-main/node_modules/@esbuild/linux-x64'
316 silly reify ]
317 verbose reify failed optional dependency /Users/bipasasaha/Desktop/SAVEZO/nudenet-main/node_modules/@esbuild/linux-s390x
318 silly reify mark deleted [
318 silly reify   '/Users/bipasasaha/Desktop/SAVEZO/nudenet-main/node_modules/@esbuild/linux-s390x'
318 silly reify ]
319 verbose reify failed optional dependency /Users/bipasasaha/Desktop/SAVEZO/nudenet-main/node_modules/@esbuild/linux-riscv64
320 silly reify mark deleted [
320 silly reify   '/Users/bipasasaha/Desktop/SAVEZO/nudenet-main/node_modules/@esbuild/linux-riscv64'
320 silly reify ]
321 verbose reify failed optional dependency /Users/bipasasaha/Desktop/SAVEZO/nudenet-main/node_modules/@esbuild/linux-ppc64
322 silly reify mark deleted [
322 silly reify   '/Users/bipasasaha/Desktop/SAVEZO/nudenet-main/node_modules/@esbuild/linux-ppc64'
322 silly reify ]
323 verbose reify failed optional dependency /Users/bipasasaha/Desktop/SAVEZO/nudenet-main/node_modules/@esbuild/linux-mips64el
324 silly reify mark deleted [
324 silly reify   '/Users/bipasasaha/Desktop/SAVEZO/nudenet-main/node_modules/@esbuild/linux-mips64el'
324 silly reify ]
325 verbose reify failed optional dependency /Users/bipasasaha/Desktop/SAVEZO/nudenet-main/node_modules/@esbuild/linux-loong64
326 silly reify mark deleted [
326 silly reify   '/Users/bipasasaha/Desktop/SAVEZO/nudenet-main/node_modules/@esbuild/linux-loong64'
326 silly reify ]
327 verbose reify failed optional dependency /Users/bipasasaha/Desktop/SAVEZO/nudenet-main/node_modules/@esbuild/linux-ia32
328 silly reify mark deleted [
328 silly reify   '/Users/bipasasaha/Desktop/SAVEZO/nudenet-main/node_modules/@esbuild/linux-ia32'
328 silly reify ]
329 verbose reify failed optional dependency /Users/bipasasaha/Desktop/SAVEZO/nudenet-main/node_modules/@esbuild/linux-arm64
330 silly reify mark deleted [
330 silly reify   '/Users/bipasasaha/Desktop/SAVEZO/nudenet-main/node_modules/@esbuild/linux-arm64'
330 silly reify ]
331 verbose reify failed optional dependency /Users/bipasasaha/Desktop/SAVEZO/nudenet-main/node_modules/@esbuild/linux-arm
332 silly reify mark deleted [
332 silly reify   '/Users/bipasasaha/Desktop/SAVEZO/nudenet-main/node_modules/@esbuild/linux-arm'
332 silly reify ]
333 verbose reify failed optional dependency /Users/bipasasaha/Desktop/SAVEZO/nudenet-main/node_modules/@esbuild/freebsd-x64
334 silly reify mark deleted [
334 silly reify   '/Users/bipasasaha/Desktop/SAVEZO/nudenet-main/node_modules/@esbuild/freebsd-x64'
334 silly reify ]
335 verbose reify failed optional dependency /Users/bipasasaha/Desktop/SAVEZO/nudenet-main/node_modules/@esbuild/freebsd-arm64
336 silly reify mark deleted [
336 silly reify   '/Users/bipasasaha/Desktop/SAVEZO/nudenet-main/node_modules/@esbuild/freebsd-arm64'
336 silly reify ]
337 verbose reify failed optional dependency /Users/bipasasaha/Desktop/SAVEZO/nudenet-main/node_modules/@esbuild/darwin-x64
338 silly reify mark deleted [
338 silly reify   '/Users/bipasasaha/Desktop/SAVEZO/nudenet-main/node_modules/@esbuild/darwin-x64'
338 silly reify ]
339 verbose reify failed optional dependency /Users/bipasasaha/Desktop/SAVEZO/nudenet-main/node_modules/@esbuild/android-x64
340 silly reify mark deleted [
340 silly reify   '/Users/bipasasaha/Desktop/SAVEZO/nudenet-main/node_modules/@esbuild/android-x64'
340 silly reify ]
341 verbose reify failed optional dependency /Users/bipasasaha/Desktop/SAVEZO/nudenet-main/node_modules/@esbuild/android-arm64
342 silly reify mark deleted [
342 silly reify   '/Users/bipasasaha/Desktop/SAVEZO/nudenet-main/node_modules/@esbuild/android-arm64'
342 silly reify ]
343 verbose reify failed optional dependency /Users/bipasasaha/Desktop/SAVEZO/nudenet-main/node_modules/@esbuild/android-arm
344 silly reify mark deleted [
344 silly reify   '/Users/bipasasaha/Desktop/SAVEZO/nudenet-main/node_modules/@esbuild/android-arm'
344 silly reify ]
345 verbose reify failed optional dependency /Users/bipasasaha/Desktop/SAVEZO/nudenet-main/node_modules/@esbuild/aix-ppc64
346 silly reify mark deleted [
346 silly reify   '/Users/bipasasaha/Desktop/SAVEZO/nudenet-main/node_modules/@esbuild/aix-ppc64'
346 silly reify ]
347 http cache path-to-regexp@https://registry.npmjs.org/path-to-regexp/-/path-to-regexp-8.4.2.tgz 0ms (cache hit)
348 http cache ipaddr.js@https://registry.npmjs.org/ipaddr.js/-/ipaddr.js-1.9.1.tgz 0ms (cache hit)
349 http cache buffer-from@https://registry.npmjs.org/buffer-from/-/buffer-from-1.1.2.tgz 0ms (cache hit)
350 http cache unpipe@https://registry.npmjs.org/unpipe/-/unpipe-1.0.0.tgz 0ms (cache hit)
351 http cache typedarray@https://registry.npmjs.org/typedarray/-/typedarray-0.0.6.tgz 0ms (cache hit)
352 http cache ee-first@https://registry.npmjs.org/ee-first/-/ee-first-1.1.1.tgz 0ms (cache hit)
353 http cache is-promise@https://registry.npmjs.org/is-promise/-/is-promise-4.0.0.tgz 0ms (cache hit)
354 http cache forwarded@https://registry.npmjs.org/forwarded/-/forwarded-0.2.0.tgz 0ms (cache hit)
355 http cache streamsearch@https://registry.npmjs.org/streamsearch/-/streamsearch-1.1.0.tgz 0ms (cache hit)
356 http cache busboy@https://registry.npmjs.org/busboy/-/busboy-1.6.0.tgz 0ms (cache hit)
357 http cache toidentifier@https://registry.npmjs.org/toidentifier/-/toidentifier-1.0.1.tgz 0ms (cache hit)
358 http cache append-field@https://registry.npmjs.org/append-field/-/append-field-1.0.0.tgz 0ms (cache hit)
359 http cache concat-stream@https://registry.npmjs.org/concat-stream/-/concat-stream-2.0.0.tgz 0ms (cache hit)
360 http cache media-typer@https://registry.npmjs.org/media-typer/-/media-typer-1.1.0.tgz 0ms (cache hit)
361 http cache setprototypeof@https://registry.npmjs.org/setprototypeof/-/setprototypeof-1.2.0.tgz 0ms (cache hit)
362 http cache raw-body@https://registry.npmjs.org/raw-body/-/raw-body-3.0.2.tgz 0ms (cache hit)
363 http cache safer-buffer@https://registry.npmjs.org/safer-buffer/-/safer-buffer-2.1.2.tgz 0ms (cache hit)
364 http cache type-is@https://registry.npmjs.org/type-is/-/type-is-2.1.0.tgz 0ms (cache hit)
365 http cache negotiator@https://registry.npmjs.org/negotiator/-/negotiator-1.0.0.tgz 0ms (cache hit)
366 http cache serve-static@https://registry.npmjs.org/serve-static/-/serve-static-2.2.1.tgz 0ms (cache hit)
367 http cache send@https://registry.npmjs.org/send/-/send-1.2.1.tgz 0ms (cache hit)
368 http cache iconv-lite@https://registry.npmjs.org/iconv-lite/-/iconv-lite-0.7.2.tgz 0ms (cache hit)
369 http cache router@https://registry.npmjs.org/router/-/router-2.2.0.tgz 0ms (cache hit)
370 http cache proxy-addr@https://registry.npmjs.org/proxy-addr/-/proxy-addr-2.0.7.tgz 0ms (cache hit)
371 http cache qs@https://registry.npmjs.org/qs/-/qs-6.15.2.tgz 0ms (cache hit)
372 http cache http-errors@https://registry.npmjs.org/http-errors/-/http-errors-2.0.1.tgz 0ms (cache hit)
373 http cache on-finished@https://registry.npmjs.org/on-finished/-/on-finished-2.4.1.tgz 0ms (cache hit)
374 http cache etag@https://registry.npmjs.org/etag/-/etag-1.8.1.tgz 0ms (cache hit)
375 http cache statuses@https://registry.npmjs.org/statuses/-/statuses-2.0.2.tgz 0ms (cache hit)
376 http cache escape-html@https://registry.npmjs.org/escape-html/-/escape-html-1.0.3.tgz 0ms (cache hit)
377 http cache range-parser@https://registry.npmjs.org/range-parser/-/range-parser-1.2.1.tgz 0ms (cache hit)
378 http cache fresh@https://registry.npmjs.org/fresh/-/fresh-2.0.0.tgz 0ms (cache hit)
379 http cache finalhandler@https://registry.npmjs.org/finalhandler/-/finalhandler-2.1.1.tgz 0ms (cache hit)
380 http cache parseurl@https://registry.npmjs.org/parseurl/-/parseurl-1.3.3.tgz 0ms (cache hit)
381 http cache content-disposition@https://registry.npmjs.org/content-disposition/-/content-disposition-1.1.0.tgz 0ms (cache hit)
382 http cache encodeurl@https://registry.npmjs.org/encodeurl/-/encodeurl-2.0.0.tgz 0ms (cache hit)
383 http cache depd@https://registry.npmjs.org/depd/-/depd-2.0.0.tgz 0ms (cache hit)
384 http cache merge-descriptors@https://registry.npmjs.org/merge-descriptors/-/merge-descriptors-2.0.0.tgz 0ms (cache hit)
385 http cache content-type@https://registry.npmjs.org/content-type/-/content-type-1.0.5.tgz 0ms (cache hit)
386 http cache vary@https://registry.npmjs.org/vary/-/vary-1.1.2.tgz 0ms (cache hit)
387 http cache multer@https://registry.npmjs.org/multer/-/multer-2.1.1.tgz 0ms (cache hit)
388 http cache express@https://registry.npmjs.org/express/-/express-5.2.1.tgz 0ms (cache hit)
389 http cache body-parser@https://registry.npmjs.org/body-parser/-/body-parser-2.2.2.tgz 0ms (cache hit)
390 http cache cookie-signature@https://registry.npmjs.org/cookie-signature/-/cookie-signature-1.2.2.tgz 0ms (cache hit)
391 http cache cors@https://registry.npmjs.org/cors/-/cors-2.8.6.tgz 0ms (cache hit)
392 http cache content-type@https://registry.npmjs.org/content-type/-/content-type-2.0.0.tgz 0ms (cache hit)
393 http cache mime-types@https://registry.npmjs.org/mime-types/-/mime-types-3.0.2.tgz 0ms (cache hit)
394 http cache mime-db@https://registry.npmjs.org/mime-db/-/mime-db-1.54.0.tgz 0ms (cache hit)
395 http cache bytes@https://registry.npmjs.org/bytes/-/bytes-3.1.2.tgz 0ms (cache hit)
396 http cache cookie@https://registry.npmjs.org/cookie/-/cookie-0.7.2.tgz 0ms (cache hit)
397 http cache mime-types@https://registry.npmjs.org/mime-types/-/mime-types-3.0.2.tgz 0ms (cache hit)
398 http cache mime-types@https://registry.npmjs.org/mime-types/-/mime-types-3.0.2.tgz 0ms (cache hit)
399 http cache mime-db@https://registry.npmjs.org/mime-db/-/mime-db-1.54.0.tgz 0ms (cache hit)
400 http cache mime-db@https://registry.npmjs.org/mime-db/-/mime-db-1.54.0.tgz 0ms (cache hit)
401 http cache accepts@https://registry.npmjs.org/accepts/-/accepts-2.0.0.tgz 0ms (cache hit)
402 http cache media-typer@https://registry.npmjs.org/media-typer/-/media-typer-0.3.0.tgz 0ms (cache hit)
403 http cache mime-db@https://registry.npmjs.org/mime-db/-/mime-db-1.54.0.tgz 0ms (cache hit)
404 http cache type-is@https://registry.npmjs.org/type-is/-/type-is-1.6.18.tgz 0ms (cache hit)
405 silly tarball no local data for path-to-regexp@https://registry.npmjs.org/path-to-regexp/-/path-to-regexp-8.4.2.tgz. Extracting by manifest.
406 silly tarball no local data for ipaddr.js@https://registry.npmjs.org/ipaddr.js/-/ipaddr.js-1.9.1.tgz. Extracting by manifest.
407 silly tarball no local data for buffer-from@https://registry.npmjs.org/buffer-from/-/buffer-from-1.1.2.tgz. Extracting by manifest.
408 silly tarball no local data for unpipe@https://registry.npmjs.org/unpipe/-/unpipe-1.0.0.tgz. Extracting by manifest.
409 silly tarball no local data for typedarray@https://registry.npmjs.org/typedarray/-/typedarray-0.0.6.tgz. Extracting by manifest.
410 silly tarball no local data for ee-first@https://registry.npmjs.org/ee-first/-/ee-first-1.1.1.tgz. Extracting by manifest.
411 silly tarball no local data for is-promise@https://registry.npmjs.org/is-promise/-/is-promise-4.0.0.tgz. Extracting by manifest.
412 silly tarball no local data for forwarded@https://registry.npmjs.org/forwarded/-/forwarded-0.2.0.tgz. Extracting by manifest.
413 silly tarball no local data for streamsearch@https://registry.npmjs.org/streamsearch/-/streamsearch-1.1.0.tgz. Extracting by manifest.
414 silly tarball no local data for busboy@https://registry.npmjs.org/busboy/-/busboy-1.6.0.tgz. Extracting by manifest.
415 http cache mime-types@https://registry.npmjs.org/mime-types/-/mime-types-3.0.2.tgz 0ms (cache hit)
416 silly tarball no local data for toidentifier@https://registry.npmjs.org/toidentifier/-/toidentifier-1.0.1.tgz. Extracting by manifest.
417 silly tarball no local data for append-field@https://registry.npmjs.org/append-field/-/append-field-1.0.0.tgz. Extracting by manifest.
418 silly tarball no local data for concat-stream@https://registry.npmjs.org/concat-stream/-/concat-stream-2.0.0.tgz. Extracting by manifest.
419 silly tarball no local data for media-typer@https://registry.npmjs.org/media-typer/-/media-typer-1.1.0.tgz. Extracting by manifest.
420 silly tarball no local data for setprototypeof@https://registry.npmjs.org/setprototypeof/-/setprototypeof-1.2.0.tgz. Extracting by manifest.
421 silly tarball no local data for raw-body@https://registry.npmjs.org/raw-body/-/raw-body-3.0.2.tgz. Extracting by manifest.
422 silly tarball no local data for safer-buffer@https://registry.npmjs.org/safer-buffer/-/safer-buffer-2.1.2.tgz. Extracting by manifest.
423 silly tarball no local data for type-is@https://registry.npmjs.org/type-is/-/type-is-2.1.0.tgz. Extracting by manifest.
424 silly tarball no local data for negotiator@https://registry.npmjs.org/negotiator/-/negotiator-1.0.0.tgz. Extracting by manifest.
425 silly tarball no local data for serve-static@https://registry.npmjs.org/serve-static/-/serve-static-2.2.1.tgz. Extracting by manifest.
426 silly tarball no local data for send@https://registry.npmjs.org/send/-/send-1.2.1.tgz. Extracting by manifest.
427 silly tarball no local data for iconv-lite@https://registry.npmjs.org/iconv-lite/-/iconv-lite-0.7.2.tgz. Extracting by manifest.
428 silly tarball no local data for router@https://registry.npmjs.org/router/-/router-2.2.0.tgz. Extracting by manifest.
429 silly tarball no local data for proxy-addr@https://registry.npmjs.org/proxy-addr/-/proxy-addr-2.0.7.tgz. Extracting by manifest.
430 silly tarball no local data for qs@https://registry.npmjs.org/qs/-/qs-6.15.2.tgz. Extracting by manifest.
431 silly tarball no local data for http-errors@https://registry.npmjs.org/http-errors/-/http-errors-2.0.1.tgz. Extracting by manifest.
432 silly tarball no local data for on-finished@https://registry.npmjs.org/on-finished/-/on-finished-2.4.1.tgz. Extracting by manifest.
433 silly tarball no local data for etag@https://registry.npmjs.org/etag/-/etag-1.8.1.tgz. Extracting by manifest.
434 silly tarball no local data for statuses@https://registry.npmjs.org/statuses/-/statuses-2.0.2.tgz. Extracting by manifest.
435 silly tarball no local data for escape-html@https://registry.npmjs.org/escape-html/-/escape-html-1.0.3.tgz. Extracting by manifest.
436 silly tarball no local data for range-parser@https://registry.npmjs.org/range-parser/-/range-parser-1.2.1.tgz. Extracting by manifest.
437 silly tarball no local data for fresh@https://registry.npmjs.org/fresh/-/fresh-2.0.0.tgz. Extracting by manifest.
438 silly tarball no local data for finalhandler@https://registry.npmjs.org/finalhandler/-/finalhandler-2.1.1.tgz. Extracting by manifest.
439 silly tarball no local data for parseurl@https://registry.npmjs.org/parseurl/-/parseurl-1.3.3.tgz. Extracting by manifest.
440 silly tarball no local data for content-disposition@https://registry.npmjs.org/content-disposition/-/content-disposition-1.1.0.tgz. Extracting by manifest.
441 silly tarball no local data for encodeurl@https://registry.npmjs.org/encodeurl/-/encodeurl-2.0.0.tgz. Extracting by manifest.
442 silly tarball no local data for depd@https://registry.npmjs.org/depd/-/depd-2.0.0.tgz. Extracting by manifest.
443 silly tarball no local data for merge-descriptors@https://registry.npmjs.org/merge-descriptors/-/merge-descriptors-2.0.0.tgz. Extracting by manifest.
444 silly tarball no local data for content-type@https://registry.npmjs.org/content-type/-/content-type-1.0.5.tgz. Extracting by manifest.
445 silly tarball no local data for vary@https://registry.npmjs.org/vary/-/vary-1.1.2.tgz. Extracting by manifest.
446 silly tarball no local data for multer@https://registry.npmjs.org/multer/-/multer-2.1.1.tgz. Extracting by manifest.
447 silly tarball no local data for express@https://registry.npmjs.org/express/-/express-5.2.1.tgz. Extracting by manifest.
448 silly tarball no local data for body-parser@https://registry.npmjs.org/body-parser/-/body-parser-2.2.2.tgz. Extracting by manifest.
449 silly tarball no local data for cookie-signature@https://registry.npmjs.org/cookie-signature/-/cookie-signature-1.2.2.tgz. Extracting by manifest.
450 silly tarball no local data for cors@https://registry.npmjs.org/cors/-/cors-2.8.6.tgz. Extracting by manifest.
451 silly tarball no local data for content-type@https://registry.npmjs.org/content-type/-/content-type-2.0.0.tgz. Extracting by manifest.
452 silly tarball no local data for mime-types@https://registry.npmjs.org/mime-types/-/mime-types-3.0.2.tgz. Extracting by manifest.
453 silly tarball no local data for mime-db@https://registry.npmjs.org/mime-db/-/mime-db-1.54.0.tgz. Extracting by manifest.
454 silly tarball no local data for bytes@https://registry.npmjs.org/bytes/-/bytes-3.1.2.tgz. Extracting by manifest.
455 silly tarball no local data for cookie@https://registry.npmjs.org/cookie/-/cookie-0.7.2.tgz. Extracting by manifest.
456 silly tarball no local data for mime-types@https://registry.npmjs.org/mime-types/-/mime-types-3.0.2.tgz. Extracting by manifest.
457 silly tarball no local data for mime-types@https://registry.npmjs.org/mime-types/-/mime-types-3.0.2.tgz. Extracting by manifest.
458 silly tarball no local data for mime-db@https://registry.npmjs.org/mime-db/-/mime-db-1.54.0.tgz. Extracting by manifest.
459 silly tarball no local data for mime-db@https://registry.npmjs.org/mime-db/-/mime-db-1.54.0.tgz. Extracting by manifest.
460 silly tarball no local data for accepts@https://registry.npmjs.org/accepts/-/accepts-2.0.0.tgz. Extracting by manifest.
461 silly tarball no local data for media-typer@https://registry.npmjs.org/media-typer/-/media-typer-0.3.0.tgz. Extracting by manifest.
462 silly tarball no local data for mime-db@https://registry.npmjs.org/mime-db/-/mime-db-1.54.0.tgz. Extracting by manifest.
463 silly tarball no local data for type-is@https://registry.npmjs.org/type-is/-/type-is-1.6.18.tgz. Extracting by manifest.
464 silly tarball no local data for mime-types@https://registry.npmjs.org/mime-types/-/mime-types-3.0.2.tgz. Extracting by manifest.
465 http fetch GET 200 https://registry.npmjs.org/buffer-from/-/buffer-from-1.1.2.tgz 121ms (cache miss)
466 http fetch GET 200 https://registry.npmjs.org/is-promise/-/is-promise-4.0.0.tgz 120ms (cache miss)
467 http fetch GET 200 https://registry.npmjs.org/unpipe/-/unpipe-1.0.0.tgz 120ms (cache miss)
468 http fetch GET 200 https://registry.npmjs.org/ipaddr.js/-/ipaddr.js-1.9.1.tgz 130ms (cache miss)
469 http fetch GET 200 https://registry.npmjs.org/ee-first/-/ee-first-1.1.1.tgz 130ms (cache miss)
470 http fetch GET 200 https://registry.npmjs.org/forwarded/-/forwarded-0.2.0.tgz 131ms (cache miss)
471 http fetch GET 200 https://registry.npmjs.org/typedarray/-/typedarray-0.0.6.tgz 131ms (cache miss)
472 http fetch GET 200 https://registry.npmjs.org/path-to-regexp/-/path-to-regexp-8.4.2.tgz 133ms (cache miss)
473 http fetch GET 200 https://registry.npmjs.org/setprototypeof/-/setprototypeof-1.2.0.tgz 216ms (cache miss)
474 http fetch GET 200 https://registry.npmjs.org/raw-body/-/raw-body-3.0.2.tgz 222ms (cache miss)
475 http fetch GET 200 https://registry.npmjs.org/serve-static/-/serve-static-2.2.1.tgz 222ms (cache miss)
476 http fetch GET 200 https://registry.npmjs.org/type-is/-/type-is-2.1.0.tgz 225ms (cache miss)
477 http fetch GET 200 https://registry.npmjs.org/send/-/send-1.2.1.tgz 257ms (cache miss)
478 http fetch GET 200 https://registry.npmjs.org/safer-buffer/-/safer-buffer-2.1.2.tgz 258ms (cache miss)
479 http fetch GET 200 https://registry.npmjs.org/negotiator/-/negotiator-1.0.0.tgz 258ms (cache miss)
480 http fetch GET 200 https://registry.npmjs.org/proxy-addr/-/proxy-addr-2.0.7.tgz 341ms (cache miss)
481 http fetch GET 200 https://registry.npmjs.org/on-finished/-/on-finished-2.4.1.tgz 341ms (cache miss)
482 http fetch GET 200 https://registry.npmjs.org/http-errors/-/http-errors-2.0.1.tgz 341ms (cache miss)
483 http fetch GET 200 https://registry.npmjs.org/etag/-/etag-1.8.1.tgz 342ms (cache miss)
484 http fetch GET 200 https://registry.npmjs.org/router/-/router-2.2.0.tgz 342ms (cache miss)
485 http fetch GET 200 https://registry.npmjs.org/iconv-lite/-/iconv-lite-0.7.2.tgz 344ms (cache miss)
486 http fetch GET 200 https://registry.npmjs.org/qs/-/qs-6.15.2.tgz 351ms (cache miss)
487 http fetch GET 200 https://registry.npmjs.org/statuses/-/statuses-2.0.2.tgz 353ms (cache miss)
488 http fetch GET 200 https://registry.npmjs.org/append-field/-/append-field-1.0.0.tgz 354ms (cache miss)
489 http fetch GET 200 https://registry.npmjs.org/concat-stream/-/concat-stream-2.0.0.tgz 355ms (cache miss)
490 http fetch GET 200 https://registry.npmjs.org/streamsearch/-/streamsearch-1.1.0.tgz 356ms (cache miss)
491 http fetch GET 200 https://registry.npmjs.org/toidentifier/-/toidentifier-1.0.1.tgz 357ms (cache miss)
492 http fetch GET 200 https://registry.npmjs.org/media-typer/-/media-typer-1.1.0.tgz 358ms (cache miss)
493 http fetch GET 200 https://registry.npmjs.org/busboy/-/busboy-1.6.0.tgz 359ms (cache miss)
494 http fetch POST 200 https://registry.npmjs.org/-/npm/v1/security/advisories/bulk 390ms
495 silly audit report {
495 silly audit report   minimatch: [
495 silly audit report     {
495 silly audit report       id: 1113465,
495 silly audit report       url: 'https://github.com/advisories/GHSA-3ppc-4f35-3m26',
495 silly audit report       title: 'minimatch has a ReDoS via repeated wildcards with non-matching literal in pattern',
495 silly audit report       severity: 'high',
495 silly audit report       vulnerable_versions: '>=9.0.0 <9.0.6',
495 silly audit report       cwe: [Array],
495 silly audit report       cvss: [Object]
495 silly audit report     },
495 silly audit report     {
495 silly audit report       id: 1113544,
495 silly audit report       url: 'https://github.com/advisories/GHSA-7r86-cg39-jmmj',
495 silly audit report       title: 'minimatch has ReDoS: matchOne() combinatorial backtracking via multiple non-adjacent GLOBSTAR segments',
495 silly audit report       severity: 'high',
495 silly audit report       vulnerable_versions: '>=9.0.0 <9.0.7',
495 silly audit report       cwe: [Array],
495 silly audit report       cvss: [Object]
495 silly audit report     },
495 silly audit report     {
495 silly audit report       id: 1113552,
495 silly audit report       url: 'https://github.com/advisories/GHSA-23c5-xmqv-rm74',
495 silly audit report       title: 'minimatch ReDoS: nested *() extglobs generate catastrophically backtracking regular expressions',
495 silly audit report       severity: 'high',
495 silly audit report       vulnerable_versions: '>=9.0.0 <9.0.7',
495 silly audit report       cwe: [Array],
495 silly audit report       cvss: [Object]
495 silly audit report     }
495 silly audit report   ],
495 silly audit report   esbuild: [
495 silly audit report     {
495 silly audit report       id: 1102341,
495 silly audit report       url: 'https://github.com/advisories/GHSA-67mh-4wv8-2f99',
495 silly audit report       title: 'esbuild enables any website to send any requests to the development server and read the response',
495 silly audit report       severity: 'moderate',
495 silly audit report       vulnerable_versions: '<=0.24.2',
495 silly audit report       cwe: [Array],
495 silly audit report       cvss: [Object]
495 silly audit report     }
495 silly audit report   ],
495 silly audit report   tar: [
495 silly audit report     {
495 silly audit report       id: 1112659,
495 silly audit report       url: 'https://github.com/advisories/GHSA-34x7-hfp2-rc4v',
495 silly audit report       title: 'node-tar Vulnerable to Arbitrary File Creation/Overwrite via Hardlink Path Traversal',
495 silly audit report       severity: 'high',
495 silly audit report       vulnerable_versions: '<7.5.7',
495 silly audit report       cwe: [Array],
495 silly audit report       cvss: [Object]
495 silly audit report     },
495 silly audit report     {
495 silly audit report       id: 1113300,
495 silly audit report       url: 'https://github.com/advisories/GHSA-8qq5-rm4j-mr97',
495 silly audit report       title: 'node-tar is Vulnerable to Arbitrary File Overwrite and Symlink Poisoning via Insufficient Path Sanitization',
495 silly audit report       severity: 'high',
495 silly audit report       vulnerable_versions: '<=7.5.2',
495 silly audit report       cwe: [Array],
495 silly audit report       cvss: [Object]
495 silly audit report     },
495 silly audit report     {
495 silly audit report       id: 1113375,
495 silly audit report       url: 'https://github.com/advisories/GHSA-83g3-92jg-28cx',
495 silly audit report       title: 'Arbitrary File Read/Write via Hardlink Target Escape Through Symlink Chain in node-tar Extraction',
495 silly audit report       severity: 'high',
495 silly audit report       vulnerable_versions: '<7.5.8',
495 silly audit report       cwe: [Array],
495 silly audit report       cvss: [Object]
495 silly audit report     },
495 silly audit report     {
495 silly audit report       id: 1114200,
495 silly audit report       url: 'https://github.com/advisories/GHSA-qffp-2rhf-9h96',
495 silly audit report       title: 'tar has Hardlink Path Traversal via Drive-Relative Linkpath',
495 silly audit report       severity: 'high',
495 silly audit report       vulnerable_versions: '<=7.5.9',
495 silly audit report       cwe: [Array],
495 silly audit report       cvss: [Object]
495 silly audit report     },
495 silly audit report     {
495 silly audit report       id: 1114302,
495 silly audit report       url: 'https://github.com/advisories/GHSA-9ppj-qmqm-q256',
495 silly audit report       title: 'node-tar Symlink Path Traversal via Drive-Relative Linkpath',
495 silly audit report       severity: 'high',
495 silly audit report       vulnerable_versions: '<=7.5.10',
495 silly audit report       cwe: [Array],
495 silly audit report       cvss: [Object]
495 silly audit report     },
495 silly audit report     {
495 silly audit report       id: 1114680,
495 silly audit report       url: 'https://github.com/advisories/GHSA-r6q2-hw4h-h46w',
495 silly audit report       title: 'Race Condition in node-tar Path Reservations via Unicode Ligature Collisions on macOS APFS',
495 silly audit report       severity: 'high',
495 silly audit report       vulnerable_versions: '<=7.5.3',
495 silly audit report       cwe: [Array],
495 silly audit report       cvss: [Object]
495 silly audit report     }
495 silly audit report   ]
495 silly audit report }
496 silly packumentCache corgi:https://registry.npmjs.org/minimatch cache-miss
497 silly packumentCache corgi:https://registry.npmjs.org/esbuild cache-miss
498 silly packumentCache corgi:https://registry.npmjs.org/tar cache-miss
499 http cache https://registry.npmjs.org/minimatch 4ms (cache hit)
500 silly packumentCache corgi:https://registry.npmjs.org/minimatch set size:168441 disposed:false
501 http cache https://registry.npmjs.org/tar 5ms (cache hit)
502 silly packumentCache corgi:https://registry.npmjs.org/tar set size:202125 disposed:false
503 http cache https://registry.npmjs.org/esbuild 7ms (cache hit)
504 silly packumentCache corgi:https://registry.npmjs.org/esbuild set size:885757 disposed:false
505 silly packumentCache corgi:https://registry.npmjs.org/@typescript-eslint%2ftypescript-estree cache-miss
506 silly packumentCache corgi:https://registry.npmjs.org/typedoc cache-miss
507 http cache https://registry.npmjs.org/typedoc 3ms (cache hit)
508 silly packumentCache corgi:https://registry.npmjs.org/typedoc set size:632602 disposed:false
509 http cache https://registry.npmjs.org/@typescript-eslint%2ftypescript-estree 11ms (cache hit)
510 silly packumentCache corgi:https://registry.npmjs.org/@typescript-eslint%2ftypescript-estree set size:8703381 disposed:false
511 silly packumentCache corgi:https://registry.npmjs.org/@vladmandic%2fbuild cache-miss
512 http cache https://registry.npmjs.org/@vladmandic%2fbuild 2ms (cache hit)
513 silly packumentCache corgi:https://registry.npmjs.org/@vladmandic%2fbuild set size:73487 disposed:false
514 silly packumentCache corgi:https://registry.npmjs.org/@mapbox%2fnode-pre-gyp cache-miss
515 silly packumentCache corgi:https://registry.npmjs.org/@tensorflow%2ftfjs-node cache-miss
516 http cache https://registry.npmjs.org/@tensorflow%2ftfjs-node 2ms (cache hit)
517 silly packumentCache corgi:https://registry.npmjs.org/@tensorflow%2ftfjs-node set size:259740 disposed:false
518 http cache https://registry.npmjs.org/@mapbox%2fnode-pre-gyp 3ms (cache hit)
519 silly packumentCache corgi:https://registry.npmjs.org/@mapbox%2fnode-pre-gyp set size:47144 disposed:false
520 silly packumentCache corgi:https://registry.npmjs.org/@typescript-eslint%2fparser cache-miss
521 silly packumentCache corgi:https://registry.npmjs.org/@typescript-eslint%2ftype-utils cache-miss
522 silly packumentCache corgi:https://registry.npmjs.org/@typescript-eslint%2futils cache-miss
523 http cache https://registry.npmjs.org/@typescript-eslint%2fparser 15ms (cache hit)
524 silly packumentCache corgi:https://registry.npmjs.org/@typescript-eslint%2fparser set size:8086934 disposed:false
525 http cache https://registry.npmjs.org/@typescript-eslint%2ftype-utils 77ms (cache hit)
526 silly packumentCache corgi:https://registry.npmjs.org/@typescript-eslint%2ftype-utils set size:4710244 disposed:false
527 http cache https://registry.npmjs.org/@typescript-eslint%2futils 103ms (cache hit)
528 silly packumentCache corgi:https://registry.npmjs.org/@typescript-eslint%2futils set size:4705909 disposed:false
529 silly packumentCache corgi:https://registry.npmjs.org/@typescript-eslint%2feslint-plugin cache-miss
530 http fetch GET 200 https://registry.npmjs.org/escape-html/-/escape-html-1.0.3.tgz 615ms (cache miss)
531 http fetch GET 200 https://registry.npmjs.org/range-parser/-/range-parser-1.2.1.tgz 615ms (cache miss)
532 http fetch GET 200 https://registry.npmjs.org/fresh/-/fresh-2.0.0.tgz 616ms (cache miss)
533 http cache https://registry.npmjs.org/@typescript-eslint%2feslint-plugin 19ms (cache hit)
534 silly packumentCache corgi:https://registry.npmjs.org/@typescript-eslint%2feslint-plugin set size:9635514 disposed:false
535 http fetch GET 200 https://registry.npmjs.org/finalhandler/-/finalhandler-2.1.1.tgz 688ms (cache miss)
536 http fetch GET 200 https://registry.npmjs.org/content-disposition/-/content-disposition-1.1.0.tgz 689ms (cache miss)
537 http fetch GET 200 https://registry.npmjs.org/cookie-signature/-/cookie-signature-1.2.2.tgz 688ms (cache miss)
538 http fetch GET 200 https://registry.npmjs.org/multer/-/multer-2.1.1.tgz 736ms (cache miss)
539 http fetch GET 200 https://registry.npmjs.org/depd/-/depd-2.0.0.tgz 739ms (cache miss)
540 http fetch GET 200 https://registry.npmjs.org/merge-descriptors/-/merge-descriptors-2.0.0.tgz 740ms (cache miss)
541 http fetch GET 200 https://registry.npmjs.org/encodeurl/-/encodeurl-2.0.0.tgz 740ms (cache miss)
542 http fetch GET 200 https://registry.npmjs.org/content-type/-/content-type-1.0.5.tgz 739ms (cache miss)
543 http fetch GET 200 https://registry.npmjs.org/parseurl/-/parseurl-1.3.3.tgz 741ms (cache miss)
544 http fetch GET 200 https://registry.npmjs.org/vary/-/vary-1.1.2.tgz 741ms (cache miss)
545 http fetch GET 200 https://registry.npmjs.org/cors/-/cors-2.8.6.tgz 749ms (cache miss)
546 http fetch GET 200 https://registry.npmjs.org/mime-types/-/mime-types-3.0.2.tgz 750ms (cache miss)
547 http fetch GET 200 https://registry.npmjs.org/content-type/-/content-type-2.0.0.tgz 750ms (cache miss)
548 http fetch GET 200 https://registry.npmjs.org/cookie/-/cookie-0.7.2.tgz 750ms (cache miss)
549 http fetch GET 200 https://registry.npmjs.org/mime-types/-/mime-types-3.0.2.tgz 750ms (cache miss)
550 http fetch GET 200 https://registry.npmjs.org/mime-db/-/mime-db-1.54.0.tgz 750ms (cache miss)
551 http fetch GET 200 https://registry.npmjs.org/body-parser/-/body-parser-2.2.2.tgz 750ms (cache miss)
552 http fetch GET 200 https://registry.npmjs.org/bytes/-/bytes-3.1.2.tgz 750ms (cache miss)
553 http fetch GET 200 https://registry.npmjs.org/express/-/express-5.2.1.tgz 751ms (cache miss)
554 http fetch GET 200 https://registry.npmjs.org/media-typer/-/media-typer-0.3.0.tgz 787ms (cache miss)
555 http fetch GET 200 https://registry.npmjs.org/mime-types/-/mime-types-3.0.2.tgz 785ms (cache miss)
556 http fetch GET 200 https://registry.npmjs.org/accepts/-/accepts-2.0.0.tgz 788ms (cache miss)
557 http fetch GET 200 https://registry.npmjs.org/type-is/-/type-is-1.6.18.tgz 789ms (cache miss)
558 http fetch GET 200 https://registry.npmjs.org/mime-types/-/mime-types-3.0.2.tgz 789ms (cache miss)
559 http fetch GET 200 https://registry.npmjs.org/mime-db/-/mime-db-1.54.0.tgz 791ms (cache miss)
560 http fetch GET 200 https://registry.npmjs.org/mime-db/-/mime-db-1.54.0.tgz 791ms (cache miss)
561 http fetch GET 200 https://registry.npmjs.org/mime-db/-/mime-db-1.54.0.tgz 791ms (cache miss)
562 silly ADD node_modules/media-typer
563 silly ADD node_modules/path-to-regexp
564 silly ADD node_modules/is-promise
565 silly ADD node_modules/unpipe
566 silly ADD node_modules/ipaddr.js
567 silly ADD node_modules/forwarded
568 silly ADD node_modules/ee-first
569 silly ADD node_modules/typedarray
570 silly ADD node_modules/buffer-from
571 silly ADD node_modules/streamsearch
572 silly ADD node_modules/concat-stream
573 silly ADD node_modules/busboy
574 silly ADD node_modules/append-field
575 silly ADD node_modules/safer-buffer
576 silly ADD node_modules/toidentifier
577 silly ADD node_modules/setprototypeof
578 silly ADD node_modules/raw-body
579 silly ADD node_modules/iconv-lite
580 silly ADD node_modules/bytes
581 silly ADD node_modules/negotiator
582 silly ADD node_modules/type-is
583 silly ADD node_modules/type-is/node_modules/mime-db
584 silly ADD node_modules/type-is/node_modules/mime-types
585 silly ADD node_modules/type-is/node_modules/content-type
586 silly ADD node_modules/statuses
587 silly ADD node_modules/serve-static
588 silly ADD node_modules/send
589 silly ADD node_modules/send/node_modules/mime-db
590 silly ADD node_modules/send/node_modules/mime-types
591 silly ADD node_modules/router
592 silly ADD node_modules/range-parser
593 silly ADD node_modules/qs
594 silly ADD node_modules/proxy-addr
595 silly ADD node_modules/parseurl
596 silly ADD node_modules/on-finished
597 silly ADD node_modules/merge-descriptors
598 silly ADD node_modules/http-errors
599 silly ADD node_modules/fresh
600 silly ADD node_modules/finalhandler
601 silly ADD node_modules/etag
602 silly ADD node_modules/escape-html
603 silly ADD node_modules/encodeurl
604 silly ADD node_modules/depd
605 silly ADD node_modules/cookie-signature
606 silly ADD node_modules/cookie
607 silly ADD node_modules/content-type
608 silly ADD node_modules/content-disposition
609 silly ADD node_modules/body-parser
610 silly ADD node_modules/accepts
611 silly ADD node_modules/accepts/node_modules/mime-db
612 silly ADD node_modules/accepts/node_modules/mime-types
613 silly ADD node_modules/vary
614 silly ADD node_modules/multer
615 silly ADD node_modules/multer/node_modules/media-typer
616 silly ADD node_modules/multer/node_modules/type-is
617 silly ADD node_modules/express
618 silly ADD node_modules/express/node_modules/mime-db
619 silly ADD node_modules/express/node_modules/mime-types
620 silly ADD node_modules/cors
621 silly ADD
622 silly ADD
623 silly ADD
624 silly ADD
625 silly ADD
626 silly ADD
627 silly ADD
628 silly ADD
629 silly ADD
630 silly ADD
631 silly ADD
632 silly ADD
633 silly ADD
634 silly ADD
635 silly ADD
636 silly ADD
637 silly ADD
638 silly ADD
639 silly ADD
640 silly ADD
641 silly ADD
642 silly ADD
643 verbose cwd /Users/bipasasaha/Desktop/SAVEZO/nudenet-main
644 verbose os Darwin 25.5.0
645 verbose node v22.20.0
646 verbose npm  v10.9.3
647 verbose exit 0
648 info ok
