0 verbose cli /usr/local/bin/node /usr/local/bin/npm
1 info using npm@10.9.3
2 info using node@v22.20.0
3 silly config load:file:/usr/local/lib/node_modules/npm/npmrc
4 silly config load:file:/Users/bipasasaha/Desktop/SAVEZO/nudenet-main/.npmrc
5 silly config load:file:/Users/bipasasaha/.npmrc
6 silly config load:file:/usr/local/etc/npmrc
7 verbose title npm install @tensorflow/tfjs-node
8 verbose argv "install" "--omit" "dev" "--legacy-peer-deps" "--cache" "./npm_cache" "@tensorflow/tfjs-node"
9 verbose logfile logs-max:10 dir:/Users/bipasasaha/Desktop/SAVEZO/nudenet-main/npm_cache/_logs/2026-06-07T22_57_05_233Z-
10 verbose logfile /Users/bipasasaha/Desktop/SAVEZO/nudenet-main/npm_cache/_logs/2026-06-07T22_57_05_233Z-debug-0.log
11 silly logfile done cleaning log files
12 silly packumentCache heap:4345298944 maxSize:1086324736 maxEntrySize:543162368
13 warn idealTree Removing dependencies.@tensorflow/tfjs-node in favor of devDependencies.@tensorflow/tfjs-node
14 silly idealTree buildDeps
15 silly fetch manifest @tensorflow/tfjs-node@^4.20.0
16 silly packumentCache full:https://registry.npmjs.org/@tensorflow%2ftfjs-node cache-miss
17 http cache https://registry.npmjs.org/@tensorflow%2ftfjs-node 8ms (cache hit)
18 silly packumentCache full:https://registry.npmjs.org/@tensorflow%2ftfjs-node set size:706263 disposed:false
19 silly placeDep ROOT @tensorflow/tfjs-node@4.22.0 REPLACE for: nudenet@0.3.0 want: ^4.20.0
20 silly reify moves {}
21 silly reify mark deleted [
21 silly reify   '/Users/bipasasaha/Desktop/SAVEZO/nudenet-main/node_modules/@esbuild/aix-ppc64'
21 silly reify ]
22 silly reify mark deleted [
22 silly reify   '/Users/bipasasaha/Desktop/SAVEZO/nudenet-main/node_modules/@esbuild/android-arm'
22 silly reify ]
23 silly reify mark deleted [
23 silly reify   '/Users/bipasasaha/Desktop/SAVEZO/nudenet-main/node_modules/@esbuild/android-arm64'
23 silly reify ]
24 silly reify mark deleted [
24 silly reify   '/Users/bipasasaha/Desktop/SAVEZO/nudenet-main/node_modules/@esbuild/android-x64'
24 silly reify ]
25 silly reify mark deleted [
25 silly reify   '/Users/bipasasaha/Desktop/SAVEZO/nudenet-main/node_modules/@esbuild/darwin-arm64'
25 silly reify ]
26 silly reify mark deleted [
26 silly reify   '/Users/bipasasaha/Desktop/SAVEZO/nudenet-main/node_modules/@esbuild/darwin-x64'
26 silly reify ]
27 silly reify mark deleted [
27 silly reify   '/Users/bipasasaha/Desktop/SAVEZO/nudenet-main/node_modules/@esbuild/freebsd-arm64'
27 silly reify ]
28 silly reify mark deleted [
28 silly reify   '/Users/bipasasaha/Desktop/SAVEZO/nudenet-main/node_modules/@esbuild/freebsd-x64'
28 silly reify ]
29 silly reify mark deleted [
29 silly reify   '/Users/bipasasaha/Desktop/SAVEZO/nudenet-main/node_modules/@esbuild/linux-arm'
29 silly reify ]
30 silly reify mark deleted [
30 silly reify   '/Users/bipasasaha/Desktop/SAVEZO/nudenet-main/node_modules/@esbuild/linux-arm64'
30 silly reify ]
31 silly reify mark deleted [
31 silly reify   '/Users/bipasasaha/Desktop/SAVEZO/nudenet-main/node_modules/@esbuild/linux-ia32'
31 silly reify ]
32 silly reify mark deleted [
32 silly reify   '/Users/bipasasaha/Desktop/SAVEZO/nudenet-main/node_modules/@esbuild/linux-loong64'
32 silly reify ]
33 silly reify mark deleted [
33 silly reify   '/Users/bipasasaha/Desktop/SAVEZO/nudenet-main/node_modules/@esbuild/linux-mips64el'
33 silly reify ]
34 silly reify mark deleted [
34 silly reify   '/Users/bipasasaha/Desktop/SAVEZO/nudenet-main/node_modules/@esbuild/linux-ppc64'
34 silly reify ]
35 silly reify mark deleted [
35 silly reify   '/Users/bipasasaha/Desktop/SAVEZO/nudenet-main/node_modules/@esbuild/linux-riscv64'
35 silly reify ]
36 silly reify mark deleted [
36 silly reify   '/Users/bipasasaha/Desktop/SAVEZO/nudenet-main/node_modules/@esbuild/linux-s390x'
36 silly reify ]
37 silly reify mark deleted [
37 silly reify   '/Users/bipasasaha/Desktop/SAVEZO/nudenet-main/node_modules/@esbuild/linux-x64'
37 silly reify ]
38 silly reify mark deleted [
38 silly reify   '/Users/bipasasaha/Desktop/SAVEZO/nudenet-main/node_modules/@esbuild/netbsd-x64'
38 silly reify ]
39 silly reify mark deleted [
39 silly reify   '/Users/bipasasaha/Desktop/SAVEZO/nudenet-main/node_modules/@esbuild/openbsd-x64'
39 silly reify ]
40 silly reify mark deleted [
40 silly reify   '/Users/bipasasaha/Desktop/SAVEZO/nudenet-main/node_modules/@esbuild/sunos-x64'
40 silly reify ]
41 silly reify mark deleted [
41 silly reify   '/Users/bipasasaha/Desktop/SAVEZO/nudenet-main/node_modules/@esbuild/win32-arm64'
41 silly reify ]
42 silly reify mark deleted [
42 silly reify   '/Users/bipasasaha/Desktop/SAVEZO/nudenet-main/node_modules/@esbuild/win32-ia32'
42 silly reify ]
43 silly reify mark deleted [
43 silly reify   '/Users/bipasasaha/Desktop/SAVEZO/nudenet-main/node_modules/@esbuild/win32-x64'
43 silly reify ]
44 silly reify mark deleted [
44 silly reify   '/Users/bipasasaha/Desktop/SAVEZO/nudenet-main/node_modules/@eslint-community/eslint-utils'
44 silly reify ]
45 silly reify mark deleted [
45 silly reify   '/Users/bipasasaha/Desktop/SAVEZO/nudenet-main/node_modules/@eslint-community/regexpp'
45 silly reify ]
46 silly reify mark deleted [
46 silly reify   '/Users/bipasasaha/Desktop/SAVEZO/nudenet-main/node_modules/@eslint/eslintrc'
46 silly reify ]
47 silly reify mark deleted [
47 silly reify   '/Users/bipasasaha/Desktop/SAVEZO/nudenet-main/node_modules/@eslint/eslintrc/node_modules/brace-expansion'
47 silly reify ]
48 silly reify mark deleted [
48 silly reify   '/Users/bipasasaha/Desktop/SAVEZO/nudenet-main/node_modules/@eslint/eslintrc/node_modules/minimatch'
48 silly reify ]
49 silly reify mark deleted [
49 silly reify   '/Users/bipasasaha/Desktop/SAVEZO/nudenet-main/node_modules/@eslint/js'
49 silly reify ]
50 silly reify mark deleted [
50 silly reify   '/Users/bipasasaha/Desktop/SAVEZO/nudenet-main/node_modules/@html-eslint/eslint-plugin'
50 silly reify ]
51 silly reify mark deleted [
51 silly reify   '/Users/bipasasaha/Desktop/SAVEZO/nudenet-main/node_modules/@html-eslint/parser'
51 silly reify ]
52 silly reify mark deleted [
52 silly reify   '/Users/bipasasaha/Desktop/SAVEZO/nudenet-main/node_modules/@humanwhocodes/config-array'
52 silly reify ]
53 silly reify mark deleted [
53 silly reify   '/Users/bipasasaha/Desktop/SAVEZO/nudenet-main/node_modules/@humanwhocodes/config-array/node_modules/brace-expansion'
53 silly reify ]
54 silly reify mark deleted [
54 silly reify   '/Users/bipasasaha/Desktop/SAVEZO/nudenet-main/node_modules/@humanwhocodes/config-array/node_modules/minimatch'
54 silly reify ]
55 silly reify mark deleted [
55 silly reify   '/Users/bipasasaha/Desktop/SAVEZO/nudenet-main/node_modules/@humanwhocodes/module-importer'
55 silly reify ]
56 silly reify mark deleted [
56 silly reify   '/Users/bipasasaha/Desktop/SAVEZO/nudenet-main/node_modules/@humanwhocodes/object-schema'
56 silly reify ]
57 silly reify mark deleted [
57 silly reify   '/Users/bipasasaha/Desktop/SAVEZO/nudenet-main/node_modules/@mapbox/node-pre-gyp',
57 silly reify   '/Users/bipasasaha/Desktop/SAVEZO/nudenet-main/node_modules/.bin/node-pre-gyp'
57 silly reify ]
58 silly reify mark deleted [
58 silly reify   '/Users/bipasasaha/Desktop/SAVEZO/nudenet-main/node_modules/@mapbox/node-pre-gyp/node_modules/agent-base'
58 silly reify ]
59 silly reify mark deleted [
59 silly reify   '/Users/bipasasaha/Desktop/SAVEZO/nudenet-main/node_modules/@mapbox/node-pre-gyp/node_modules/https-proxy-agent'
59 silly reify ]
60 silly reify mark deleted [
60 silly reify   '/Users/bipasasaha/Desktop/SAVEZO/nudenet-main/node_modules/@mapbox/node-pre-gyp/node_modules/rimraf',
60 silly reify   '/Users/bipasasaha/Desktop/SAVEZO/nudenet-main/node_modules/@mapbox/node-pre-gyp/node_modules/.bin/rimraf'
60 silly reify ]
61 silly reify mark deleted [
61 silly reify   '/Users/bipasasaha/Desktop/SAVEZO/nudenet-main/node_modules/@nodelib/fs.scandir'
61 silly reify ]
62 silly reify mark deleted [
62 silly reify   '/Users/bipasasaha/Desktop/SAVEZO/nudenet-main/node_modules/@nodelib/fs.stat'
62 silly reify ]
63 silly reify mark deleted [
63 silly reify   '/Users/bipasasaha/Desktop/SAVEZO/nudenet-main/node_modules/@nodelib/fs.walk'
63 silly reify ]
64 silly reify mark deleted [
64 silly reify   '/Users/bipasasaha/Desktop/SAVEZO/nudenet-main/node_modules/@rtsao/scc'
64 silly reify ]
65 silly reify mark deleted [
65 silly reify   '/Users/bipasasaha/Desktop/SAVEZO/nudenet-main/node_modules/@tensorflow/tfjs-backend-webgpu'
65 silly reify ]
66 silly reify mark deleted [
66 silly reify   '/Users/bipasasaha/Desktop/SAVEZO/nudenet-main/node_modules/@tensorflow/tfjs-backend-webgpu/node_modules/@tensorflow/tfjs-backend-cpu'
66 silly reify ]
67 silly reify mark deleted [
67 silly reify   '/Users/bipasasaha/Desktop/SAVEZO/nudenet-main/node_modules/@types/json-schema'
67 silly reify ]
68 silly reify mark deleted [
68 silly reify   '/Users/bipasasaha/Desktop/SAVEZO/nudenet-main/node_modules/@types/json5'
68 silly reify ]
69 silly reify mark deleted [
69 silly reify   '/Users/bipasasaha/Desktop/SAVEZO/nudenet-main/node_modules/@types/semver'
69 silly reify ]
70 silly reify mark deleted [
70 silly reify   '/Users/bipasasaha/Desktop/SAVEZO/nudenet-main/node_modules/@typescript-eslint/eslint-plugin'
70 silly reify ]
71 silly reify mark deleted [
71 silly reify   '/Users/bipasasaha/Desktop/SAVEZO/nudenet-main/node_modules/@typescript-eslint/parser'
71 silly reify ]
72 silly reify mark deleted [
72 silly reify   '/Users/bipasasaha/Desktop/SAVEZO/nudenet-main/node_modules/@typescript-eslint/scope-manager'
72 silly reify ]
73 silly reify mark deleted [
73 silly reify   '/Users/bipasasaha/Desktop/SAVEZO/nudenet-main/node_modules/@typescript-eslint/type-utils'
73 silly reify ]
74 silly reify mark deleted [
74 silly reify   '/Users/bipasasaha/Desktop/SAVEZO/nudenet-main/node_modules/@typescript-eslint/types'
74 silly reify ]
75 silly reify mark deleted [
75 silly reify   '/Users/bipasasaha/Desktop/SAVEZO/nudenet-main/node_modules/@typescript-eslint/typescript-estree'
75 silly reify ]
76 silly reify mark deleted [
76 silly reify   '/Users/bipasasaha/Desktop/SAVEZO/nudenet-main/node_modules/@typescript-eslint/utils'
76 silly reify ]
77 silly reify mark deleted [
77 silly reify   '/Users/bipasasaha/Desktop/SAVEZO/nudenet-main/node_modules/@typescript-eslint/visitor-keys'
77 silly reify ]
78 silly reify mark deleted [
78 silly reify   '/Users/bipasasaha/Desktop/SAVEZO/nudenet-main/node_modules/@ungap/structured-clone'
78 silly reify ]
79 silly reify mark deleted [
79 silly reify   '/Users/bipasasaha/Desktop/SAVEZO/nudenet-main/node_modules/@vladmandic/build',
79 silly reify   '/Users/bipasasaha/Desktop/SAVEZO/nudenet-main/node_modules/.bin/build'
79 silly reify ]
80 silly reify mark deleted [
80 silly reify   '/Users/bipasasaha/Desktop/SAVEZO/nudenet-main/node_modules/@vladmandic/build/node_modules/@types/node'
80 silly reify ]
81 silly reify mark deleted [
81 silly reify   '/Users/bipasasaha/Desktop/SAVEZO/nudenet-main/node_modules/@vladmandic/build/node_modules/undici-types'
81 silly reify ]
82 silly reify mark deleted [
82 silly reify   '/Users/bipasasaha/Desktop/SAVEZO/nudenet-main/node_modules/@vladmandic/pilogger'
82 silly reify ]
83 silly reify mark deleted [ '/Users/bipasasaha/Desktop/SAVEZO/nudenet-main/node_modules/abbrev' ]
84 silly reify mark deleted [
84 silly reify   '/Users/bipasasaha/Desktop/SAVEZO/nudenet-main/node_modules/acorn',
84 silly reify   '/Users/bipasasaha/Desktop/SAVEZO/nudenet-main/node_modules/.bin/acorn'
84 silly reify ]
85 silly reify mark deleted [
85 silly reify   '/Users/bipasasaha/Desktop/SAVEZO/nudenet-main/node_modules/acorn-jsx'
85 silly reify ]
86 silly reify mark deleted [
86 silly reify   '/Users/bipasasaha/Desktop/SAVEZO/nudenet-main/node_modules/adm-zip'
86 silly reify ]
87 silly reify mark deleted [
87 silly reify   '/Users/bipasasaha/Desktop/SAVEZO/nudenet-main/node_modules/agent-base'
87 silly reify ]
88 silly reify mark deleted [ '/Users/bipasasaha/Desktop/SAVEZO/nudenet-main/node_modules/ajv' ]
89 silly reify mark deleted [
89 silly reify   '/Users/bipasasaha/Desktop/SAVEZO/nudenet-main/node_modules/ansi-sequence-parser'
89 silly reify ]
90 silly reify mark deleted [ '/Users/bipasasaha/Desktop/SAVEZO/nudenet-main/node_modules/aproba' ]
91 silly reify mark deleted [
91 silly reify   '/Users/bipasasaha/Desktop/SAVEZO/nudenet-main/node_modules/are-we-there-yet'
91 silly reify ]
92 silly reify mark deleted [
92 silly reify   '/Users/bipasasaha/Desktop/SAVEZO/nudenet-main/node_modules/array-buffer-byte-length'
92 silly reify ]
93 silly reify mark deleted [
93 silly reify   '/Users/bipasasaha/Desktop/SAVEZO/nudenet-main/node_modules/array-includes'
93 silly reify ]
94 silly reify mark deleted [
94 silly reify   '/Users/bipasasaha/Desktop/SAVEZO/nudenet-main/node_modules/array-union'
94 silly reify ]
95 silly reify mark deleted [
95 silly reify   '/Users/bipasasaha/Desktop/SAVEZO/nudenet-main/node_modules/array.prototype.findlastindex'
95 silly reify ]
96 silly reify mark deleted [
96 silly reify   '/Users/bipasasaha/Desktop/SAVEZO/nudenet-main/node_modules/array.prototype.flat'
96 silly reify ]
97 silly reify mark deleted [
97 silly reify   '/Users/bipasasaha/Desktop/SAVEZO/nudenet-main/node_modules/array.prototype.flatmap'
97 silly reify ]
98 silly reify mark deleted [
98 silly reify   '/Users/bipasasaha/Desktop/SAVEZO/nudenet-main/node_modules/arraybuffer.prototype.slice'
98 silly reify ]
99 silly reify mark deleted [
99 silly reify   '/Users/bipasasaha/Desktop/SAVEZO/nudenet-main/node_modules/async-function'
99 silly reify ]
100 silly reify mark deleted [
100 silly reify   '/Users/bipasasaha/Desktop/SAVEZO/nudenet-main/node_modules/available-typed-arrays'
100 silly reify ]
101 silly reify mark deleted [
101 silly reify   '/Users/bipasasaha/Desktop/SAVEZO/nudenet-main/node_modules/balanced-match'
101 silly reify ]
102 silly reify mark deleted [
102 silly reify   '/Users/bipasasaha/Desktop/SAVEZO/nudenet-main/node_modules/brace-expansion'
102 silly reify ]
103 silly reify mark deleted [ '/Users/bipasasaha/Desktop/SAVEZO/nudenet-main/node_modules/braces' ]
104 silly reify mark deleted [
104 silly reify   '/Users/bipasasaha/Desktop/SAVEZO/nudenet-main/node_modules/call-bind'
104 silly reify ]
105 silly reify mark deleted [
105 silly reify   '/Users/bipasasaha/Desktop/SAVEZO/nudenet-main/node_modules/call-bound'
105 silly reify ]
106 silly reify mark deleted [
106 silly reify   '/Users/bipasasaha/Desktop/SAVEZO/nudenet-main/node_modules/callsites'
106 silly reify ]
107 silly reify mark deleted [ '/Users/bipasasaha/Desktop/SAVEZO/nudenet-main/node_modules/canvas' ]
108 silly reify mark deleted [ '/Users/bipasasaha/Desktop/SAVEZO/nudenet-main/node_modules/chownr' ]
109 silly reify mark deleted [
109 silly reify   '/Users/bipasasaha/Desktop/SAVEZO/nudenet-main/node_modules/color-support',
109 silly reify   '/Users/bipasasaha/Desktop/SAVEZO/nudenet-main/node_modules/.bin/color-support'
109 silly reify ]
110 silly reify mark deleted [
110 silly reify   '/Users/bipasasaha/Desktop/SAVEZO/nudenet-main/node_modules/concat-map'
110 silly reify ]
111 silly reify mark deleted [
111 silly reify   '/Users/bipasasaha/Desktop/SAVEZO/nudenet-main/node_modules/confusing-browser-globals'
111 silly reify ]
112 silly reify mark deleted [
112 silly reify   '/Users/bipasasaha/Desktop/SAVEZO/nudenet-main/node_modules/console-control-strings'
112 silly reify ]
113 silly reify mark deleted [
113 silly reify   '/Users/bipasasaha/Desktop/SAVEZO/nudenet-main/node_modules/cross-spawn'
113 silly reify ]
114 silly reify mark deleted [
114 silly reify   '/Users/bipasasaha/Desktop/SAVEZO/nudenet-main/node_modules/data-view-buffer'
114 silly reify ]
115 silly reify mark deleted [
115 silly reify   '/Users/bipasasaha/Desktop/SAVEZO/nudenet-main/node_modules/data-view-byte-length'
115 silly reify ]
116 silly reify mark deleted [
116 silly reify   '/Users/bipasasaha/Desktop/SAVEZO/nudenet-main/node_modules/data-view-byte-offset'
116 silly reify ]
117 silly reify mark deleted [ '/Users/bipasasaha/Desktop/SAVEZO/nudenet-main/node_modules/debug' ]
118 silly reify mark deleted [
118 silly reify   '/Users/bipasasaha/Desktop/SAVEZO/nudenet-main/node_modules/decompress-response'
118 silly reify ]
119 silly reify mark deleted [
119 silly reify   '/Users/bipasasaha/Desktop/SAVEZO/nudenet-main/node_modules/deep-is'
119 silly reify ]
120 silly reify mark deleted [
120 silly reify   '/Users/bipasasaha/Desktop/SAVEZO/nudenet-main/node_modules/define-data-property'
120 silly reify ]
121 silly reify mark deleted [
121 silly reify   '/Users/bipasasaha/Desktop/SAVEZO/nudenet-main/node_modules/define-properties'
121 silly reify ]
122 silly reify mark deleted [
122 silly reify   '/Users/bipasasaha/Desktop/SAVEZO/nudenet-main/node_modules/delegates'
122 silly reify ]
123 silly reify mark deleted [
123 silly reify   '/Users/bipasasaha/Desktop/SAVEZO/nudenet-main/node_modules/detect-libc'
123 silly reify ]
124 silly reify mark deleted [
124 silly reify   '/Users/bipasasaha/Desktop/SAVEZO/nudenet-main/node_modules/dir-glob'
124 silly reify ]
125 silly reify mark deleted [
125 silly reify   '/Users/bipasasaha/Desktop/SAVEZO/nudenet-main/node_modules/doctrine'
125 silly reify ]
126 silly reify mark deleted [
126 silly reify   '/Users/bipasasaha/Desktop/SAVEZO/nudenet-main/node_modules/dom-serializer'
126 silly reify ]
127 silly reify mark deleted [
127 silly reify   '/Users/bipasasaha/Desktop/SAVEZO/nudenet-main/node_modules/domelementtype'
127 silly reify ]
128 silly reify mark deleted [
128 silly reify   '/Users/bipasasaha/Desktop/SAVEZO/nudenet-main/node_modules/domhandler'
128 silly reify ]
129 silly reify mark deleted [
129 silly reify   '/Users/bipasasaha/Desktop/SAVEZO/nudenet-main/node_modules/domutils'
129 silly reify ]
130 silly reify mark deleted [
130 silly reify   '/Users/bipasasaha/Desktop/SAVEZO/nudenet-main/node_modules/entities'
130 silly reify ]
131 silly reify mark deleted [
131 silly reify   '/Users/bipasasaha/Desktop/SAVEZO/nudenet-main/node_modules/es-abstract'
131 silly reify ]
132 silly reify mark deleted [
132 silly reify   '/Users/bipasasaha/Desktop/SAVEZO/nudenet-main/node_modules/es-html-parser'
132 silly reify ]
133 silly reify mark deleted [
133 silly reify   '/Users/bipasasaha/Desktop/SAVEZO/nudenet-main/node_modules/es-shim-unscopables'
133 silly reify ]
134 silly reify mark deleted [
134 silly reify   '/Users/bipasasaha/Desktop/SAVEZO/nudenet-main/node_modules/es-to-primitive'
134 silly reify ]
135 silly reify mark deleted [
135 silly reify   '/Users/bipasasaha/Desktop/SAVEZO/nudenet-main/node_modules/es6-promise'
135 silly reify ]
136 silly reify mark deleted [
136 silly reify   '/Users/bipasasaha/Desktop/SAVEZO/nudenet-main/node_modules/es6-promisify'
136 silly reify ]
137 silly reify mark deleted [
137 silly reify   '/Users/bipasasaha/Desktop/SAVEZO/nudenet-main/node_modules/esbuild',
137 silly reify   '/Users/bipasasaha/Desktop/SAVEZO/nudenet-main/node_modules/.bin/esbuild'
137 silly reify ]
138 silly reify mark deleted [
138 silly reify   '/Users/bipasasaha/Desktop/SAVEZO/nudenet-main/node_modules/escape-string-regexp'
138 silly reify ]
139 silly reify mark deleted [
139 silly reify   '/Users/bipasasaha/Desktop/SAVEZO/nudenet-main/node_modules/eslint',
139 silly reify   '/Users/bipasasaha/Desktop/SAVEZO/nudenet-main/node_modules/.bin/eslint'
139 silly reify ]
140 silly reify mark deleted [
140 silly reify   '/Users/bipasasaha/Desktop/SAVEZO/nudenet-main/node_modules/eslint-config-airbnb-base'
140 silly reify ]
141 silly reify mark deleted [
141 silly reify   '/Users/bipasasaha/Desktop/SAVEZO/nudenet-main/node_modules/eslint-config-airbnb-base/node_modules/semver',
141 silly reify   '/Users/bipasasaha/Desktop/SAVEZO/nudenet-main/node_modules/eslint-config-airbnb-base/node_modules/.bin/semver'
141 silly reify ]
142 silly reify mark deleted [
142 silly reify   '/Users/bipasasaha/Desktop/SAVEZO/nudenet-main/node_modules/eslint-import-resolver-node'
142 silly reify ]
143 silly reify mark deleted [
143 silly reify   '/Users/bipasasaha/Desktop/SAVEZO/nudenet-main/node_modules/eslint-import-resolver-node/node_modules/debug'
143 silly reify ]
144 silly reify mark deleted [
144 silly reify   '/Users/bipasasaha/Desktop/SAVEZO/nudenet-main/node_modules/eslint-module-utils'
144 silly reify ]
145 silly reify mark deleted [
145 silly reify   '/Users/bipasasaha/Desktop/SAVEZO/nudenet-main/node_modules/eslint-module-utils/node_modules/debug'
145 silly reify ]
146 silly reify mark deleted [
146 silly reify   '/Users/bipasasaha/Desktop/SAVEZO/nudenet-main/node_modules/eslint-plugin-es'
146 silly reify ]
147 silly reify mark deleted [
147 silly reify   '/Users/bipasasaha/Desktop/SAVEZO/nudenet-main/node_modules/eslint-plugin-html'
147 silly reify ]
148 silly reify mark deleted [
148 silly reify   '/Users/bipasasaha/Desktop/SAVEZO/nudenet-main/node_modules/eslint-plugin-import'
148 silly reify ]
149 silly reify mark deleted [
149 silly reify   '/Users/bipasasaha/Desktop/SAVEZO/nudenet-main/node_modules/eslint-plugin-import/node_modules/brace-expansion'
149 silly reify ]
150 silly reify mark deleted [
150 silly reify   '/Users/bipasasaha/Desktop/SAVEZO/nudenet-main/node_modules/eslint-plugin-import/node_modules/debug'
150 silly reify ]
151 silly reify mark deleted [
151 silly reify   '/Users/bipasasaha/Desktop/SAVEZO/nudenet-main/node_modules/eslint-plugin-import/node_modules/doctrine'
151 silly reify ]
152 silly reify mark deleted [
152 silly reify   '/Users/bipasasaha/Desktop/SAVEZO/nudenet-main/node_modules/eslint-plugin-import/node_modules/minimatch'
152 silly reify ]
153 silly reify mark deleted [
153 silly reify   '/Users/bipasasaha/Desktop/SAVEZO/nudenet-main/node_modules/eslint-plugin-import/node_modules/semver',
153 silly reify   '/Users/bipasasaha/Desktop/SAVEZO/nudenet-main/node_modules/eslint-plugin-import/node_modules/.bin/semver'
153 silly reify ]
154 silly reify mark deleted [
154 silly reify   '/Users/bipasasaha/Desktop/SAVEZO/nudenet-main/node_modules/eslint-plugin-json'
154 silly reify ]
155 silly reify mark deleted [
155 silly reify   '/Users/bipasasaha/Desktop/SAVEZO/nudenet-main/node_modules/eslint-plugin-node'
155 silly reify ]
156 silly reify mark deleted [
156 silly reify   '/Users/bipasasaha/Desktop/SAVEZO/nudenet-main/node_modules/eslint-plugin-node/node_modules/brace-expansion'
156 silly reify ]
157 silly reify mark deleted [
157 silly reify   '/Users/bipasasaha/Desktop/SAVEZO/nudenet-main/node_modules/eslint-plugin-node/node_modules/minimatch'
157 silly reify ]
158 silly reify mark deleted [
158 silly reify   '/Users/bipasasaha/Desktop/SAVEZO/nudenet-main/node_modules/eslint-plugin-node/node_modules/resolve',
158 silly reify   '/Users/bipasasaha/Desktop/SAVEZO/nudenet-main/node_modules/eslint-plugin-node/node_modules/.bin/resolve'
158 silly reify ]
159 silly reify mark deleted [
159 silly reify   '/Users/bipasasaha/Desktop/SAVEZO/nudenet-main/node_modules/eslint-plugin-node/node_modules/semver',
159 silly reify   '/Users/bipasasaha/Desktop/SAVEZO/nudenet-main/node_modules/eslint-plugin-node/node_modules/.bin/semver'
159 silly reify ]
160 silly reify mark deleted [
160 silly reify   '/Users/bipasasaha/Desktop/SAVEZO/nudenet-main/node_modules/eslint-plugin-promise'
160 silly reify ]
161 silly reify mark deleted [
161 silly reify   '/Users/bipasasaha/Desktop/SAVEZO/nudenet-main/node_modules/eslint-scope'
161 silly reify ]
162 silly reify mark deleted [
162 silly reify   '/Users/bipasasaha/Desktop/SAVEZO/nudenet-main/node_modules/eslint-utils'
162 silly reify ]
163 silly reify mark deleted [
163 silly reify   '/Users/bipasasaha/Desktop/SAVEZO/nudenet-main/node_modules/eslint-utils/node_modules/eslint-visitor-keys'
163 silly reify ]
164 silly reify mark deleted [
164 silly reify   '/Users/bipasasaha/Desktop/SAVEZO/nudenet-main/node_modules/eslint-visitor-keys'
164 silly reify ]
165 silly reify mark deleted [
165 silly reify   '/Users/bipasasaha/Desktop/SAVEZO/nudenet-main/node_modules/eslint/node_modules/brace-expansion'
165 silly reify ]
166 silly reify mark deleted [
166 silly reify   '/Users/bipasasaha/Desktop/SAVEZO/nudenet-main/node_modules/eslint/node_modules/minimatch'
166 silly reify ]
167 silly reify mark deleted [ '/Users/bipasasaha/Desktop/SAVEZO/nudenet-main/node_modules/espree' ]
168 silly reify mark deleted [
168 silly reify   '/Users/bipasasaha/Desktop/SAVEZO/nudenet-main/node_modules/esquery'
168 silly reify ]
169 silly reify mark deleted [
169 silly reify   '/Users/bipasasaha/Desktop/SAVEZO/nudenet-main/node_modules/esrecurse'
169 silly reify ]
170 silly reify mark deleted [
170 silly reify   '/Users/bipasasaha/Desktop/SAVEZO/nudenet-main/node_modules/estraverse'
170 silly reify ]
171 silly reify mark deleted [
171 silly reify   '/Users/bipasasaha/Desktop/SAVEZO/nudenet-main/node_modules/esutils'
171 silly reify ]
172 silly reify mark deleted [
172 silly reify   '/Users/bipasasaha/Desktop/SAVEZO/nudenet-main/node_modules/fast-deep-equal'
172 silly reify ]
173 silly reify mark deleted [
173 silly reify   '/Users/bipasasaha/Desktop/SAVEZO/nudenet-main/node_modules/fast-glob'
173 silly reify ]
174 silly reify mark deleted [
174 silly reify   '/Users/bipasasaha/Desktop/SAVEZO/nudenet-main/node_modules/fast-glob/node_modules/glob-parent'
174 silly reify ]
175 silly reify mark deleted [
175 silly reify   '/Users/bipasasaha/Desktop/SAVEZO/nudenet-main/node_modules/fast-json-stable-stringify'
175 silly reify ]
176 silly reify mark deleted [
176 silly reify   '/Users/bipasasaha/Desktop/SAVEZO/nudenet-main/node_modules/fast-levenshtein'
176 silly reify ]
177 silly reify mark deleted [ '/Users/bipasasaha/Desktop/SAVEZO/nudenet-main/node_modules/fastq' ]
178 silly reify mark deleted [
178 silly reify   '/Users/bipasasaha/Desktop/SAVEZO/nudenet-main/node_modules/file-entry-cache'
178 silly reify ]
179 silly reify mark deleted [
179 silly reify   '/Users/bipasasaha/Desktop/SAVEZO/nudenet-main/node_modules/fill-range'
179 silly reify ]
180 silly reify mark deleted [
180 silly reify   '/Users/bipasasaha/Desktop/SAVEZO/nudenet-main/node_modules/find-up'
180 silly reify ]
181 silly reify mark deleted [
181 silly reify   '/Users/bipasasaha/Desktop/SAVEZO/nudenet-main/node_modules/flat-cache'
181 silly reify ]
182 silly reify mark deleted [
182 silly reify   '/Users/bipasasaha/Desktop/SAVEZO/nudenet-main/node_modules/flat-cache/node_modules/rimraf',
182 silly reify   '/Users/bipasasaha/Desktop/SAVEZO/nudenet-main/node_modules/flat-cache/node_modules/.bin/rimraf'
182 silly reify ]
183 silly reify mark deleted [
183 silly reify   '/Users/bipasasaha/Desktop/SAVEZO/nudenet-main/node_modules/flatted'
183 silly reify ]
184 silly reify mark deleted [
184 silly reify   '/Users/bipasasaha/Desktop/SAVEZO/nudenet-main/node_modules/for-each'
184 silly reify ]
185 silly reify mark deleted [
185 silly reify   '/Users/bipasasaha/Desktop/SAVEZO/nudenet-main/node_modules/fs-minipass'
185 silly reify ]
186 silly reify mark deleted [
186 silly reify   '/Users/bipasasaha/Desktop/SAVEZO/nudenet-main/node_modules/fs-minipass/node_modules/minipass'
186 silly reify ]
187 silly reify mark deleted [
187 silly reify   '/Users/bipasasaha/Desktop/SAVEZO/nudenet-main/node_modules/fs.realpath'
187 silly reify ]
188 silly reify mark deleted [
188 silly reify   '/Users/bipasasaha/Desktop/SAVEZO/nudenet-main/node_modules/function.prototype.name'
188 silly reify ]
189 silly reify mark deleted [
189 silly reify   '/Users/bipasasaha/Desktop/SAVEZO/nudenet-main/node_modules/functions-have-names'
189 silly reify ]
190 silly reify mark deleted [ '/Users/bipasasaha/Desktop/SAVEZO/nudenet-main/node_modules/gauge' ]
191 silly reify mark deleted [
191 silly reify   '/Users/bipasasaha/Desktop/SAVEZO/nudenet-main/node_modules/generator-function'
191 silly reify ]
192 silly reify mark deleted [
192 silly reify   '/Users/bipasasaha/Desktop/SAVEZO/nudenet-main/node_modules/get-symbol-description'
192 silly reify ]
193 silly reify mark deleted [ '/Users/bipasasaha/Desktop/SAVEZO/nudenet-main/node_modules/glob' ]
194 silly reify mark deleted [
194 silly reify   '/Users/bipasasaha/Desktop/SAVEZO/nudenet-main/node_modules/glob-parent'
194 silly reify ]
195 silly reify mark deleted [
195 silly reify   '/Users/bipasasaha/Desktop/SAVEZO/nudenet-main/node_modules/glob/node_modules/brace-expansion'
195 silly reify ]
196 silly reify mark deleted [
196 silly reify   '/Users/bipasasaha/Desktop/SAVEZO/nudenet-main/node_modules/glob/node_modules/minimatch'
196 silly reify ]
197 silly reify mark deleted [
197 silly reify   '/Users/bipasasaha/Desktop/SAVEZO/nudenet-main/node_modules/globals'
197 silly reify ]
198 silly reify mark deleted [
198 silly reify   '/Users/bipasasaha/Desktop/SAVEZO/nudenet-main/node_modules/globalthis'
198 silly reify ]
199 silly reify mark deleted [ '/Users/bipasasaha/Desktop/SAVEZO/nudenet-main/node_modules/globby' ]
200 silly reify mark deleted [
200 silly reify   '/Users/bipasasaha/Desktop/SAVEZO/nudenet-main/node_modules/google-protobuf'
200 silly reify ]
201 silly reify mark deleted [
201 silly reify   '/Users/bipasasaha/Desktop/SAVEZO/nudenet-main/node_modules/graphemer'
201 silly reify ]
202 silly reify mark deleted [
202 silly reify   '/Users/bipasasaha/Desktop/SAVEZO/nudenet-main/node_modules/has-bigints'
202 silly reify ]
203 silly reify mark deleted [
203 silly reify   '/Users/bipasasaha/Desktop/SAVEZO/nudenet-main/node_modules/has-property-descriptors'
203 silly reify ]
204 silly reify mark deleted [
204 silly reify   '/Users/bipasasaha/Desktop/SAVEZO/nudenet-main/node_modules/has-proto'
204 silly reify ]
205 silly reify mark deleted [
205 silly reify   '/Users/bipasasaha/Desktop/SAVEZO/nudenet-main/node_modules/has-unicode'
205 silly reify ]
206 silly reify mark deleted [
206 silly reify   '/Users/bipasasaha/Desktop/SAVEZO/nudenet-main/node_modules/htmlparser2'
206 silly reify ]
207 silly reify mark deleted [
207 silly reify   '/Users/bipasasaha/Desktop/SAVEZO/nudenet-main/node_modules/https-proxy-agent'
207 silly reify ]
208 silly reify mark deleted [
208 silly reify   '/Users/bipasasaha/Desktop/SAVEZO/nudenet-main/node_modules/https-proxy-agent/node_modules/debug'
208 silly reify ]
209 silly reify mark deleted [ '/Users/bipasasaha/Desktop/SAVEZO/nudenet-main/node_modules/ignore' ]
210 silly reify mark deleted [
210 silly reify   '/Users/bipasasaha/Desktop/SAVEZO/nudenet-main/node_modules/import-fresh'
210 silly reify ]
211 silly reify mark deleted [
211 silly reify   '/Users/bipasasaha/Desktop/SAVEZO/nudenet-main/node_modules/imurmurhash'
211 silly reify ]
212 silly reify mark deleted [
212 silly reify   '/Users/bipasasaha/Desktop/SAVEZO/nudenet-main/node_modules/inflight'
212 silly reify ]
213 silly reify mark deleted [
213 silly reify   '/Users/bipasasaha/Desktop/SAVEZO/nudenet-main/node_modules/inherits'
213 silly reify ]
214 silly reify mark deleted [
214 silly reify   '/Users/bipasasaha/Desktop/SAVEZO/nudenet-main/node_modules/internal-slot'
214 silly reify ]
215 silly reify mark deleted [
215 silly reify   '/Users/bipasasaha/Desktop/SAVEZO/nudenet-main/node_modules/is-array-buffer'
215 silly reify ]
216 silly reify mark deleted [
216 silly reify   '/Users/bipasasaha/Desktop/SAVEZO/nudenet-main/node_modules/is-async-function'
216 silly reify ]
217 silly reify mark deleted [
217 silly reify   '/Users/bipasasaha/Desktop/SAVEZO/nudenet-main/node_modules/is-bigint'
217 silly reify ]
218 silly reify mark deleted [
218 silly reify   '/Users/bipasasaha/Desktop/SAVEZO/nudenet-main/node_modules/is-boolean-object'
218 silly reify ]
219 silly reify mark deleted [
219 silly reify   '/Users/bipasasaha/Desktop/SAVEZO/nudenet-main/node_modules/is-callable'
219 silly reify ]
220 silly reify mark deleted [
220 silly reify   '/Users/bipasasaha/Desktop/SAVEZO/nudenet-main/node_modules/is-core-module'
220 silly reify ]
221 silly reify mark deleted [
221 silly reify   '/Users/bipasasaha/Desktop/SAVEZO/nudenet-main/node_modules/is-data-view'
221 silly reify ]
222 silly reify mark deleted [
222 silly reify   '/Users/bipasasaha/Desktop/SAVEZO/nudenet-main/node_modules/is-date-object'
222 silly reify ]
223 silly reify mark deleted [
223 silly reify   '/Users/bipasasaha/Desktop/SAVEZO/nudenet-main/node_modules/is-extglob'
223 silly reify ]
224 silly reify mark deleted [
224 silly reify   '/Users/bipasasaha/Desktop/SAVEZO/nudenet-main/node_modules/is-finalizationregistry'
224 silly reify ]
225 silly reify mark deleted [
225 silly reify   '/Users/bipasasaha/Desktop/SAVEZO/nudenet-main/node_modules/is-generator-function'
225 silly reify ]
226 silly reify mark deleted [
226 silly reify   '/Users/bipasasaha/Desktop/SAVEZO/nudenet-main/node_modules/is-glob'
226 silly reify ]
227 silly reify mark deleted [ '/Users/bipasasaha/Desktop/SAVEZO/nudenet-main/node_modules/is-map' ]
228 silly reify mark deleted [
228 silly reify   '/Users/bipasasaha/Desktop/SAVEZO/nudenet-main/node_modules/is-negative-zero'
228 silly reify ]
229 silly reify mark deleted [
229 silly reify   '/Users/bipasasaha/Desktop/SAVEZO/nudenet-main/node_modules/is-number'
229 silly reify ]
230 silly reify mark deleted [
230 silly reify   '/Users/bipasasaha/Desktop/SAVEZO/nudenet-main/node_modules/is-number-object'
230 silly reify ]
231 silly reify mark deleted [
231 silly reify   '/Users/bipasasaha/Desktop/SAVEZO/nudenet-main/node_modules/is-path-inside'
231 silly reify ]
232 silly reify mark deleted [
232 silly reify   '/Users/bipasasaha/Desktop/SAVEZO/nudenet-main/node_modules/is-regex'
232 silly reify ]
233 silly reify mark deleted [ '/Users/bipasasaha/Desktop/SAVEZO/nudenet-main/node_modules/is-set' ]
234 silly reify mark deleted [
234 silly reify   '/Users/bipasasaha/Desktop/SAVEZO/nudenet-main/node_modules/is-shared-array-buffer'
234 silly reify ]
235 silly reify mark deleted [
235 silly reify   '/Users/bipasasaha/Desktop/SAVEZO/nudenet-main/node_modules/is-string'
235 silly reify ]
236 silly reify mark deleted [
236 silly reify   '/Users/bipasasaha/Desktop/SAVEZO/nudenet-main/node_modules/is-symbol'
236 silly reify ]
237 silly reify mark deleted [
237 silly reify   '/Users/bipasasaha/Desktop/SAVEZO/nudenet-main/node_modules/is-typed-array'
237 silly reify ]
238 silly reify mark deleted [
238 silly reify   '/Users/bipasasaha/Desktop/SAVEZO/nudenet-main/node_modules/is-weakmap'
238 silly reify ]
239 silly reify mark deleted [
239 silly reify   '/Users/bipasasaha/Desktop/SAVEZO/nudenet-main/node_modules/is-weakref'
239 silly reify ]
240 silly reify mark deleted [
240 silly reify   '/Users/bipasasaha/Desktop/SAVEZO/nudenet-main/node_modules/is-weakset'
240 silly reify ]
241 silly reify mark deleted [
241 silly reify   '/Users/bipasasaha/Desktop/SAVEZO/nudenet-main/node_modules/isarray'
241 silly reify ]
242 silly reify mark deleted [ '/Users/bipasasaha/Desktop/SAVEZO/nudenet-main/node_modules/isexe' ]
243 silly reify mark deleted [
243 silly reify   '/Users/bipasasaha/Desktop/SAVEZO/nudenet-main/node_modules/js-yaml',
243 silly reify   '/Users/bipasasaha/Desktop/SAVEZO/nudenet-main/node_modules/.bin/js-yaml'
243 silly reify ]
244 silly reify mark deleted [
244 silly reify   '/Users/bipasasaha/Desktop/SAVEZO/nudenet-main/node_modules/json-buffer'
244 silly reify ]
245 silly reify mark deleted [
245 silly reify   '/Users/bipasasaha/Desktop/SAVEZO/nudenet-main/node_modules/json-schema-traverse'
245 silly reify ]
246 silly reify mark deleted [
246 silly reify   '/Users/bipasasaha/Desktop/SAVEZO/nudenet-main/node_modules/json-stable-stringify-without-jsonify'
246 silly reify ]
247 silly reify mark deleted [
247 silly reify   '/Users/bipasasaha/Desktop/SAVEZO/nudenet-main/node_modules/json5',
247 silly reify   '/Users/bipasasaha/Desktop/SAVEZO/nudenet-main/node_modules/.bin/json5'
247 silly reify ]
248 silly reify mark deleted [
248 silly reify   '/Users/bipasasaha/Desktop/SAVEZO/nudenet-main/node_modules/jsonc-parser'
248 silly reify ]
249 silly reify mark deleted [ '/Users/bipasasaha/Desktop/SAVEZO/nudenet-main/node_modules/keyv' ]
250 silly reify mark deleted [ '/Users/bipasasaha/Desktop/SAVEZO/nudenet-main/node_modules/levn' ]
251 silly reify mark deleted [
251 silly reify   '/Users/bipasasaha/Desktop/SAVEZO/nudenet-main/node_modules/locate-path'
251 silly reify ]
252 silly reify mark deleted [ '/Users/bipasasaha/Desktop/SAVEZO/nudenet-main/node_modules/lodash' ]
253 silly reify mark deleted [
253 silly reify   '/Users/bipasasaha/Desktop/SAVEZO/nudenet-main/node_modules/lodash.merge'
253 silly reify ]
254 silly reify mark deleted [ '/Users/bipasasaha/Desktop/SAVEZO/nudenet-main/node_modules/long' ]
255 silly reify mark deleted [ '/Users/bipasasaha/Desktop/SAVEZO/nudenet-main/node_modules/lunr' ]
256 silly reify mark deleted [
256 silly reify   '/Users/bipasasaha/Desktop/SAVEZO/nudenet-main/node_modules/make-dir'
256 silly reify ]
257 silly reify mark deleted [
257 silly reify   '/Users/bipasasaha/Desktop/SAVEZO/nudenet-main/node_modules/make-dir/node_modules/semver',
257 silly reify   '/Users/bipasasaha/Desktop/SAVEZO/nudenet-main/node_modules/make-dir/node_modules/.bin/semver'
257 silly reify ]
258 silly reify mark deleted [
258 silly reify   '/Users/bipasasaha/Desktop/SAVEZO/nudenet-main/node_modules/marked',
258 silly reify   '/Users/bipasasaha/Desktop/SAVEZO/nudenet-main/node_modules/.bin/marked'
258 silly reify ]
259 silly reify mark deleted [ '/Users/bipasasaha/Desktop/SAVEZO/nudenet-main/node_modules/merge2' ]
260 silly reify mark deleted [
260 silly reify   '/Users/bipasasaha/Desktop/SAVEZO/nudenet-main/node_modules/micromatch'
260 silly reify ]
261 silly reify mark deleted [
261 silly reify   '/Users/bipasasaha/Desktop/SAVEZO/nudenet-main/node_modules/mimic-response'
261 silly reify ]
262 silly reify mark deleted [
262 silly reify   '/Users/bipasasaha/Desktop/SAVEZO/nudenet-main/node_modules/minimatch'
262 silly reify ]
263 silly reify mark deleted [
263 silly reify   '/Users/bipasasaha/Desktop/SAVEZO/nudenet-main/node_modules/minimist'
263 silly reify ]
264 silly reify mark deleted [
264 silly reify   '/Users/bipasasaha/Desktop/SAVEZO/nudenet-main/node_modules/minipass'
264 silly reify ]
265 silly reify mark deleted [
265 silly reify   '/Users/bipasasaha/Desktop/SAVEZO/nudenet-main/node_modules/minizlib'
265 silly reify ]
266 silly reify mark deleted [
266 silly reify   '/Users/bipasasaha/Desktop/SAVEZO/nudenet-main/node_modules/minizlib/node_modules/minipass'
266 silly reify ]
267 silly reify mark deleted [
267 silly reify   '/Users/bipasasaha/Desktop/SAVEZO/nudenet-main/node_modules/mkdirp',
267 silly reify   '/Users/bipasasaha/Desktop/SAVEZO/nudenet-main/node_modules/.bin/mkdirp'
267 silly reify ]
268 silly reify mark deleted [ '/Users/bipasasaha/Desktop/SAVEZO/nudenet-main/node_modules/ms' ]
269 silly reify mark deleted [ '/Users/bipasasaha/Desktop/SAVEZO/nudenet-main/node_modules/nan' ]
270 silly reify mark deleted [
270 silly reify   '/Users/bipasasaha/Desktop/SAVEZO/nudenet-main/node_modules/natural-compare'
270 silly reify ]
271 silly reify mark deleted [
271 silly reify   '/Users/bipasasaha/Desktop/SAVEZO/nudenet-main/node_modules/node-exports-info'
271 silly reify ]
272 silly reify mark deleted [
272 silly reify   '/Users/bipasasaha/Desktop/SAVEZO/nudenet-main/node_modules/node-exports-info/node_modules/semver',
272 silly reify   '/Users/bipasasaha/Desktop/SAVEZO/nudenet-main/node_modules/node-exports-info/node_modules/.bin/semver'
272 silly reify ]
273 silly reify mark deleted [
273 silly reify   '/Users/bipasasaha/Desktop/SAVEZO/nudenet-main/node_modules/nopt',
273 silly reify   '/Users/bipasasaha/Desktop/SAVEZO/nudenet-main/node_modules/.bin/nopt'
273 silly reify ]
274 silly reify mark deleted [ '/Users/bipasasaha/Desktop/SAVEZO/nudenet-main/node_modules/npmlog' ]
275 silly reify mark deleted [
275 silly reify   '/Users/bipasasaha/Desktop/SAVEZO/nudenet-main/node_modules/object-assign'
275 silly reify ]
276 silly reify mark deleted [
276 silly reify   '/Users/bipasasaha/Desktop/SAVEZO/nudenet-main/node_modules/object-inspect'
276 silly reify ]
277 silly reify mark deleted [
277 silly reify   '/Users/bipasasaha/Desktop/SAVEZO/nudenet-main/node_modules/object-keys'
277 silly reify ]
278 silly reify mark deleted [
278 silly reify   '/Users/bipasasaha/Desktop/SAVEZO/nudenet-main/node_modules/object.assign'
278 silly reify ]
279 silly reify mark deleted [
279 silly reify   '/Users/bipasasaha/Desktop/SAVEZO/nudenet-main/node_modules/object.entries'
279 silly reify ]
280 silly reify mark deleted [
280 silly reify   '/Users/bipasasaha/Desktop/SAVEZO/nudenet-main/node_modules/object.fromentries'
280 silly reify ]
281 silly reify mark deleted [
281 silly reify   '/Users/bipasasaha/Desktop/SAVEZO/nudenet-main/node_modules/object.groupby'
281 silly reify ]
282 silly reify mark deleted [
282 silly reify   '/Users/bipasasaha/Desktop/SAVEZO/nudenet-main/node_modules/object.values'
282 silly reify ]
283 silly reify mark deleted [ '/Users/bipasasaha/Desktop/SAVEZO/nudenet-main/node_modules/once' ]
284 silly reify mark deleted [
284 silly reify   '/Users/bipasasaha/Desktop/SAVEZO/nudenet-main/node_modules/optionator'
284 silly reify ]
285 silly reify mark deleted [
285 silly reify   '/Users/bipasasaha/Desktop/SAVEZO/nudenet-main/node_modules/own-keys'
285 silly reify ]
286 silly reify mark deleted [
286 silly reify   '/Users/bipasasaha/Desktop/SAVEZO/nudenet-main/node_modules/p-limit'
286 silly reify ]
287 silly reify mark deleted [
287 silly reify   '/Users/bipasasaha/Desktop/SAVEZO/nudenet-main/node_modules/p-locate'
287 silly reify ]
288 silly reify mark deleted [
288 silly reify   '/Users/bipasasaha/Desktop/SAVEZO/nudenet-main/node_modules/parent-module'
288 silly reify ]
289 silly reify mark deleted [
289 silly reify   '/Users/bipasasaha/Desktop/SAVEZO/nudenet-main/node_modules/path-exists'
289 silly reify ]
290 silly reify mark deleted [
290 silly reify   '/Users/bipasasaha/Desktop/SAVEZO/nudenet-main/node_modules/path-is-absolute'
290 silly reify ]
291 silly reify mark deleted [
291 silly reify   '/Users/bipasasaha/Desktop/SAVEZO/nudenet-main/node_modules/path-key'
291 silly reify ]
292 silly reify mark deleted [
292 silly reify   '/Users/bipasasaha/Desktop/SAVEZO/nudenet-main/node_modules/path-parse'
292 silly reify ]
293 silly reify mark deleted [
293 silly reify   '/Users/bipasasaha/Desktop/SAVEZO/nudenet-main/node_modules/path-type'
293 silly reify ]
294 silly reify mark deleted [
294 silly reify   '/Users/bipasasaha/Desktop/SAVEZO/nudenet-main/node_modules/picomatch'
294 silly reify ]
295 silly reify mark deleted [
295 silly reify   '/Users/bipasasaha/Desktop/SAVEZO/nudenet-main/node_modules/pipe2jpeg'
295 silly reify ]
296 silly reify mark deleted [
296 silly reify   '/Users/bipasasaha/Desktop/SAVEZO/nudenet-main/node_modules/possible-typed-array-names'
296 silly reify ]
297 silly reify mark deleted [
297 silly reify   '/Users/bipasasaha/Desktop/SAVEZO/nudenet-main/node_modules/prelude-ls'
297 silly reify ]
298 silly reify mark deleted [
298 silly reify   '/Users/bipasasaha/Desktop/SAVEZO/nudenet-main/node_modules/progress'
298 silly reify ]
299 silly reify mark deleted [
299 silly reify   '/Users/bipasasaha/Desktop/SAVEZO/nudenet-main/node_modules/punycode'
299 silly reify ]
300 silly reify mark deleted [
300 silly reify   '/Users/bipasasaha/Desktop/SAVEZO/nudenet-main/node_modules/queue-microtask'
300 silly reify ]
301 silly reify mark deleted [
301 silly reify   '/Users/bipasasaha/Desktop/SAVEZO/nudenet-main/node_modules/readable-stream'
301 silly reify ]
302 silly reify mark deleted [
302 silly reify   '/Users/bipasasaha/Desktop/SAVEZO/nudenet-main/node_modules/reflect.getprototypeof'
302 silly reify ]
303 silly reify mark deleted [
303 silly reify   '/Users/bipasasaha/Desktop/SAVEZO/nudenet-main/node_modules/regexp.prototype.flags'
303 silly reify ]
304 silly reify mark deleted [
304 silly reify   '/Users/bipasasaha/Desktop/SAVEZO/nudenet-main/node_modules/regexpp'
304 silly reify ]
305 silly reify mark deleted [
305 silly reify   '/Users/bipasasaha/Desktop/SAVEZO/nudenet-main/node_modules/resolve',
305 silly reify   '/Users/bipasasaha/Desktop/SAVEZO/nudenet-main/node_modules/.bin/resolve'
305 silly reify ]
306 silly reify mark deleted [
306 silly reify   '/Users/bipasasaha/Desktop/SAVEZO/nudenet-main/node_modules/resolve-from'
306 silly reify ]
307 silly reify mark deleted [
307 silly reify   '/Users/bipasasaha/Desktop/SAVEZO/nudenet-main/node_modules/reusify'
307 silly reify ]
308 silly reify mark deleted [
308 silly reify   '/Users/bipasasaha/Desktop/SAVEZO/nudenet-main/node_modules/rimraf',
308 silly reify   '/Users/bipasasaha/Desktop/SAVEZO/nudenet-main/node_modules/.bin/rimraf'
308 silly reify ]
309 silly reify mark deleted [
309 silly reify   '/Users/bipasasaha/Desktop/SAVEZO/nudenet-main/node_modules/run-parallel'
309 silly reify ]
310 silly reify mark deleted [
310 silly reify   '/Users/bipasasaha/Desktop/SAVEZO/nudenet-main/node_modules/safe-array-concat'
310 silly reify ]
311 silly reify mark deleted [
311 silly reify   '/Users/bipasasaha/Desktop/SAVEZO/nudenet-main/node_modules/safe-push-apply'
311 silly reify ]
312 silly reify mark deleted [
312 silly reify   '/Users/bipasasaha/Desktop/SAVEZO/nudenet-main/node_modules/safe-regex-test'
312 silly reify ]
313 silly reify mark deleted [
313 silly reify   '/Users/bipasasaha/Desktop/SAVEZO/nudenet-main/node_modules/semver',
313 silly reify   '/Users/bipasasaha/Desktop/SAVEZO/nudenet-main/node_modules/.bin/semver'
313 silly reify ]
314 silly reify mark deleted [
314 silly reify   '/Users/bipasasaha/Desktop/SAVEZO/nudenet-main/node_modules/set-blocking'
314 silly reify ]
315 silly reify mark deleted [
315 silly reify   '/Users/bipasasaha/Desktop/SAVEZO/nudenet-main/node_modules/set-function-length'
315 silly reify ]
316 silly reify mark deleted [
316 silly reify   '/Users/bipasasaha/Desktop/SAVEZO/nudenet-main/node_modules/set-function-name'
316 silly reify ]
317 silly reify mark deleted [
317 silly reify   '/Users/bipasasaha/Desktop/SAVEZO/nudenet-main/node_modules/set-proto'
317 silly reify ]
318 silly reify mark deleted [
318 silly reify   '/Users/bipasasaha/Desktop/SAVEZO/nudenet-main/node_modules/shebang-command'
318 silly reify ]
319 silly reify mark deleted [
319 silly reify   '/Users/bipasasaha/Desktop/SAVEZO/nudenet-main/node_modules/shebang-regex'
319 silly reify ]
320 silly reify mark deleted [ '/Users/bipasasaha/Desktop/SAVEZO/nudenet-main/node_modules/shiki' ]
321 silly reify mark deleted [
321 silly reify   '/Users/bipasasaha/Desktop/SAVEZO/nudenet-main/node_modules/side-channel'
321 silly reify ]
322 silly reify mark deleted [
322 silly reify   '/Users/bipasasaha/Desktop/SAVEZO/nudenet-main/node_modules/side-channel-list'
322 silly reify ]
323 silly reify mark deleted [
323 silly reify   '/Users/bipasasaha/Desktop/SAVEZO/nudenet-main/node_modules/side-channel-map'
323 silly reify ]
324 silly reify mark deleted [
324 silly reify   '/Users/bipasasaha/Desktop/SAVEZO/nudenet-main/node_modules/side-channel-weakmap'
324 silly reify ]
325 silly reify mark deleted [
325 silly reify   '/Users/bipasasaha/Desktop/SAVEZO/nudenet-main/node_modules/signal-exit'
325 silly reify ]
326 silly reify mark deleted [
326 silly reify   '/Users/bipasasaha/Desktop/SAVEZO/nudenet-main/node_modules/simple-concat'
326 silly reify ]
327 silly reify mark deleted [
327 silly reify   '/Users/bipasasaha/Desktop/SAVEZO/nudenet-main/node_modules/simple-get'
327 silly reify ]
328 silly reify mark deleted [ '/Users/bipasasaha/Desktop/SAVEZO/nudenet-main/node_modules/slash' ]
329 silly reify mark deleted [
329 silly reify   '/Users/bipasasaha/Desktop/SAVEZO/nudenet-main/node_modules/stop-iteration-iterator'
329 silly reify ]
330 silly reify mark deleted [
330 silly reify   '/Users/bipasasaha/Desktop/SAVEZO/nudenet-main/node_modules/string.prototype.trim'
330 silly reify ]
331 silly reify mark deleted [
331 silly reify   '/Users/bipasasaha/Desktop/SAVEZO/nudenet-main/node_modules/string.prototype.trimend'
331 silly reify ]
332 silly reify mark deleted [
332 silly reify   '/Users/bipasasaha/Desktop/SAVEZO/nudenet-main/node_modules/string.prototype.trimstart'
332 silly reify ]
333 silly reify mark deleted [
333 silly reify   '/Users/bipasasaha/Desktop/SAVEZO/nudenet-main/node_modules/strip-bom'
333 silly reify ]
334 silly reify mark deleted [
334 silly reify   '/Users/bipasasaha/Desktop/SAVEZO/nudenet-main/node_modules/strip-json-comments'
334 silly reify ]
335 silly reify mark deleted [
335 silly reify   '/Users/bipasasaha/Desktop/SAVEZO/nudenet-main/node_modules/supports-preserve-symlinks-flag'
335 silly reify ]
336 silly reify mark deleted [ '/Users/bipasasaha/Desktop/SAVEZO/nudenet-main/node_modules/tar' ]
337 silly reify mark deleted [
337 silly reify   '/Users/bipasasaha/Desktop/SAVEZO/nudenet-main/node_modules/text-table'
337 silly reify ]
338 silly reify mark deleted [
338 silly reify   '/Users/bipasasaha/Desktop/SAVEZO/nudenet-main/node_modules/to-regex-range'
338 silly reify ]
339 silly reify mark deleted [
339 silly reify   '/Users/bipasasaha/Desktop/SAVEZO/nudenet-main/node_modules/ts-api-utils'
339 silly reify ]
340 silly reify mark deleted [
340 silly reify   '/Users/bipasasaha/Desktop/SAVEZO/nudenet-main/node_modules/tsconfig-paths'
340 silly reify ]
341 silly reify mark deleted [ '/Users/bipasasaha/Desktop/SAVEZO/nudenet-main/node_modules/tslib' ]
342 silly reify mark deleted [
342 silly reify   '/Users/bipasasaha/Desktop/SAVEZO/nudenet-main/node_modules/type-check'
342 silly reify ]
343 silly reify mark deleted [
343 silly reify   '/Users/bipasasaha/Desktop/SAVEZO/nudenet-main/node_modules/type-fest'
343 silly reify ]
344 silly reify mark deleted [
344 silly reify   '/Users/bipasasaha/Desktop/SAVEZO/nudenet-main/node_modules/typed-array-buffer'
344 silly reify ]
345 silly reify mark deleted [
345 silly reify   '/Users/bipasasaha/Desktop/SAVEZO/nudenet-main/node_modules/typed-array-byte-length'
345 silly reify ]
346 silly reify mark deleted [
346 silly reify   '/Users/bipasasaha/Desktop/SAVEZO/nudenet-main/node_modules/typed-array-byte-offset'
346 silly reify ]
347 silly reify mark deleted [
347 silly reify   '/Users/bipasasaha/Desktop/SAVEZO/nudenet-main/node_modules/typed-array-length'
347 silly reify ]
348 silly reify mark deleted [
348 silly reify   '/Users/bipasasaha/Desktop/SAVEZO/nudenet-main/node_modules/typedoc',
348 silly reify   '/Users/bipasasaha/Desktop/SAVEZO/nudenet-main/node_modules/.bin/typedoc'
348 silly reify ]
349 silly reify mark deleted [
349 silly reify   '/Users/bipasasaha/Desktop/SAVEZO/nudenet-main/node_modules/typescript',
349 silly reify   '/Users/bipasasaha/Desktop/SAVEZO/nudenet-main/node_modules/.bin/tsc',
349 silly reify   '/Users/bipasasaha/Desktop/SAVEZO/nudenet-main/node_modules/.bin/tsserver'
349 silly reify ]
350 silly reify mark deleted [
350 silly reify   '/Users/bipasasaha/Desktop/SAVEZO/nudenet-main/node_modules/unbox-primitive'
350 silly reify ]
351 silly reify mark deleted [ '/Users/bipasasaha/Desktop/SAVEZO/nudenet-main/node_modules/uri-js' ]
352 silly reify mark deleted [
352 silly reify   '/Users/bipasasaha/Desktop/SAVEZO/nudenet-main/node_modules/util-deprecate'
352 silly reify ]
353 silly reify mark deleted [
353 silly reify   '/Users/bipasasaha/Desktop/SAVEZO/nudenet-main/node_modules/vscode-json-languageservice'
353 silly reify ]
354 silly reify mark deleted [
354 silly reify   '/Users/bipasasaha/Desktop/SAVEZO/nudenet-main/node_modules/vscode-languageserver-textdocument'
354 silly reify ]
355 silly reify mark deleted [
355 silly reify   '/Users/bipasasaha/Desktop/SAVEZO/nudenet-main/node_modules/vscode-languageserver-types'
355 silly reify ]
356 silly reify mark deleted [
356 silly reify   '/Users/bipasasaha/Desktop/SAVEZO/nudenet-main/node_modules/vscode-nls'
356 silly reify ]
357 silly reify mark deleted [
357 silly reify   '/Users/bipasasaha/Desktop/SAVEZO/nudenet-main/node_modules/vscode-oniguruma'
357 silly reify ]
358 silly reify mark deleted [
358 silly reify   '/Users/bipasasaha/Desktop/SAVEZO/nudenet-main/node_modules/vscode-textmate'
358 silly reify ]
359 silly reify mark deleted [
359 silly reify   '/Users/bipasasaha/Desktop/SAVEZO/nudenet-main/node_modules/vscode-uri'
359 silly reify ]
360 silly reify mark deleted [
360 silly reify   '/Users/bipasasaha/Desktop/SAVEZO/nudenet-main/node_modules/which',
360 silly reify   '/Users/bipasasaha/Desktop/SAVEZO/nudenet-main/node_modules/.bin/node-which'
360 silly reify ]
361 silly reify mark deleted [
361 silly reify   '/Users/bipasasaha/Desktop/SAVEZO/nudenet-main/node_modules/which-boxed-primitive'
361 silly reify ]
362 silly reify mark deleted [
362 silly reify   '/Users/bipasasaha/Desktop/SAVEZO/nudenet-main/node_modules/which-builtin-type'
362 silly reify ]
363 silly reify mark deleted [
363 silly reify   '/Users/bipasasaha/Desktop/SAVEZO/nudenet-main/node_modules/which-collection'
363 silly reify ]
364 silly reify mark deleted [
364 silly reify   '/Users/bipasasaha/Desktop/SAVEZO/nudenet-main/node_modules/which-typed-array'
364 silly reify ]
365 silly reify mark deleted [
365 silly reify   '/Users/bipasasaha/Desktop/SAVEZO/nudenet-main/node_modules/wide-align'
365 silly reify ]
366 silly reify mark deleted [
366 silly reify   '/Users/bipasasaha/Desktop/SAVEZO/nudenet-main/node_modules/word-wrap'
366 silly reify ]
367 silly reify mark deleted [ '/Users/bipasasaha/Desktop/SAVEZO/nudenet-main/node_modules/wrappy' ]
368 silly reify mark deleted [
368 silly reify   '/Users/bipasasaha/Desktop/SAVEZO/nudenet-main/node_modules/yallist'
368 silly reify ]
369 silly reify mark deleted [
369 silly reify   '/Users/bipasasaha/Desktop/SAVEZO/nudenet-main/node_modules/yocto-queue'
369 silly reify ]
370 silly reify mark deleted [
370 silly reify   '/Users/bipasasaha/Desktop/SAVEZO/nudenet-main/node_modules/@tensorflow/tfjs-node'
370 silly reify ]
371 silly audit bulk request {
371 silly audit   '@tensorflow/tfjs': [ '4.22.0' ],
371 silly audit   '@tensorflow/tfjs-backend-cpu': [ '4.22.0' ],
371 silly audit   '@tensorflow/tfjs-backend-webgl': [ '4.22.0' ],
371 silly audit   '@tensorflow/tfjs-converter': [ '4.22.0' ],
371 silly audit   '@tensorflow/tfjs-core': [ '4.22.0' ],
371 silly audit   '@types/offscreencanvas': [ '2019.7.3', '2019.3.0' ],
371 silly audit   long: [ '4.0.0' ],
371 silly audit   '@tensorflow/tfjs-data': [ '4.22.0' ],
371 silly audit   '@tensorflow/tfjs-layers': [ '4.22.0' ],
371 silly audit   argparse: [ '1.0.10', '2.0.1' ],
371 silly audit   '@types/long': [ '4.0.2' ],
371 silly audit   '@types/node': [ '25.9.2' ],
371 silly audit   '@types/node-fetch': [ '2.6.13' ],
371 silly audit   '@types/seedrandom': [ '2.4.34' ],
371 silly audit   'undici-types': [ '7.24.6' ],
371 silly audit   '@webgpu/types': [ '0.1.38' ],
371 silly audit   'ansi-regex': [ '5.0.1' ],
371 silly audit   'ansi-styles': [ '4.3.0' ],
371 silly audit   asynckit: [ '0.4.0' ],
371 silly audit   'call-bind-apply-helpers': [ '1.0.2' ],
371 silly audit   chalk: [ '4.1.2' ],
371 silly audit   cliui: [ '7.0.4' ],
371 silly audit   'color-convert': [ '2.0.1' ],
371 silly audit   'color-name': [ '1.1.4' ],
371 silly audit   'combined-stream': [ '1.0.8' ],
371 silly audit   'core-js': [ '3.29.1' ],
371 silly audit   'delayed-stream': [ '1.0.0' ],
371 silly audit   'dunder-proto': [ '1.0.1' ],
371 silly audit   'emoji-regex': [ '8.0.0' ],
371 silly audit   'es-define-property': [ '1.0.1' ],
371 silly audit   'es-errors': [ '1.3.0' ],
371 silly audit   'es-object-atoms': [ '1.1.2' ],
371 silly audit   'es-set-tostringtag': [ '2.1.0' ],
371 silly audit   escalade: [ '3.2.0' ],
371 silly audit   'form-data': [ '4.0.5' ],
371 silly audit   'function-bind': [ '1.1.2' ],
371 silly audit   'get-caller-file': [ '2.0.5' ],
371 silly audit   'get-intrinsic': [ '1.3.0' ],
371 silly audit   'get-proto': [ '1.0.1' ],
371 silly audit   gopd: [ '1.2.0' ],
371 silly audit   'has-flag': [ '4.0.0' ],
371 silly audit   'has-symbols': [ '1.1.0' ],
371 silly audit   'has-tostringtag': [ '1.0.2' ],
371 silly audit   hasown: [ '2.0.4' ],
371 silly audit   'is-fullwidth-code-point': [ '3.0.0' ],
371 silly audit   'math-intrinsics': [ '1.1.0' ],
371 silly audit   'mime-db': [ '1.52.0' ],
371 silly audit   'mime-types': [ '2.1.35' ],
371 silly audit   'node-fetch': [ '2.6.13' ],
371 silly audit   'regenerator-runtime': [ '0.13.11' ],
371 silly audit   'require-directory': [ '2.1.1' ],
371 silly audit   'safe-buffer': [ '5.2.1' ],
371 silly audit   seedrandom: [ '3.0.5' ],
371 silly audit   'sprintf-js': [ '1.0.3' ],
371 silly audit   string_decoder: [ '1.3.0' ],
371 silly audit   'string-width': [ '4.2.3' ],
371 silly audit   'strip-ansi': [ '6.0.1' ],
371 silly audit   'supports-color': [ '7.2.0' ],
371 silly audit   tr46: [ '0.0.3' ],
371 silly audit   'webidl-conversions': [ '3.0.1' ],
371 silly audit   'whatwg-url': [ '5.0.0' ],
371 silly audit   'wrap-ansi': [ '7.0.0' ],
371 silly audit   y18n: [ '5.0.8' ],
371 silly audit   yargs: [ '16.2.0' ],
371 silly audit   'yargs-parser': [ '20.2.9' ]
371 silly audit }
372 http fetch POST 200 https://registry.npmjs.org/-/npm/v1/security/advisories/bulk 593ms
373 silly audit report {}
374 silly ADD
375 silly ADD
376 silly ADD
377 silly ADD
378 silly ADD
379 silly ADD
380 silly ADD
381 silly ADD
382 silly ADD
383 silly ADD
384 silly ADD
385 silly ADD
386 silly ADD
387 silly ADD
388 silly ADD
389 silly ADD
390 silly ADD
391 silly ADD
392 silly ADD
393 silly ADD
394 silly ADD
395 silly ADD
396 silly ADD
397 silly ADD
398 silly ADD
399 silly ADD
400 silly ADD
401 silly ADD
402 silly ADD
403 silly ADD
404 silly ADD
405 silly ADD
406 silly ADD
407 silly ADD
408 silly ADD
409 silly ADD
410 silly ADD
411 silly ADD
412 silly ADD
413 silly ADD
414 silly ADD
415 silly ADD
416 silly ADD
417 silly ADD
418 silly ADD
419 silly ADD
420 silly ADD
421 silly ADD
422 silly ADD
423 silly ADD
424 silly ADD
425 silly ADD
426 silly ADD
427 silly ADD
428 silly ADD
429 silly ADD
430 silly ADD
431 silly ADD
432 silly ADD
433 silly ADD
434 silly ADD
435 silly ADD
436 silly ADD
437 silly ADD
438 silly ADD
439 silly ADD
440 silly ADD
441 silly ADD
442 silly ADD
443 silly ADD
444 silly ADD
445 silly ADD
446 silly ADD
447 silly ADD
448 silly ADD
449 silly ADD
450 silly ADD
451 silly ADD
452 silly ADD
453 silly ADD
454 silly ADD
455 silly ADD
456 silly ADD
457 silly ADD
458 silly ADD
459 silly ADD
460 silly ADD
461 silly ADD
462 silly ADD
463 silly ADD
464 silly ADD
465 silly ADD
466 silly ADD
467 silly ADD
468 silly ADD
469 silly ADD
470 silly ADD
471 silly ADD
472 silly ADD
473 silly ADD node_modules/semver
474 silly ADD
475 silly ADD
476 silly ADD
477 silly ADD
478 silly ADD
479 silly ADD node_modules/minipass
480 silly ADD
481 silly ADD
482 silly ADD
483 silly ADD
484 silly ADD
485 silly ADD
486 silly ADD
487 silly ADD
488 silly ADD node_modules/semver
489 silly ADD
490 silly ADD
491 silly ADD
492 silly ADD
493 silly ADD
494 silly ADD
495 silly ADD
496 silly ADD
497 silly ADD
498 silly ADD
499 silly ADD
500 silly ADD
501 silly ADD
502 silly ADD
503 silly ADD
504 silly ADD
505 silly ADD
506 silly ADD
507 silly ADD
508 silly ADD
509 silly ADD
510 silly ADD
511 silly ADD
512 silly ADD
513 silly ADD
514 silly ADD
515 silly ADD
516 silly ADD
517 silly ADD
518 silly ADD
519 silly ADD
520 silly ADD
521 silly ADD
522 silly ADD
523 silly ADD
524 silly ADD
525 silly ADD
526 silly ADD
527 silly ADD
528 silly ADD
529 silly ADD
530 silly ADD
531 silly ADD
532 silly ADD
533 silly ADD
534 silly ADD
535 silly ADD
536 silly ADD
537 silly ADD node_modules/debug
538 silly ADD
539 silly ADD
540 silly ADD
541 silly ADD
542 silly ADD
543 silly ADD
544 silly ADD
545 silly ADD
546 silly ADD
547 silly ADD
548 silly ADD
549 silly ADD
550 silly ADD node_modules/minimatch
551 silly ADD node_modules/brace-expansion
552 silly ADD
553 silly ADD
554 silly ADD
555 silly ADD
556 silly ADD
557 silly ADD
558 silly ADD
559 silly ADD node_modules/minipass
560 silly ADD
561 silly ADD
562 silly ADD
563 silly ADD node_modules/rimraf
564 silly ADD
565 silly ADD
566 silly ADD
567 silly ADD
568 silly ADD
569 silly ADD
570 silly ADD
571 silly ADD node_modules/glob-parent
572 silly ADD
573 silly ADD
574 silly ADD
575 silly ADD
576 silly ADD
577 silly ADD
578 silly ADD
579 silly ADD
580 silly ADD node_modules/eslint-visitor-keys
581 silly ADD
582 silly ADD
583 silly ADD
584 silly ADD node_modules/semver
585 silly ADD node_modules/resolve
586 silly ADD node_modules/minimatch
587 silly ADD node_modules/brace-expansion
588 silly ADD
589 silly ADD
590 silly ADD node_modules/semver
591 silly ADD node_modules/minimatch
592 silly ADD node_modules/doctrine
593 silly ADD node_modules/debug
594 silly ADD node_modules/brace-expansion
595 silly ADD
596 silly ADD
597 silly ADD
598 silly ADD node_modules/debug
599 silly ADD
600 silly ADD node_modules/debug
601 silly ADD
602 silly ADD node_modules/semver
603 silly ADD
604 silly ADD node_modules/minimatch
605 silly ADD node_modules/brace-expansion
606 silly ADD
607 silly ADD
608 silly ADD
609 silly ADD
610 silly ADD
611 silly ADD
612 silly ADD
613 silly ADD
614 silly ADD
615 silly ADD
616 silly ADD
617 silly ADD
618 silly ADD
619 silly ADD
620 silly ADD
621 silly ADD
622 silly ADD
623 silly ADD
624 silly ADD
625 silly ADD
626 silly ADD
627 silly ADD
628 silly ADD
629 silly ADD
630 silly ADD
631 silly ADD
632 silly ADD
633 silly ADD
634 silly ADD
635 silly ADD
636 silly ADD
637 silly ADD
638 silly ADD
639 silly ADD
640 silly ADD
641 silly ADD
642 silly ADD
643 silly ADD
644 silly ADD
645 silly ADD
646 silly ADD
647 silly ADD
648 silly ADD
649 silly ADD
650 silly ADD
651 silly ADD
652 silly ADD
653 silly ADD
654 silly ADD
655 silly ADD
656 silly ADD
657 silly ADD
658 silly ADD
659 silly ADD
660 silly ADD
661 silly ADD
662 silly ADD
663 silly ADD
664 silly ADD node_modules/undici-types
665 silly ADD node_modules/@types/node
666 silly ADD
667 silly ADD
668 silly ADD
669 silly ADD
670 silly ADD
671 silly ADD
672 silly ADD
673 silly ADD
674 silly ADD
675 silly ADD
676 silly ADD
677 silly ADD
678 silly ADD
679 silly ADD node_modules/@tensorflow/tfjs-backend-cpu
680 silly ADD
681 silly ADD
682 silly ADD
683 silly ADD
684 silly ADD
685 silly ADD node_modules/rimraf
686 silly ADD node_modules/https-proxy-agent
687 silly ADD node_modules/agent-base
688 silly ADD
689 silly ADD
690 silly ADD
691 silly ADD node_modules/minimatch
692 silly ADD node_modules/brace-expansion
693 silly ADD
694 silly ADD
695 silly ADD
696 silly ADD
697 silly ADD node_modules/minimatch
698 silly ADD node_modules/brace-expansion
699 silly ADD
700 silly ADD
701 silly ADD
702 silly ADD
703 silly ADD
704 silly ADD
705 silly ADD
706 silly ADD
707 silly ADD
708 silly ADD
709 silly ADD
710 silly ADD
711 silly ADD
712 silly ADD
713 silly ADD
714 silly ADD
715 silly ADD
716 silly ADD
717 silly ADD
718 silly ADD
719 silly ADD
720 silly ADD
721 silly ADD
722 silly ADD
723 silly ADD
724 verbose cwd /Users/bipasasaha/Desktop/SAVEZO/nudenet-main
725 verbose os Darwin 25.5.0
726 verbose node v22.20.0
727 verbose npm  v10.9.3
728 verbose exit 0
729 info ok
