0 verbose cli /usr/local/bin/node /usr/local/bin/npm
1 info using npm@10.9.3
2 info using node@v22.20.0
3 silly config load:file:/usr/local/lib/node_modules/npm/npmrc
4 silly config load:file:/Users/bipasasaha/Desktop/SAVEZO/nudenet-main/.npmrc
5 silly config load:file:/Users/bipasasaha/.npmrc
6 silly config load:file:/usr/local/etc/npmrc
7 verbose title npm install
8 verbose argv "install" "--legacy-peer-deps" "--cache" "./npm_cache"
9 verbose logfile logs-max:10 dir:/Users/bipasasaha/Desktop/SAVEZO/nudenet-main/npm_cache/_logs/2026-06-07T22_57_24_653Z-
10 verbose logfile /Users/bipasasaha/Desktop/SAVEZO/nudenet-main/npm_cache/_logs/2026-06-07T22_57_24_653Z-debug-0.log
11 silly logfile done cleaning log files
12 silly packumentCache heap:4345298944 maxSize:1086324736 maxEntrySize:543162368
13 silly idealTree buildDeps
14 silly reify moves {}
15 silly audit bulk request {
15 silly audit   '@esbuild/aix-ppc64': [ '0.19.12' ],
15 silly audit   '@esbuild/android-arm': [ '0.19.12' ],
15 silly audit   '@esbuild/android-arm64': [ '0.19.12' ],
15 silly audit   '@esbuild/android-x64': [ '0.19.12' ],
15 silly audit   '@esbuild/darwin-arm64': [ '0.19.12' ],
15 silly audit   '@esbuild/darwin-x64': [ '0.19.12' ],
15 silly audit   '@esbuild/freebsd-arm64': [ '0.19.12' ],
15 silly audit   '@esbuild/freebsd-x64': [ '0.19.12' ],
15 silly audit   '@esbuild/linux-arm': [ '0.19.12' ],
15 silly audit   '@esbuild/linux-arm64': [ '0.19.12' ],
15 silly audit   '@esbuild/linux-ia32': [ '0.19.12' ],
15 silly audit   '@esbuild/linux-loong64': [ '0.19.12' ],
15 silly audit   '@esbuild/linux-mips64el': [ '0.19.12' ],
15 silly audit   '@esbuild/linux-ppc64': [ '0.19.12' ],
15 silly audit   '@esbuild/linux-riscv64': [ '0.19.12' ],
15 silly audit   '@esbuild/linux-s390x': [ '0.19.12' ],
15 silly audit   '@esbuild/linux-x64': [ '0.19.12' ],
15 silly audit   '@esbuild/netbsd-x64': [ '0.19.12' ],
15 silly audit   '@esbuild/openbsd-x64': [ '0.19.12' ],
15 silly audit   '@esbuild/sunos-x64': [ '0.19.12' ],
15 silly audit   '@esbuild/win32-arm64': [ '0.19.12' ],
15 silly audit   '@esbuild/win32-ia32': [ '0.19.12' ],
15 silly audit   '@esbuild/win32-x64': [ '0.19.12' ],
15 silly audit   '@eslint-community/eslint-utils': [ '4.9.1' ],
15 silly audit   '@eslint-community/regexpp': [ '4.12.2' ],
15 silly audit   '@eslint/eslintrc': [ '2.1.4' ],
15 silly audit   'brace-expansion': [ '1.1.15', '2.1.1' ],
15 silly audit   minimatch: [ '3.1.5', '9.0.3' ],
15 silly audit   '@eslint/js': [ '8.57.1' ],
15 silly audit   '@html-eslint/eslint-plugin': [ '0.18.0' ],
15 silly audit   '@html-eslint/parser': [ '0.18.0' ],
15 silly audit   '@humanwhocodes/config-array': [ '0.13.0' ],
15 silly audit   '@humanwhocodes/module-importer': [ '1.0.1' ],
15 silly audit   '@humanwhocodes/object-schema': [ '2.0.3' ],
15 silly audit   rimraf: [ '3.0.2' ],
15 silly audit   '@nodelib/fs.scandir': [ '2.1.5' ],
15 silly audit   '@nodelib/fs.stat': [ '2.0.5' ],
15 silly audit   '@nodelib/fs.walk': [ '1.2.8' ],
15 silly audit   '@rtsao/scc': [ '1.1.0' ],
15 silly audit   '@tensorflow/tfjs': [ '4.22.0' ],
15 silly audit   '@tensorflow/tfjs-backend-cpu': [ '4.22.0', '4.5.0' ],
15 silly audit   '@tensorflow/tfjs-backend-webgl': [ '4.22.0' ],
15 silly audit   '@tensorflow/tfjs-backend-webgpu': [ '0.0.1-alpha.20' ],
15 silly audit   '@tensorflow/tfjs-converter': [ '4.22.0' ],
15 silly audit   '@tensorflow/tfjs-core': [ '4.22.0' ],
15 silly audit   '@types/offscreencanvas': [ '2019.7.3', '2019.3.0' ],
15 silly audit   long: [ '4.0.0', '5.3.2' ],
15 silly audit   '@tensorflow/tfjs-data': [ '4.22.0' ],
15 silly audit   '@tensorflow/tfjs-layers': [ '4.22.0' ],
15 silly audit   argparse: [ '1.0.10', '2.0.1' ],
15 silly audit   '@types/json-schema': [ '7.0.15' ],
15 silly audit   '@types/json5': [ '0.0.29' ],
15 silly audit   '@types/long': [ '4.0.2' ],
15 silly audit   '@types/node': [ '25.9.2', '20.19.42' ],
15 silly audit   '@types/node-fetch': [ '2.6.13' ],
15 silly audit   '@types/seedrandom': [ '2.4.34' ],
15 silly audit   '@types/semver': [ '7.7.1' ],
15 silly audit   '@typescript-eslint/eslint-plugin': [ '6.21.0' ],
15 silly audit   '@typescript-eslint/parser': [ '6.21.0' ],
15 silly audit   '@typescript-eslint/scope-manager': [ '6.21.0' ],
15 silly audit   '@typescript-eslint/type-utils': [ '6.21.0' ],
15 silly audit   '@typescript-eslint/types': [ '6.21.0' ],
15 silly audit   '@typescript-eslint/typescript-estree': [ '6.21.0' ],
15 silly audit   '@typescript-eslint/utils': [ '6.21.0' ],
15 silly audit   '@typescript-eslint/visitor-keys': [ '6.21.0' ],
15 silly audit   '@ungap/structured-clone': [ '1.3.1' ],
15 silly audit   '@vladmandic/build': [ '0.9.3' ],
15 silly audit   'undici-types': [ '6.21.0', '7.24.6' ],
15 silly audit   '@vladmandic/pilogger': [ '0.4.9' ],
15 silly audit   '@webgpu/types': [ '0.1.38' ],
15 silly audit   acorn: [ '8.16.0' ],
15 silly audit   'acorn-jsx': [ '5.3.2' ],
15 silly audit   ajv: [ '6.15.0' ],
15 silly audit   'ansi-regex': [ '5.0.1' ],
15 silly audit   'ansi-sequence-parser': [ '1.1.3' ],
15 silly audit   'ansi-styles': [ '4.3.0' ],
15 silly audit   'array-buffer-byte-length': [ '1.0.2' ],
15 silly audit   'array-includes': [ '3.1.9' ],
15 silly audit   'array-union': [ '2.1.0' ],
15 silly audit   'array.prototype.findlastindex': [ '1.2.6' ],
15 silly audit   'array.prototype.flat': [ '1.3.3' ],
15 silly audit   'array.prototype.flatmap': [ '1.3.3' ],
15 silly audit   'arraybuffer.prototype.slice': [ '1.0.4' ],
15 silly audit   'async-function': [ '1.0.0' ],
15 silly audit   asynckit: [ '0.4.0' ],
15 silly audit   'available-typed-arrays': [ '1.0.7' ],
15 silly audit   'balanced-match': [ '1.0.2' ],
15 silly audit   braces: [ '3.0.3' ],
15 silly audit   'call-bind': [ '1.0.9' ],
15 silly audit   'call-bind-apply-helpers': [ '1.0.2' ],
15 silly audit   'call-bound': [ '1.0.4' ],
15 silly audit   callsites: [ '3.1.0' ],
15 silly audit   chalk: [ '4.1.2' ],
15 silly audit   cliui: [ '7.0.4' ],
15 silly audit   'color-convert': [ '2.0.1' ],
15 silly audit   'color-name': [ '1.1.4' ],
15 silly audit   'combined-stream': [ '1.0.8' ],
15 silly audit   'concat-map': [ '0.0.1' ],
15 silly audit   'confusing-browser-globals': [ '1.0.11' ],
15 silly audit   'core-js': [ '3.29.1' ],
15 silly audit   'cross-spawn': [ '7.0.6' ],
15 silly audit   'data-view-buffer': [ '1.0.2' ],
15 silly audit   'data-view-byte-length': [ '1.0.2' ],
15 silly audit   'data-view-byte-offset': [ '1.0.1' ],
15 silly audit   debug: [ '4.4.3', '3.2.7' ],
15 silly audit   'deep-is': [ '0.1.4' ],
15 silly audit   'define-data-property': [ '1.1.4' ],
15 silly audit   'define-properties': [ '1.2.1' ],
15 silly audit   'delayed-stream': [ '1.0.0' ],
15 silly audit   'dir-glob': [ '3.0.1' ],
15 silly audit   doctrine: [ '3.0.0', '2.1.0' ],
15 silly audit   'dom-serializer': [ '2.0.0' ],
15 silly audit   domelementtype: [ '2.3.0' ],
15 silly audit   domhandler: [ '5.0.3' ],
15 silly audit   domutils: [ '3.2.2' ],
15 silly audit   'dunder-proto': [ '1.0.1' ],
15 silly audit   'emoji-regex': [ '8.0.0' ],
15 silly audit   entities: [ '4.5.0' ],
15 silly audit   'es-abstract': [ '1.24.2' ],
15 silly audit   'es-define-property': [ '1.0.1' ],
15 silly audit   'es-errors': [ '1.3.0' ],
15 silly audit   'es-html-parser': [ '0.0.8' ],
15 silly audit   'es-object-atoms': [ '1.1.2' ],
15 silly audit   'es-set-tostringtag': [ '2.1.0' ],
15 silly audit   'es-shim-unscopables': [ '1.1.0' ],
15 silly audit   'es-to-primitive': [ '1.3.0' ],
15 silly audit   esbuild: [ '0.19.12' ],
15 silly audit   escalade: [ '3.2.0' ],
15 silly audit   'escape-string-regexp': [ '4.0.0' ],
15 silly audit   eslint: [ '8.57.1' ],
15 silly audit   'eslint-config-airbnb-base': [ '15.0.0' ],
15 silly audit   semver: [ '6.3.1', '7.8.2' ],
15 silly audit   'eslint-import-resolver-node': [ '0.3.10' ],
15 silly audit   'eslint-module-utils': [ '2.13.0' ],
15 silly audit   'eslint-plugin-es': [ '3.0.1' ],
15 silly audit   'eslint-plugin-html': [ '7.1.0' ],
15 silly audit   'eslint-plugin-import': [ '2.32.0' ],
15 silly audit   'eslint-plugin-json': [ '3.1.0' ],
15 silly audit   'eslint-plugin-node': [ '11.1.0' ],
15 silly audit   resolve: [ '1.22.12', '2.0.0-next.7' ],
15 silly audit   'eslint-plugin-promise': [ '6.6.0' ],
15 silly audit   'eslint-scope': [ '7.2.2' ],
15 silly audit   'eslint-utils': [ '2.1.0' ],
15 silly audit   'eslint-visitor-keys': [ '1.3.0', '3.4.3' ],
15 silly audit   espree: [ '9.6.1' ],
15 silly audit   esquery: [ '1.7.0' ],
15 silly audit   esrecurse: [ '4.3.0' ],
15 silly audit   estraverse: [ '5.3.0' ],
15 silly audit   esutils: [ '2.0.3' ],
15 silly audit   'fast-deep-equal': [ '3.1.3' ],
15 silly audit   'fast-glob': [ '3.3.3' ],
15 silly audit   'glob-parent': [ '5.1.2', '6.0.2' ],
15 silly audit   'fast-json-stable-stringify': [ '2.1.0' ],
15 silly audit   'fast-levenshtein': [ '2.0.6' ],
15 silly audit   fastq: [ '1.20.1' ],
15 silly audit   'file-entry-cache': [ '6.0.1' ],
15 silly audit   'fill-range': [ '7.1.1' ],
15 silly audit   'find-up': [ '5.0.0' ],
15 silly audit   'flat-cache': [ '3.2.0' ],
15 silly audit   flatted: [ '3.4.2' ],
15 silly audit   'for-each': [ '0.3.5' ],
15 silly audit   'form-data': [ '4.0.5' ],
15 silly audit   'fs.realpath': [ '1.0.0' ],
15 silly audit   'function-bind': [ '1.1.2' ],
15 silly audit   'function.prototype.name': [ '1.1.8' ],
15 silly audit   'functions-have-names': [ '1.2.3' ],
15 silly audit   'generator-function': [ '2.0.1' ],
15 silly audit   'get-caller-file': [ '2.0.5' ],
15 silly audit   'get-intrinsic': [ '1.3.0' ],
15 silly audit   'get-proto': [ '1.0.1' ],
15 silly audit   'get-symbol-description': [ '1.1.0' ],
15 silly audit   glob: [ '7.2.3' ],
15 silly audit   globals: [ '13.24.0' ],
15 silly audit   globalthis: [ '1.0.4' ],
15 silly audit   globby: [ '11.1.0' ],
15 silly audit   gopd: [ '1.2.0' ],
15 silly audit   graphemer: [ '1.4.0' ],
15 silly audit   'has-bigints': [ '1.1.0' ],
15 silly audit   'has-flag': [ '4.0.0' ],
15 silly audit   'has-property-descriptors': [ '1.0.2' ],
15 silly audit   'has-proto': [ '1.2.0' ],
15 silly audit   'has-symbols': [ '1.1.0' ],
15 silly audit   'has-tostringtag': [ '1.0.2' ],
15 silly audit   hasown: [ '2.0.4' ],
15 silly audit   htmlparser2: [ '8.0.2' ],
15 silly audit   ignore: [ '5.3.2' ],
15 silly audit   'import-fresh': [ '3.3.1' ],
15 silly audit   imurmurhash: [ '0.1.4' ],
15 silly audit   inflight: [ '1.0.6' ],
15 silly audit   inherits: [ '2.0.4' ],
15 silly audit   'internal-slot': [ '1.1.0' ],
15 silly audit   'is-array-buffer': [ '3.0.5' ],
15 silly audit   'is-async-function': [ '2.1.1' ],
15 silly audit   'is-bigint': [ '1.1.0' ],
15 silly audit   'is-boolean-object': [ '1.2.2' ],
15 silly audit   'is-callable': [ '1.2.7' ],
15 silly audit   'is-core-module': [ '2.16.2' ],
15 silly audit   'is-data-view': [ '1.0.2' ],
15 silly audit   'is-date-object': [ '1.1.0' ],
15 silly audit   'is-extglob': [ '2.1.1' ],
15 silly audit   'is-finalizationregistry': [ '1.1.1' ],
15 silly audit   'is-fullwidth-code-point': [ '3.0.0' ],
15 silly audit   'is-generator-function': [ '1.1.2' ],
15 silly audit   'is-glob': [ '4.0.3' ],
15 silly audit   'is-map': [ '2.0.3' ],
15 silly audit   'is-negative-zero': [ '2.0.3' ],
15 silly audit   'is-number': [ '7.0.0' ],
15 silly audit   'is-number-object': [ '1.1.1' ],
15 silly audit   'is-path-inside': [ '3.0.3' ],
15 silly audit   'is-regex': [ '1.2.1' ],
15 silly audit   'is-set': [ '2.0.3' ],
15 silly audit   'is-shared-array-buffer': [ '1.0.4' ],
15 silly audit   'is-string': [ '1.1.1' ],
15 silly audit   'is-symbol': [ '1.1.1' ],
15 silly audit   'is-typed-array': [ '1.1.15' ],
15 silly audit   'is-weakmap': [ '2.0.2' ],
15 silly audit   'is-weakref': [ '1.1.1' ],
15 silly audit   'is-weakset': [ '2.0.4' ],
15 silly audit   isarray: [ '2.0.5' ],
15 silly audit   isexe: [ '2.0.0' ],
15 silly audit   'js-yaml': [ '4.2.0' ],
15 silly audit   'json-buffer': [ '3.0.1' ],
15 silly audit   'json-schema-traverse': [ '0.4.1' ],
15 silly audit   'json-stable-stringify-without-jsonify': [ '1.0.1' ],
15 silly audit   json5: [ '1.0.2' ],
15 silly audit   'jsonc-parser': [ '3.3.1' ],
15 silly audit   keyv: [ '4.5.4' ],
15 silly audit   levn: [ '0.4.1' ],
15 silly audit   'locate-path': [ '6.0.0' ],
15 silly audit   lodash: [ '4.18.1' ],
15 silly audit   'lodash.merge': [ '4.6.2' ],
15 silly audit   lunr: [ '2.3.9' ],
15 silly audit   marked: [ '4.3.0' ],
15 silly audit   'math-intrinsics': [ '1.1.0' ],
15 silly audit   merge2: [ '1.4.1' ],
15 silly audit   micromatch: [ '4.0.8' ],
15 silly audit   'mime-db': [ '1.52.0' ],
15 silly audit   'mime-types': [ '2.1.35' ],
15 silly audit   minimist: [ '1.2.8' ],
15 silly audit   ms: [ '2.1.3' ],
15 silly audit   'natural-compare': [ '1.4.0' ],
15 silly audit   'node-exports-info': [ '1.6.0' ],
15 silly audit   'node-fetch': [ '2.6.13' ],
15 silly audit   'object-inspect': [ '1.13.4' ],
15 silly audit   'object-keys': [ '1.1.1' ],
15 silly audit   'object.assign': [ '4.1.7' ],
15 silly audit   'object.entries': [ '1.1.9' ],
15 silly audit   'object.fromentries': [ '2.0.8' ],
15 silly audit   'object.groupby': [ '1.0.3' ],
15 silly audit   'object.values': [ '1.2.1' ],
15 silly audit   once: [ '1.4.0' ],
15 silly audit   optionator: [ '0.9.4' ],
15 silly audit   'own-keys': [ '1.0.1' ],
15 silly audit   'p-limit': [ '3.1.0' ],
15 silly audit   'p-locate': [ '5.0.0' ],
15 silly audit   'parent-module': [ '1.0.1' ],
15 silly audit   'path-exists': [ '4.0.0' ],
15 silly audit   'path-is-absolute': [ '1.0.1' ],
15 silly audit   'path-key': [ '3.1.1' ],
15 silly audit   'path-parse': [ '1.0.7' ],
15 silly audit   'path-type': [ '4.0.0' ],
15 silly audit   picomatch: [ '2.3.2' ],
15 silly audit   pipe2jpeg: [ '0.4.1' ],
15 silly audit   'possible-typed-array-names': [ '1.1.0' ],
15 silly audit   'prelude-ls': [ '1.2.1' ],
15 silly audit   punycode: [ '2.3.1' ],
15 silly audit   'queue-microtask': [ '1.2.3' ],
15 silly audit   'reflect.getprototypeof': [ '1.0.10' ],
15 silly audit   'regenerator-runtime': [ '0.13.11' ],
15 silly audit   'regexp.prototype.flags': [ '1.5.4' ],
15 silly audit   regexpp: [ '3.2.0' ],
15 silly audit   'require-directory': [ '2.1.1' ],
15 silly audit   'resolve-from': [ '4.0.0' ],
15 silly audit   reusify: [ '1.1.0' ],
15 silly audit   'run-parallel': [ '1.2.0' ],
15 silly audit   'safe-array-concat': [ '1.1.4' ],
15 silly audit   'safe-buffer': [ '5.2.1' ],
15 silly audit   'safe-push-apply': [ '1.0.0' ],
15 silly audit   'safe-regex-test': [ '1.1.0' ],
15 silly audit   seedrandom: [ '3.0.5' ],
15 silly audit   'set-function-length': [ '1.2.2' ],
15 silly audit   'set-function-name': [ '2.0.2' ],
15 silly audit   'set-proto': [ '1.0.0' ],
15 silly audit   'shebang-command': [ '2.0.0' ],
15 silly audit   'shebang-regex': [ '3.0.0' ],
15 silly audit   shiki: [ '0.14.7' ],
15 silly audit   'side-channel': [ '1.1.0' ],
15 silly audit   'side-channel-list': [ '1.0.1' ],
15 silly audit   'side-channel-map': [ '1.0.1' ],
15 silly audit   'side-channel-weakmap': [ '1.0.2' ],
15 silly audit   slash: [ '3.0.0' ],
15 silly audit   'sprintf-js': [ '1.0.3' ],
15 silly audit   'stop-iteration-iterator': [ '1.1.0' ],
15 silly audit   string_decoder: [ '1.3.0' ],
15 silly audit   'string-width': [ '4.2.3' ],
15 silly audit   'string.prototype.trim': [ '1.2.11' ],
15 silly audit   'string.prototype.trimend': [ '1.0.10' ],
15 silly audit   'string.prototype.trimstart': [ '1.0.8' ],
15 silly audit   'strip-ansi': [ '6.0.1' ],
15 silly audit   'strip-bom': [ '3.0.0' ],
15 silly audit   'strip-json-comments': [ '3.1.1' ],
15 silly audit   'supports-color': [ '7.2.0' ],
15 silly audit   'supports-preserve-symlinks-flag': [ '1.0.0' ],
15 silly audit   'text-table': [ '0.2.0' ],
15 silly audit   'to-regex-range': [ '5.0.1' ],
15 silly audit   tr46: [ '0.0.3' ],
15 silly audit   'ts-api-utils': [ '1.4.3' ],
15 silly audit   'tsconfig-paths': [ '3.15.0' ],
15 silly audit   tslib: [ '2.8.1' ],
15 silly audit   'type-check': [ '0.4.0' ],
15 silly audit   'type-fest': [ '0.20.2' ],
15 silly audit   'typed-array-buffer': [ '1.0.3' ],
15 silly audit   'typed-array-byte-length': [ '1.0.3' ],
15 silly audit   'typed-array-byte-offset': [ '1.0.4' ],
15 silly audit   'typed-array-length': [ '1.0.8' ],
15 silly audit   typedoc: [ '0.25.13' ],
15 silly audit   typescript: [ '5.3.3' ],
15 silly audit   'unbox-primitive': [ '1.1.0' ],
15 silly audit   'uri-js': [ '4.4.1' ],
15 silly audit   'vscode-json-languageservice': [ '4.2.1' ],
15 silly audit   'vscode-languageserver-textdocument': [ '1.0.12' ],
15 silly audit   'vscode-languageserver-types': [ '3.18.0' ],
15 silly audit   'vscode-nls': [ '5.2.0' ],
15 silly audit   'vscode-oniguruma': [ '1.7.0' ],
15 silly audit   'vscode-textmate': [ '8.0.0' ],
15 silly audit   'vscode-uri': [ '3.1.0' ],
15 silly audit   'webidl-conversions': [ '3.0.1' ],
15 silly audit   'whatwg-url': [ '5.0.0' ],
15 silly audit   which: [ '2.0.2' ],
15 silly audit   'which-boxed-primitive': [ '1.1.1' ],
15 silly audit   'which-builtin-type': [ '1.2.1' ],
15 silly audit   'which-collection': [ '1.0.2' ],
15 silly audit   'which-typed-array': [ '1.1.22' ],
15 silly audit   'word-wrap': [ '1.2.5' ],
15 silly audit   'wrap-ansi': [ '7.0.0' ],
15 silly audit   wrappy: [ '1.0.2' ],
15 silly audit   y18n: [ '5.0.8' ],
15 silly audit   yargs: [ '16.2.0' ],
15 silly audit   'yargs-parser': [ '20.2.9' ],
15 silly audit   'yocto-queue': [ '0.1.0' ]
15 silly audit }
16 verbose reify failed optional dependency /Users/bipasasaha/Desktop/SAVEZO/nudenet-main/node_modules/@esbuild/win32-x64
17 silly reify mark deleted [
17 silly reify   '/Users/bipasasaha/Desktop/SAVEZO/nudenet-main/node_modules/@esbuild/win32-x64'
17 silly reify ]
18 verbose reify failed optional dependency /Users/bipasasaha/Desktop/SAVEZO/nudenet-main/node_modules/@esbuild/win32-ia32
19 silly reify mark deleted [
19 silly reify   '/Users/bipasasaha/Desktop/SAVEZO/nudenet-main/node_modules/@esbuild/win32-ia32'
19 silly reify ]
20 verbose reify failed optional dependency /Users/bipasasaha/Desktop/SAVEZO/nudenet-main/node_modules/@esbuild/win32-arm64
21 silly reify mark deleted [
21 silly reify   '/Users/bipasasaha/Desktop/SAVEZO/nudenet-main/node_modules/@esbuild/win32-arm64'
21 silly reify ]
22 verbose reify failed optional dependency /Users/bipasasaha/Desktop/SAVEZO/nudenet-main/node_modules/@esbuild/sunos-x64
23 silly reify mark deleted [
23 silly reify   '/Users/bipasasaha/Desktop/SAVEZO/nudenet-main/node_modules/@esbuild/sunos-x64'
23 silly reify ]
24 verbose reify failed optional dependency /Users/bipasasaha/Desktop/SAVEZO/nudenet-main/node_modules/@esbuild/openbsd-x64
25 silly reify mark deleted [
25 silly reify   '/Users/bipasasaha/Desktop/SAVEZO/nudenet-main/node_modules/@esbuild/openbsd-x64'
25 silly reify ]
26 verbose reify failed optional dependency /Users/bipasasaha/Desktop/SAVEZO/nudenet-main/node_modules/@esbuild/netbsd-x64
27 silly reify mark deleted [
27 silly reify   '/Users/bipasasaha/Desktop/SAVEZO/nudenet-main/node_modules/@esbuild/netbsd-x64'
27 silly reify ]
28 verbose reify failed optional dependency /Users/bipasasaha/Desktop/SAVEZO/nudenet-main/node_modules/@esbuild/linux-x64
29 silly reify mark deleted [
29 silly reify   '/Users/bipasasaha/Desktop/SAVEZO/nudenet-main/node_modules/@esbuild/linux-x64'
29 silly reify ]
30 verbose reify failed optional dependency /Users/bipasasaha/Desktop/SAVEZO/nudenet-main/node_modules/@esbuild/linux-s390x
31 silly reify mark deleted [
31 silly reify   '/Users/bipasasaha/Desktop/SAVEZO/nudenet-main/node_modules/@esbuild/linux-s390x'
31 silly reify ]
32 verbose reify failed optional dependency /Users/bipasasaha/Desktop/SAVEZO/nudenet-main/node_modules/@esbuild/linux-riscv64
33 silly reify mark deleted [
33 silly reify   '/Users/bipasasaha/Desktop/SAVEZO/nudenet-main/node_modules/@esbuild/linux-riscv64'
33 silly reify ]
34 verbose reify failed optional dependency /Users/bipasasaha/Desktop/SAVEZO/nudenet-main/node_modules/@esbuild/linux-ppc64
35 silly reify mark deleted [
35 silly reify   '/Users/bipasasaha/Desktop/SAVEZO/nudenet-main/node_modules/@esbuild/linux-ppc64'
35 silly reify ]
36 verbose reify failed optional dependency /Users/bipasasaha/Desktop/SAVEZO/nudenet-main/node_modules/@esbuild/linux-mips64el
37 silly reify mark deleted [
37 silly reify   '/Users/bipasasaha/Desktop/SAVEZO/nudenet-main/node_modules/@esbuild/linux-mips64el'
37 silly reify ]
38 verbose reify failed optional dependency /Users/bipasasaha/Desktop/SAVEZO/nudenet-main/node_modules/@esbuild/linux-loong64
39 silly reify mark deleted [
39 silly reify   '/Users/bipasasaha/Desktop/SAVEZO/nudenet-main/node_modules/@esbuild/linux-loong64'
39 silly reify ]
40 verbose reify failed optional dependency /Users/bipasasaha/Desktop/SAVEZO/nudenet-main/node_modules/@esbuild/linux-ia32
41 silly reify mark deleted [
41 silly reify   '/Users/bipasasaha/Desktop/SAVEZO/nudenet-main/node_modules/@esbuild/linux-ia32'
41 silly reify ]
42 verbose reify failed optional dependency /Users/bipasasaha/Desktop/SAVEZO/nudenet-main/node_modules/@esbuild/linux-arm64
43 silly reify mark deleted [
43 silly reify   '/Users/bipasasaha/Desktop/SAVEZO/nudenet-main/node_modules/@esbuild/linux-arm64'
43 silly reify ]
44 verbose reify failed optional dependency /Users/bipasasaha/Desktop/SAVEZO/nudenet-main/node_modules/@esbuild/linux-arm
45 silly reify mark deleted [
45 silly reify   '/Users/bipasasaha/Desktop/SAVEZO/nudenet-main/node_modules/@esbuild/linux-arm'
45 silly reify ]
46 verbose reify failed optional dependency /Users/bipasasaha/Desktop/SAVEZO/nudenet-main/node_modules/@esbuild/freebsd-x64
47 silly reify mark deleted [
47 silly reify   '/Users/bipasasaha/Desktop/SAVEZO/nudenet-main/node_modules/@esbuild/freebsd-x64'
47 silly reify ]
48 verbose reify failed optional dependency /Users/bipasasaha/Desktop/SAVEZO/nudenet-main/node_modules/@esbuild/freebsd-arm64
49 silly reify mark deleted [
49 silly reify   '/Users/bipasasaha/Desktop/SAVEZO/nudenet-main/node_modules/@esbuild/freebsd-arm64'
49 silly reify ]
50 verbose reify failed optional dependency /Users/bipasasaha/Desktop/SAVEZO/nudenet-main/node_modules/@esbuild/darwin-x64
51 silly reify mark deleted [
51 silly reify   '/Users/bipasasaha/Desktop/SAVEZO/nudenet-main/node_modules/@esbuild/darwin-x64'
51 silly reify ]
52 verbose reify failed optional dependency /Users/bipasasaha/Desktop/SAVEZO/nudenet-main/node_modules/@esbuild/android-x64
53 silly reify mark deleted [
53 silly reify   '/Users/bipasasaha/Desktop/SAVEZO/nudenet-main/node_modules/@esbuild/android-x64'
53 silly reify ]
54 verbose reify failed optional dependency /Users/bipasasaha/Desktop/SAVEZO/nudenet-main/node_modules/@esbuild/android-arm64
55 silly reify mark deleted [
55 silly reify   '/Users/bipasasaha/Desktop/SAVEZO/nudenet-main/node_modules/@esbuild/android-arm64'
55 silly reify ]
56 verbose reify failed optional dependency /Users/bipasasaha/Desktop/SAVEZO/nudenet-main/node_modules/@esbuild/android-arm
57 silly reify mark deleted [
57 silly reify   '/Users/bipasasaha/Desktop/SAVEZO/nudenet-main/node_modules/@esbuild/android-arm'
57 silly reify ]
58 verbose reify failed optional dependency /Users/bipasasaha/Desktop/SAVEZO/nudenet-main/node_modules/@esbuild/aix-ppc64
59 silly reify mark deleted [
59 silly reify   '/Users/bipasasaha/Desktop/SAVEZO/nudenet-main/node_modules/@esbuild/aix-ppc64'
59 silly reify ]
60 http cache yocto-queue@https://registry.npmjs.org/yocto-queue/-/yocto-queue-0.1.0.tgz 0ms (cache hit)
61 http cache wrappy@https://registry.npmjs.org/wrappy/-/wrappy-1.0.2.tgz 0ms (cache hit)
62 http cache which-typed-array@https://registry.npmjs.org/which-typed-array/-/which-typed-array-1.1.22.tgz 0ms (cache hit)
63 http cache word-wrap@https://registry.npmjs.org/word-wrap/-/word-wrap-1.2.5.tgz 0ms (cache hit)
64 http cache which-collection@https://registry.npmjs.org/which-collection/-/which-collection-1.0.2.tgz 0ms (cache hit)
65 http cache which-boxed-primitive@https://registry.npmjs.org/which-boxed-primitive/-/which-boxed-primitive-1.1.1.tgz 0ms (cache hit)
66 http cache which-builtin-type@https://registry.npmjs.org/which-builtin-type/-/which-builtin-type-1.2.1.tgz 0ms (cache hit)
67 http cache vscode-uri@https://registry.npmjs.org/vscode-uri/-/vscode-uri-3.1.0.tgz 0ms (cache hit)
68 http cache vscode-textmate@https://registry.npmjs.org/vscode-textmate/-/vscode-textmate-8.0.0.tgz 0ms (cache hit)
69 http cache vscode-oniguruma@https://registry.npmjs.org/vscode-oniguruma/-/vscode-oniguruma-1.7.0.tgz 0ms (cache hit)
70 http cache which@https://registry.npmjs.org/which/-/which-2.0.2.tgz 0ms (cache hit)
71 http cache vscode-nls@https://registry.npmjs.org/vscode-nls/-/vscode-nls-5.2.0.tgz 0ms (cache hit)
72 http cache vscode-languageserver-textdocument@https://registry.npmjs.org/vscode-languageserver-textdocument/-/vscode-languageserver-textdocument-1.0.12.tgz 0ms (cache hit)
73 http cache vscode-languageserver-types@https://registry.npmjs.org/vscode-languageserver-types/-/vscode-languageserver-types-3.18.0.tgz 0ms (cache hit)
74 http cache uri-js@https://registry.npmjs.org/uri-js/-/uri-js-4.4.1.tgz 0ms (cache hit)
75 http cache typedoc@https://registry.npmjs.org/typedoc/-/typedoc-0.25.13.tgz 0ms (cache hit)
76 http cache typed-array-length@https://registry.npmjs.org/typed-array-length/-/typed-array-length-1.0.8.tgz 0ms (cache hit)
77 http cache typed-array-byte-offset@https://registry.npmjs.org/typed-array-byte-offset/-/typed-array-byte-offset-1.0.4.tgz 0ms (cache hit)
78 http cache unbox-primitive@https://registry.npmjs.org/unbox-primitive/-/unbox-primitive-1.1.0.tgz 0ms (cache hit)
79 http cache typed-array-buffer@https://registry.npmjs.org/typed-array-buffer/-/typed-array-buffer-1.0.3.tgz 0ms (cache hit)
80 http cache type-fest@https://registry.npmjs.org/type-fest/-/type-fest-0.20.2.tgz 0ms (cache hit)
81 http cache typed-array-byte-length@https://registry.npmjs.org/typed-array-byte-length/-/typed-array-byte-length-1.0.3.tgz 0ms (cache hit)
82 http cache typescript@https://registry.npmjs.org/typescript/-/typescript-5.3.3.tgz 0ms (cache hit)
83 http cache tslib@https://registry.npmjs.org/tslib/-/tslib-2.8.1.tgz 0ms (cache hit)
84 http cache type-check@https://registry.npmjs.org/type-check/-/type-check-0.4.0.tgz 0ms (cache hit)
85 http cache to-regex-range@https://registry.npmjs.org/to-regex-range/-/to-regex-range-5.0.1.tgz 0ms (cache hit)
86 http cache tsconfig-paths@https://registry.npmjs.org/tsconfig-paths/-/tsconfig-paths-3.15.0.tgz 0ms (cache hit)
87 http cache ts-api-utils@https://registry.npmjs.org/ts-api-utils/-/ts-api-utils-1.4.3.tgz 0ms (cache hit)
88 http cache supports-preserve-symlinks-flag@https://registry.npmjs.org/supports-preserve-symlinks-flag/-/supports-preserve-symlinks-flag-1.0.0.tgz 0ms (cache hit)
89 http cache text-table@https://registry.npmjs.org/text-table/-/text-table-0.2.0.tgz 0ms (cache hit)
90 http cache strip-json-comments@https://registry.npmjs.org/strip-json-comments/-/strip-json-comments-3.1.1.tgz 0ms (cache hit)
91 http cache string.prototype.trimstart@https://registry.npmjs.org/string.prototype.trimstart/-/string.prototype.trimstart-1.0.8.tgz 0ms (cache hit)
92 http cache string.prototype.trimend@https://registry.npmjs.org/string.prototype.trimend/-/string.prototype.trimend-1.0.10.tgz 0ms (cache hit)
93 http cache string.prototype.trim@https://registry.npmjs.org/string.prototype.trim/-/string.prototype.trim-1.2.11.tgz 0ms (cache hit)
94 http cache stop-iteration-iterator@https://registry.npmjs.org/stop-iteration-iterator/-/stop-iteration-iterator-1.1.0.tgz 0ms (cache hit)
95 http cache slash@https://registry.npmjs.org/slash/-/slash-3.0.0.tgz 0ms (cache hit)
96 http cache side-channel-weakmap@https://registry.npmjs.org/side-channel-weakmap/-/side-channel-weakmap-1.0.2.tgz 0ms (cache hit)
97 http cache vscode-json-languageservice@https://registry.npmjs.org/vscode-json-languageservice/-/vscode-json-languageservice-4.2.1.tgz 0ms (cache hit)
98 http cache side-channel-map@https://registry.npmjs.org/side-channel-map/-/side-channel-map-1.0.1.tgz 1ms (cache hit)
99 http cache side-channel-list@https://registry.npmjs.org/side-channel-list/-/side-channel-list-1.0.1.tgz 0ms (cache hit)
100 http cache side-channel@https://registry.npmjs.org/side-channel/-/side-channel-1.1.0.tgz 0ms (cache hit)
101 http cache shebang-command@https://registry.npmjs.org/shebang-command/-/shebang-command-2.0.0.tgz 0ms (cache hit)
102 http cache set-proto@https://registry.npmjs.org/set-proto/-/set-proto-1.0.0.tgz 0ms (cache hit)
103 http cache set-function-name@https://registry.npmjs.org/set-function-name/-/set-function-name-2.0.2.tgz 0ms (cache hit)
104 http cache strip-bom@https://registry.npmjs.org/strip-bom/-/strip-bom-3.0.0.tgz 0ms (cache hit)
105 http cache shiki@https://registry.npmjs.org/shiki/-/shiki-0.14.7.tgz 0ms (cache hit)
106 http cache set-function-length@https://registry.npmjs.org/set-function-length/-/set-function-length-1.2.2.tgz 0ms (cache hit)
107 http cache semver@https://registry.npmjs.org/semver/-/semver-7.8.2.tgz 0ms (cache hit)
108 http cache shebang-regex@https://registry.npmjs.org/shebang-regex/-/shebang-regex-3.0.0.tgz 0ms (cache hit)
109 http cache safe-push-apply@https://registry.npmjs.org/safe-push-apply/-/safe-push-apply-1.0.0.tgz 0ms (cache hit)
110 http cache safe-regex-test@https://registry.npmjs.org/safe-regex-test/-/safe-regex-test-1.1.0.tgz 0ms (cache hit)
111 http cache safe-array-concat@https://registry.npmjs.org/safe-array-concat/-/safe-array-concat-1.1.4.tgz 0ms (cache hit)
112 http cache run-parallel@https://registry.npmjs.org/run-parallel/-/run-parallel-1.2.0.tgz 0ms (cache hit)
113 http cache resolve-from@https://registry.npmjs.org/resolve-from/-/resolve-from-4.0.0.tgz 0ms (cache hit)
114 http cache resolve@https://registry.npmjs.org/resolve/-/resolve-2.0.0-next.7.tgz 0ms (cache hit)
115 http cache regexpp@https://registry.npmjs.org/regexpp/-/regexpp-3.2.0.tgz 0ms (cache hit)
116 http cache reusify@https://registry.npmjs.org/reusify/-/reusify-1.1.0.tgz 0ms (cache hit)
117 http cache regexp.prototype.flags@https://registry.npmjs.org/regexp.prototype.flags/-/regexp.prototype.flags-1.5.4.tgz 0ms (cache hit)
118 http cache reflect.getprototypeof@https://registry.npmjs.org/reflect.getprototypeof/-/reflect.getprototypeof-1.0.10.tgz 0ms (cache hit)
119 http cache punycode@https://registry.npmjs.org/punycode/-/punycode-2.3.1.tgz 0ms (cache hit)
120 http cache pipe2jpeg@https://registry.npmjs.org/pipe2jpeg/-/pipe2jpeg-0.4.1.tgz 0ms (cache hit)
121 http cache queue-microtask@https://registry.npmjs.org/queue-microtask/-/queue-microtask-1.2.3.tgz 0ms (cache hit)
122 http cache picomatch@https://registry.npmjs.org/picomatch/-/picomatch-2.3.2.tgz 0ms (cache hit)
123 http cache path-type@https://registry.npmjs.org/path-type/-/path-type-4.0.0.tgz 0ms (cache hit)
124 http cache prelude-ls@https://registry.npmjs.org/prelude-ls/-/prelude-ls-1.2.1.tgz 0ms (cache hit)
125 http cache path-key@https://registry.npmjs.org/path-key/-/path-key-3.1.1.tgz 0ms (cache hit)
126 http cache path-exists@https://registry.npmjs.org/path-exists/-/path-exists-4.0.0.tgz 0ms (cache hit)
127 http cache parent-module@https://registry.npmjs.org/parent-module/-/parent-module-1.0.1.tgz 0ms (cache hit)
128 http cache p-locate@https://registry.npmjs.org/p-locate/-/p-locate-5.0.0.tgz 0ms (cache hit)
129 http cache possible-typed-array-names@https://registry.npmjs.org/possible-typed-array-names/-/possible-typed-array-names-1.1.0.tgz 0ms (cache hit)
130 http cache p-limit@https://registry.npmjs.org/p-limit/-/p-limit-3.1.0.tgz 0ms (cache hit)
131 http cache own-keys@https://registry.npmjs.org/own-keys/-/own-keys-1.0.1.tgz 0ms (cache hit)
132 http cache path-parse@https://registry.npmjs.org/path-parse/-/path-parse-1.0.7.tgz 0ms (cache hit)
133 http cache path-is-absolute@https://registry.npmjs.org/path-is-absolute/-/path-is-absolute-1.0.1.tgz 0ms (cache hit)
134 http cache once@https://registry.npmjs.org/once/-/once-1.4.0.tgz 0ms (cache hit)
135 http cache object.values@https://registry.npmjs.org/object.values/-/object.values-1.2.1.tgz 0ms (cache hit)
136 http cache object.groupby@https://registry.npmjs.org/object.groupby/-/object.groupby-1.0.3.tgz 0ms (cache hit)
137 http cache optionator@https://registry.npmjs.org/optionator/-/optionator-0.9.4.tgz 0ms (cache hit)
138 http cache object.entries@https://registry.npmjs.org/object.entries/-/object.entries-1.1.9.tgz 0ms (cache hit)
139 http cache object.assign@https://registry.npmjs.org/object.assign/-/object.assign-4.1.7.tgz 0ms (cache hit)
140 http cache object.fromentries@https://registry.npmjs.org/object.fromentries/-/object.fromentries-2.0.8.tgz 0ms (cache hit)
141 http cache object-keys@https://registry.npmjs.org/object-keys/-/object-keys-1.1.1.tgz 0ms (cache hit)
142 http cache node-exports-info@https://registry.npmjs.org/node-exports-info/-/node-exports-info-1.6.0.tgz 0ms (cache hit)
143 http cache natural-compare@https://registry.npmjs.org/natural-compare/-/natural-compare-1.4.0.tgz 0ms (cache hit)
144 http cache ms@https://registry.npmjs.org/ms/-/ms-2.1.3.tgz 0ms (cache hit)
145 http cache object-inspect@https://registry.npmjs.org/object-inspect/-/object-inspect-1.13.4.tgz 0ms (cache hit)
146 http cache minimist@https://registry.npmjs.org/minimist/-/minimist-1.2.8.tgz 0ms (cache hit)
147 http cache minimatch@https://registry.npmjs.org/minimatch/-/minimatch-9.0.3.tgz 0ms (cache hit)
148 http cache micromatch@https://registry.npmjs.org/micromatch/-/micromatch-4.0.8.tgz 0ms (cache hit)
149 http cache long@https://registry.npmjs.org/long/-/long-5.3.2.tgz 0ms (cache hit)
150 http cache lodash.merge@https://registry.npmjs.org/lodash.merge/-/lodash.merge-4.6.2.tgz 0ms (cache hit)
151 http cache merge2@https://registry.npmjs.org/merge2/-/merge2-1.4.1.tgz 0ms (cache hit)
152 http cache locate-path@https://registry.npmjs.org/locate-path/-/locate-path-6.0.0.tgz 0ms (cache hit)
153 http cache lodash@https://registry.npmjs.org/lodash/-/lodash-4.18.1.tgz 0ms (cache hit)
154 http cache levn@https://registry.npmjs.org/levn/-/levn-0.4.1.tgz 0ms (cache hit)
155 http cache keyv@https://registry.npmjs.org/keyv/-/keyv-4.5.4.tgz 0ms (cache hit)
156 http cache jsonc-parser@https://registry.npmjs.org/jsonc-parser/-/jsonc-parser-3.3.1.tgz 0ms (cache hit)
157 http cache lunr@https://registry.npmjs.org/lunr/-/lunr-2.3.9.tgz 0ms (cache hit)
158 http cache json-schema-traverse@https://registry.npmjs.org/json-schema-traverse/-/json-schema-traverse-0.4.1.tgz 0ms (cache hit)
159 http cache json-stable-stringify-without-jsonify@https://registry.npmjs.org/json-stable-stringify-without-jsonify/-/json-stable-stringify-without-jsonify-1.0.1.tgz 0ms (cache hit)
160 http cache json-buffer@https://registry.npmjs.org/json-buffer/-/json-buffer-3.0.1.tgz 0ms (cache hit)
161 http cache js-yaml@https://registry.npmjs.org/js-yaml/-/js-yaml-4.2.0.tgz 0ms (cache hit)
162 http cache marked@https://registry.npmjs.org/marked/-/marked-4.3.0.tgz 0ms (cache hit)
163 http cache isexe@https://registry.npmjs.org/isexe/-/isexe-2.0.0.tgz 0ms (cache hit)
164 http cache isarray@https://registry.npmjs.org/isarray/-/isarray-2.0.5.tgz 0ms (cache hit)
165 http cache json5@https://registry.npmjs.org/json5/-/json5-1.0.2.tgz 0ms (cache hit)
166 http cache is-weakmap@https://registry.npmjs.org/is-weakmap/-/is-weakmap-2.0.2.tgz 0ms (cache hit)
167 http cache is-weakref@https://registry.npmjs.org/is-weakref/-/is-weakref-1.1.1.tgz 0ms (cache hit)
168 http cache is-typed-array@https://registry.npmjs.org/is-typed-array/-/is-typed-array-1.1.15.tgz 0ms (cache hit)
169 http cache is-symbol@https://registry.npmjs.org/is-symbol/-/is-symbol-1.1.1.tgz 0ms (cache hit)
170 http cache is-string@https://registry.npmjs.org/is-string/-/is-string-1.1.1.tgz 0ms (cache hit)
171 http cache is-weakset@https://registry.npmjs.org/is-weakset/-/is-weakset-2.0.4.tgz 0ms (cache hit)
172 http cache is-shared-array-buffer@https://registry.npmjs.org/is-shared-array-buffer/-/is-shared-array-buffer-1.0.4.tgz 0ms (cache hit)
173 http cache is-regex@https://registry.npmjs.org/is-regex/-/is-regex-1.2.1.tgz 0ms (cache hit)
174 http cache is-number@https://registry.npmjs.org/is-number/-/is-number-7.0.0.tgz 0ms (cache hit)
175 http cache is-number-object@https://registry.npmjs.org/is-number-object/-/is-number-object-1.1.1.tgz 0ms (cache hit)
176 http cache is-set@https://registry.npmjs.org/is-set/-/is-set-2.0.3.tgz 0ms (cache hit)
177 http cache is-map@https://registry.npmjs.org/is-map/-/is-map-2.0.3.tgz 0ms (cache hit)
178 http cache is-negative-zero@https://registry.npmjs.org/is-negative-zero/-/is-negative-zero-2.0.3.tgz 0ms (cache hit)
179 http cache is-path-inside@https://registry.npmjs.org/is-path-inside/-/is-path-inside-3.0.3.tgz 0ms (cache hit)
180 http cache is-generator-function@https://registry.npmjs.org/is-generator-function/-/is-generator-function-1.1.2.tgz 0ms (cache hit)
181 http cache is-extglob@https://registry.npmjs.org/is-extglob/-/is-extglob-2.1.1.tgz 0ms (cache hit)
182 http cache is-date-object@https://registry.npmjs.org/is-date-object/-/is-date-object-1.1.0.tgz 0ms (cache hit)
183 http cache is-data-view@https://registry.npmjs.org/is-data-view/-/is-data-view-1.0.2.tgz 0ms (cache hit)
184 http cache is-core-module@https://registry.npmjs.org/is-core-module/-/is-core-module-2.16.2.tgz 0ms (cache hit)
185 http cache is-finalizationregistry@https://registry.npmjs.org/is-finalizationregistry/-/is-finalizationregistry-1.1.1.tgz 0ms (cache hit)
186 http cache is-bigint@https://registry.npmjs.org/is-bigint/-/is-bigint-1.1.0.tgz 0ms (cache hit)
187 http cache is-boolean-object@https://registry.npmjs.org/is-boolean-object/-/is-boolean-object-1.2.2.tgz 0ms (cache hit)
188 http cache is-async-function@https://registry.npmjs.org/is-async-function/-/is-async-function-2.1.1.tgz 0ms (cache hit)
189 http cache is-glob@https://registry.npmjs.org/is-glob/-/is-glob-4.0.3.tgz 0ms (cache hit)
190 http cache is-array-buffer@https://registry.npmjs.org/is-array-buffer/-/is-array-buffer-3.0.5.tgz 0ms (cache hit)
191 http cache internal-slot@https://registry.npmjs.org/internal-slot/-/internal-slot-1.1.0.tgz 0ms (cache hit)
192 http cache imurmurhash@https://registry.npmjs.org/imurmurhash/-/imurmurhash-0.1.4.tgz 0ms (cache hit)
193 http cache inflight@https://registry.npmjs.org/inflight/-/inflight-1.0.6.tgz 0ms (cache hit)
194 http cache is-callable@https://registry.npmjs.org/is-callable/-/is-callable-1.2.7.tgz 0ms (cache hit)
195 http cache import-fresh@https://registry.npmjs.org/import-fresh/-/import-fresh-3.3.1.tgz 0ms (cache hit)
196 http cache ignore@https://registry.npmjs.org/ignore/-/ignore-5.3.2.tgz 0ms (cache hit)
197 http cache has-proto@https://registry.npmjs.org/has-proto/-/has-proto-1.2.0.tgz 0ms (cache hit)
198 http cache has-property-descriptors@https://registry.npmjs.org/has-property-descriptors/-/has-property-descriptors-1.0.2.tgz 0ms (cache hit)
199 http cache htmlparser2@https://registry.npmjs.org/htmlparser2/-/htmlparser2-8.0.2.tgz 0ms (cache hit)
200 http cache has-bigints@https://registry.npmjs.org/has-bigints/-/has-bigints-1.1.0.tgz 0ms (cache hit)
201 http cache graphemer@https://registry.npmjs.org/graphemer/-/graphemer-1.4.0.tgz 0ms (cache hit)
202 http cache inherits@https://registry.npmjs.org/inherits/-/inherits-2.0.4.tgz 0ms (cache hit)
203 http cache globalthis@https://registry.npmjs.org/globalthis/-/globalthis-1.0.4.tgz 0ms (cache hit)
204 http cache globals@https://registry.npmjs.org/globals/-/globals-13.24.0.tgz 0ms (cache hit)
205 http cache globby@https://registry.npmjs.org/globby/-/globby-11.1.0.tgz 0ms (cache hit)
206 http cache glob@https://registry.npmjs.org/glob/-/glob-7.2.3.tgz 0ms (cache hit)
207 http cache generator-function@https://registry.npmjs.org/generator-function/-/generator-function-2.0.1.tgz 0ms (cache hit)
208 http cache function.prototype.name@https://registry.npmjs.org/function.prototype.name/-/function.prototype.name-1.1.8.tgz 0ms (cache hit)
209 http cache get-symbol-description@https://registry.npmjs.org/get-symbol-description/-/get-symbol-description-1.1.0.tgz 0ms (cache hit)
210 http cache functions-have-names@https://registry.npmjs.org/functions-have-names/-/functions-have-names-1.2.3.tgz 0ms (cache hit)
211 http cache fs.realpath@https://registry.npmjs.org/fs.realpath/-/fs.realpath-1.0.0.tgz 0ms (cache hit)
212 http cache flat-cache@https://registry.npmjs.org/flat-cache/-/flat-cache-3.2.0.tgz 0ms (cache hit)
213 http cache for-each@https://registry.npmjs.org/for-each/-/for-each-0.3.5.tgz 0ms (cache hit)
214 http cache find-up@https://registry.npmjs.org/find-up/-/find-up-5.0.0.tgz 0ms (cache hit)
215 http cache file-entry-cache@https://registry.npmjs.org/file-entry-cache/-/file-entry-cache-6.0.1.tgz 0ms (cache hit)
216 http cache flatted@https://registry.npmjs.org/flatted/-/flatted-3.4.2.tgz 0ms (cache hit)
217 http cache fill-range@https://registry.npmjs.org/fill-range/-/fill-range-7.1.1.tgz 0ms (cache hit)
218 http cache fastq@https://registry.npmjs.org/fastq/-/fastq-1.20.1.tgz 0ms (cache hit)
219 http cache fast-levenshtein@https://registry.npmjs.org/fast-levenshtein/-/fast-levenshtein-2.0.6.tgz 0ms (cache hit)
220 http cache fast-json-stable-stringify@https://registry.npmjs.org/fast-json-stable-stringify/-/fast-json-stable-stringify-2.1.0.tgz 0ms (cache hit)
221 http cache fast-deep-equal@https://registry.npmjs.org/fast-deep-equal/-/fast-deep-equal-3.1.3.tgz 0ms (cache hit)
222 http cache esutils@https://registry.npmjs.org/esutils/-/esutils-2.0.3.tgz 0ms (cache hit)
223 http cache estraverse@https://registry.npmjs.org/estraverse/-/estraverse-5.3.0.tgz 0ms (cache hit)
224 http cache glob-parent@https://registry.npmjs.org/glob-parent/-/glob-parent-6.0.2.tgz 0ms (cache hit)
225 http cache fast-glob@https://registry.npmjs.org/fast-glob/-/fast-glob-3.3.3.tgz 0ms (cache hit)
226 http cache esrecurse@https://registry.npmjs.org/esrecurse/-/esrecurse-4.3.0.tgz 0ms (cache hit)
227 http cache eslint-utils@https://registry.npmjs.org/eslint-utils/-/eslint-utils-2.1.0.tgz 0ms (cache hit)
228 http cache eslint-scope@https://registry.npmjs.org/eslint-scope/-/eslint-scope-7.2.2.tgz 0ms (cache hit)
229 http cache eslint-plugin-promise@https://registry.npmjs.org/eslint-plugin-promise/-/eslint-plugin-promise-6.6.0.tgz 0ms (cache hit)
230 http cache espree@https://registry.npmjs.org/espree/-/espree-9.6.1.tgz 0ms (cache hit)
231 http cache eslint-plugin-node@https://registry.npmjs.org/eslint-plugin-node/-/eslint-plugin-node-11.1.0.tgz 0ms (cache hit)
232 http cache eslint-visitor-keys@https://registry.npmjs.org/eslint-visitor-keys/-/eslint-visitor-keys-3.4.3.tgz 0ms (cache hit)
233 http cache eslint-plugin-html@https://registry.npmjs.org/eslint-plugin-html/-/eslint-plugin-html-7.1.0.tgz 0ms (cache hit)
234 http cache eslint-plugin-json@https://registry.npmjs.org/eslint-plugin-json/-/eslint-plugin-json-3.1.0.tgz 0ms (cache hit)
235 http cache eslint-plugin-import@https://registry.npmjs.org/eslint-plugin-import/-/eslint-plugin-import-2.32.0.tgz 0ms (cache hit)
236 http cache esquery@https://registry.npmjs.org/esquery/-/esquery-1.7.0.tgz 0ms (cache hit)
237 http cache eslint-module-utils@https://registry.npmjs.org/eslint-module-utils/-/eslint-module-utils-2.13.0.tgz 0ms (cache hit)
238 http cache eslint-plugin-es@https://registry.npmjs.org/eslint-plugin-es/-/eslint-plugin-es-3.0.1.tgz 0ms (cache hit)
239 http cache eslint@https://registry.npmjs.org/eslint/-/eslint-8.57.1.tgz 0ms (cache hit)
240 http cache eslint-config-airbnb-base@https://registry.npmjs.org/eslint-config-airbnb-base/-/eslint-config-airbnb-base-15.0.0.tgz 0ms (cache hit)
241 http cache esbuild@https://registry.npmjs.org/esbuild/-/esbuild-0.19.12.tgz 0ms (cache hit)
242 http cache es-to-primitive@https://registry.npmjs.org/es-to-primitive/-/es-to-primitive-1.3.0.tgz 0ms (cache hit)
243 http cache eslint-import-resolver-node@https://registry.npmjs.org/eslint-import-resolver-node/-/eslint-import-resolver-node-0.3.10.tgz 0ms (cache hit)
244 http cache es-shim-unscopables@https://registry.npmjs.org/es-shim-unscopables/-/es-shim-unscopables-1.1.0.tgz 0ms (cache hit)
245 http cache entities@https://registry.npmjs.org/entities/-/entities-4.5.0.tgz 0ms (cache hit)
246 http cache es-html-parser@https://registry.npmjs.org/es-html-parser/-/es-html-parser-0.0.8.tgz 0ms (cache hit)
247 http cache es-abstract@https://registry.npmjs.org/es-abstract/-/es-abstract-1.24.2.tgz 0ms (cache hit)
248 http cache escape-string-regexp@https://registry.npmjs.org/escape-string-regexp/-/escape-string-regexp-4.0.0.tgz 0ms (cache hit)
249 http cache dom-serializer@https://registry.npmjs.org/dom-serializer/-/dom-serializer-2.0.0.tgz 0ms (cache hit)
250 http cache domutils@https://registry.npmjs.org/domutils/-/domutils-3.2.2.tgz 0ms (cache hit)
251 http cache domelementtype@https://registry.npmjs.org/domelementtype/-/domelementtype-2.3.0.tgz 0ms (cache hit)
252 http cache doctrine@https://registry.npmjs.org/doctrine/-/doctrine-3.0.0.tgz 0ms (cache hit)
253 http cache define-properties@https://registry.npmjs.org/define-properties/-/define-properties-1.2.1.tgz 0ms (cache hit)
254 http cache dir-glob@https://registry.npmjs.org/dir-glob/-/dir-glob-3.0.1.tgz 0ms (cache hit)
255 http cache domhandler@https://registry.npmjs.org/domhandler/-/domhandler-5.0.3.tgz 0ms (cache hit)
256 http cache define-data-property@https://registry.npmjs.org/define-data-property/-/define-data-property-1.1.4.tgz 0ms (cache hit)
257 http cache debug@https://registry.npmjs.org/debug/-/debug-4.4.3.tgz 0ms (cache hit)
258 http cache data-view-byte-offset@https://registry.npmjs.org/data-view-byte-offset/-/data-view-byte-offset-1.0.1.tgz 0ms (cache hit)
259 http cache data-view-buffer@https://registry.npmjs.org/data-view-buffer/-/data-view-buffer-1.0.2.tgz 0ms (cache hit)
260 http cache deep-is@https://registry.npmjs.org/deep-is/-/deep-is-0.1.4.tgz 0ms (cache hit)
261 http cache cross-spawn@https://registry.npmjs.org/cross-spawn/-/cross-spawn-7.0.6.tgz 0ms (cache hit)
262 http cache data-view-byte-length@https://registry.npmjs.org/data-view-byte-length/-/data-view-byte-length-1.0.2.tgz 0ms (cache hit)
263 http cache concat-map@https://registry.npmjs.org/concat-map/-/concat-map-0.0.1.tgz 0ms (cache hit)
264 http cache call-bound@https://registry.npmjs.org/call-bound/-/call-bound-1.0.4.tgz 0ms (cache hit)
265 http cache confusing-browser-globals@https://registry.npmjs.org/confusing-browser-globals/-/confusing-browser-globals-1.0.11.tgz 0ms (cache hit)
266 http cache call-bind@https://registry.npmjs.org/call-bind/-/call-bind-1.0.9.tgz 0ms (cache hit)
267 http cache balanced-match@https://registry.npmjs.org/balanced-match/-/balanced-match-1.0.2.tgz 0ms (cache hit)
268 http cache brace-expansion@https://registry.npmjs.org/brace-expansion/-/brace-expansion-2.1.1.tgz 0ms (cache hit)
269 http cache braces@https://registry.npmjs.org/braces/-/braces-3.0.3.tgz 0ms (cache hit)
270 http cache async-function@https://registry.npmjs.org/async-function/-/async-function-1.0.0.tgz 0ms (cache hit)
271 http cache array.prototype.flatmap@https://registry.npmjs.org/array.prototype.flatmap/-/array.prototype.flatmap-1.3.3.tgz 0ms (cache hit)
272 http cache arraybuffer.prototype.slice@https://registry.npmjs.org/arraybuffer.prototype.slice/-/arraybuffer.prototype.slice-1.0.4.tgz 0ms (cache hit)
273 http cache callsites@https://registry.npmjs.org/callsites/-/callsites-3.1.0.tgz 0ms (cache hit)
274 http cache available-typed-arrays@https://registry.npmjs.org/available-typed-arrays/-/available-typed-arrays-1.0.7.tgz 0ms (cache hit)
275 http cache array.prototype.flat@https://registry.npmjs.org/array.prototype.flat/-/array.prototype.flat-1.3.3.tgz 0ms (cache hit)
276 http cache array-union@https://registry.npmjs.org/array-union/-/array-union-2.1.0.tgz 0ms (cache hit)
277 http cache ajv@https://registry.npmjs.org/ajv/-/ajv-6.15.0.tgz 0ms (cache hit)
278 http cache array-includes@https://registry.npmjs.org/array-includes/-/array-includes-3.1.9.tgz 0ms (cache hit)
279 http cache array.prototype.findlastindex@https://registry.npmjs.org/array.prototype.findlastindex/-/array.prototype.findlastindex-1.2.6.tgz 0ms (cache hit)
280 http cache ansi-sequence-parser@https://registry.npmjs.org/ansi-sequence-parser/-/ansi-sequence-parser-1.1.3.tgz 0ms (cache hit)
281 http cache acorn@https://registry.npmjs.org/acorn/-/acorn-8.16.0.tgz 0ms (cache hit)
282 http cache array-buffer-byte-length@https://registry.npmjs.org/array-buffer-byte-length/-/array-buffer-byte-length-1.0.2.tgz 0ms (cache hit)
283 http cache @vladmandic/build@https://registry.npmjs.org/@vladmandic/build/-/build-0.9.3.tgz 0ms (cache hit)
284 http cache acorn-jsx@https://registry.npmjs.org/acorn-jsx/-/acorn-jsx-5.3.2.tgz 0ms (cache hit)
285 http cache @typescript-eslint/visitor-keys@https://registry.npmjs.org/@typescript-eslint/visitor-keys/-/visitor-keys-6.21.0.tgz 0ms (cache hit)
286 http cache @typescript-eslint/utils@https://registry.npmjs.org/@typescript-eslint/utils/-/utils-6.21.0.tgz 0ms (cache hit)
287 http cache @ungap/structured-clone@https://registry.npmjs.org/@ungap/structured-clone/-/structured-clone-1.3.1.tgz 0ms (cache hit)
288 http cache @vladmandic/pilogger@https://registry.npmjs.org/@vladmandic/pilogger/-/pilogger-0.4.9.tgz 0ms (cache hit)
289 http cache @typescript-eslint/scope-manager@https://registry.npmjs.org/@typescript-eslint/scope-manager/-/scope-manager-6.21.0.tgz 0ms (cache hit)
290 http cache @typescript-eslint/type-utils@https://registry.npmjs.org/@typescript-eslint/type-utils/-/type-utils-6.21.0.tgz 0ms (cache hit)
291 http cache @typescript-eslint/parser@https://registry.npmjs.org/@typescript-eslint/parser/-/parser-6.21.0.tgz 0ms (cache hit)
292 http cache @typescript-eslint/eslint-plugin@https://registry.npmjs.org/@typescript-eslint/eslint-plugin/-/eslint-plugin-6.21.0.tgz 0ms (cache hit)
293 http cache @typescript-eslint/typescript-estree@https://registry.npmjs.org/@typescript-eslint/typescript-estree/-/typescript-estree-6.21.0.tgz 0ms (cache hit)
294 http cache @types/semver@https://registry.npmjs.org/@types/semver/-/semver-7.7.1.tgz 0ms (cache hit)
295 http cache @typescript-eslint/types@https://registry.npmjs.org/@typescript-eslint/types/-/types-6.21.0.tgz 0ms (cache hit)
296 http cache @types/json5@https://registry.npmjs.org/@types/json5/-/json5-0.0.29.tgz 0ms (cache hit)
297 http cache @tensorflow/tfjs-backend-webgpu@https://registry.npmjs.org/@tensorflow/tfjs-backend-webgpu/-/tfjs-backend-webgpu-0.0.1-alpha.20.tgz 0ms (cache hit)
298 http cache @nodelib/fs.walk@https://registry.npmjs.org/@nodelib/fs.walk/-/fs.walk-1.2.8.tgz 0ms (cache hit)
299 http cache @humanwhocodes/object-schema@https://registry.npmjs.org/@humanwhocodes/object-schema/-/object-schema-2.0.3.tgz 0ms (cache hit)
300 http cache @nodelib/fs.scandir@https://registry.npmjs.org/@nodelib/fs.scandir/-/fs.scandir-2.1.5.tgz 0ms (cache hit)
301 http cache @nodelib/fs.stat@https://registry.npmjs.org/@nodelib/fs.stat/-/fs.stat-2.0.5.tgz 0ms (cache hit)
302 http cache @types/json-schema@https://registry.npmjs.org/@types/json-schema/-/json-schema-7.0.15.tgz 0ms (cache hit)
303 http cache @humanwhocodes/module-importer@https://registry.npmjs.org/@humanwhocodes/module-importer/-/module-importer-1.0.1.tgz 0ms (cache hit)
304 http cache @rtsao/scc@https://registry.npmjs.org/@rtsao/scc/-/scc-1.1.0.tgz 0ms (cache hit)
305 http cache @humanwhocodes/config-array@https://registry.npmjs.org/@humanwhocodes/config-array/-/config-array-0.13.0.tgz 0ms (cache hit)
306 http cache @html-eslint/parser@https://registry.npmjs.org/@html-eslint/parser/-/parser-0.18.0.tgz 0ms (cache hit)
307 http cache @html-eslint/eslint-plugin@https://registry.npmjs.org/@html-eslint/eslint-plugin/-/eslint-plugin-0.18.0.tgz 0ms (cache hit)
308 http cache @eslint/js@https://registry.npmjs.org/@eslint/js/-/js-8.57.1.tgz 0ms (cache hit)
309 http cache @esbuild/darwin-arm64@https://registry.npmjs.org/@esbuild/darwin-arm64/-/darwin-arm64-0.19.12.tgz 0ms (cache hit)
310 http cache @eslint/eslintrc@https://registry.npmjs.org/@eslint/eslintrc/-/eslintrc-2.1.4.tgz 0ms (cache hit)
311 http cache @eslint-community/regexpp@https://registry.npmjs.org/@eslint-community/regexpp/-/regexpp-4.12.2.tgz 0ms (cache hit)
312 http cache minimatch@https://registry.npmjs.org/minimatch/-/minimatch-3.1.5.tgz 0ms (cache hit)
313 http cache rimraf@https://registry.npmjs.org/rimraf/-/rimraf-3.0.2.tgz 0ms (cache hit)
314 http cache semver@https://registry.npmjs.org/semver/-/semver-6.3.1.tgz 0ms (cache hit)
315 http cache brace-expansion@https://registry.npmjs.org/brace-expansion/-/brace-expansion-1.1.15.tgz 0ms (cache hit)
316 http cache glob-parent@https://registry.npmjs.org/glob-parent/-/glob-parent-5.1.2.tgz 0ms (cache hit)
317 http cache semver@https://registry.npmjs.org/semver/-/semver-6.3.1.tgz 0ms (cache hit)
318 http cache minimatch@https://registry.npmjs.org/minimatch/-/minimatch-3.1.5.tgz 0ms (cache hit)
319 http cache semver@https://registry.npmjs.org/semver/-/semver-6.3.1.tgz 0ms (cache hit)
320 http cache eslint-visitor-keys@https://registry.npmjs.org/eslint-visitor-keys/-/eslint-visitor-keys-1.3.0.tgz 0ms (cache hit)
321 http cache @eslint-community/eslint-utils@https://registry.npmjs.org/@eslint-community/eslint-utils/-/eslint-utils-4.9.1.tgz 0ms (cache hit)
322 http cache doctrine@https://registry.npmjs.org/doctrine/-/doctrine-2.1.0.tgz 0ms (cache hit)
323 http cache brace-expansion@https://registry.npmjs.org/brace-expansion/-/brace-expansion-1.1.15.tgz 0ms (cache hit)
324 http cache resolve@https://registry.npmjs.org/resolve/-/resolve-1.22.12.tgz 0ms (cache hit)
325 http cache brace-expansion@https://registry.npmjs.org/brace-expansion/-/brace-expansion-1.1.15.tgz 0ms (cache hit)
326 http cache debug@https://registry.npmjs.org/debug/-/debug-3.2.7.tgz 0ms (cache hit)
327 http cache minimatch@https://registry.npmjs.org/minimatch/-/minimatch-3.1.5.tgz 0ms (cache hit)
328 http cache semver@https://registry.npmjs.org/semver/-/semver-6.3.1.tgz 0ms (cache hit)
329 http cache debug@https://registry.npmjs.org/debug/-/debug-3.2.7.tgz 0ms (cache hit)
330 http cache minimatch@https://registry.npmjs.org/minimatch/-/minimatch-3.1.5.tgz 0ms (cache hit)
331 http cache brace-expansion@https://registry.npmjs.org/brace-expansion/-/brace-expansion-1.1.15.tgz 0ms (cache hit)
332 http cache undici-types@https://registry.npmjs.org/undici-types/-/undici-types-6.21.0.tgz 0ms (cache hit)
333 http cache @tensorflow/tfjs-backend-cpu@https://registry.npmjs.org/@tensorflow/tfjs-backend-cpu/-/tfjs-backend-cpu-4.5.0.tgz 0ms (cache hit)
334 http cache debug@https://registry.npmjs.org/debug/-/debug-3.2.7.tgz 0ms (cache hit)
335 http cache minimatch@https://registry.npmjs.org/minimatch/-/minimatch-3.1.5.tgz 0ms (cache hit)
336 http cache @types/node@https://registry.npmjs.org/@types/node/-/node-20.19.42.tgz 0ms (cache hit)
337 http cache brace-expansion@https://registry.npmjs.org/brace-expansion/-/brace-expansion-1.1.15.tgz 0ms (cache hit)
338 http cache brace-expansion@https://registry.npmjs.org/brace-expansion/-/brace-expansion-1.1.15.tgz 0ms (cache hit)
339 http cache minimatch@https://registry.npmjs.org/minimatch/-/minimatch-3.1.5.tgz 0ms (cache hit)
340 warn deprecated inflight@1.0.6: This module is not supported, and leaks memory. Do not use it. Check out lru-cache if you want a good and tested way to coalesce async requests by a key value, which is much more comprehensive and powerful.
341 warn deprecated @humanwhocodes/config-array@0.13.0: Use @eslint/config-array instead
342 warn deprecated rimraf@3.0.2: Rimraf versions prior to v4 are no longer supported
343 warn deprecated glob@7.2.3: Old versions of glob are not supported, and contain widely publicized security vulnerabilities, which have been fixed in the current version. Please update. Support for old versions may be purchased (at exorbitant rates) by contacting i@izs.me
344 warn deprecated @humanwhocodes/object-schema@2.0.3: Use @eslint/object-schema instead
345 warn deprecated eslint@8.57.1: This version is no longer supported. Please see https://eslint.org/version-support for other options.
346 http fetch POST 200 https://registry.npmjs.org/-/npm/v1/security/advisories/bulk 793ms
347 silly audit report {
347 silly audit report   minimatch: [
347 silly audit report     {
347 silly audit report       id: 1113465,
347 silly audit report       url: 'https://github.com/advisories/GHSA-3ppc-4f35-3m26',
347 silly audit report       title: 'minimatch has a ReDoS via repeated wildcards with non-matching literal in pattern',
347 silly audit report       severity: 'high',
347 silly audit report       vulnerable_versions: '>=9.0.0 <9.0.6',
347 silly audit report       cwe: [Array],
347 silly audit report       cvss: [Object]
347 silly audit report     },
347 silly audit report     {
347 silly audit report       id: 1113544,
347 silly audit report       url: 'https://github.com/advisories/GHSA-7r86-cg39-jmmj',
347 silly audit report       title: 'minimatch has ReDoS: matchOne() combinatorial backtracking via multiple non-adjacent GLOBSTAR segments',
347 silly audit report       severity: 'high',
347 silly audit report       vulnerable_versions: '>=9.0.0 <9.0.7',
347 silly audit report       cwe: [Array],
347 silly audit report       cvss: [Object]
347 silly audit report     },
347 silly audit report     {
347 silly audit report       id: 1113552,
347 silly audit report       url: 'https://github.com/advisories/GHSA-23c5-xmqv-rm74',
347 silly audit report       title: 'minimatch ReDoS: nested *() extglobs generate catastrophically backtracking regular expressions',
347 silly audit report       severity: 'high',
347 silly audit report       vulnerable_versions: '>=9.0.0 <9.0.7',
347 silly audit report       cwe: [Array],
347 silly audit report       cvss: [Object]
347 silly audit report     }
347 silly audit report   ],
347 silly audit report   esbuild: [
347 silly audit report     {
347 silly audit report       id: 1102341,
347 silly audit report       url: 'https://github.com/advisories/GHSA-67mh-4wv8-2f99',
347 silly audit report       title: 'esbuild enables any website to send any requests to the development server and read the response',
347 silly audit report       severity: 'moderate',
347 silly audit report       vulnerable_versions: '<=0.24.2',
347 silly audit report       cwe: [Array],
347 silly audit report       cvss: [Object]
347 silly audit report     }
347 silly audit report   ]
347 silly audit report }
348 silly packumentCache corgi:https://registry.npmjs.org/minimatch cache-miss
349 silly packumentCache corgi:https://registry.npmjs.org/esbuild cache-miss
350 http cache https://registry.npmjs.org/minimatch 6ms (cache hit)
351 silly packumentCache corgi:https://registry.npmjs.org/minimatch set size:168441 disposed:false
352 http cache https://registry.npmjs.org/esbuild 8ms (cache hit)
353 silly packumentCache corgi:https://registry.npmjs.org/esbuild set size:885757 disposed:false
354 silly packumentCache corgi:https://registry.npmjs.org/@typescript-eslint%2ftypescript-estree cache-miss
355 silly packumentCache corgi:https://registry.npmjs.org/typedoc cache-miss
356 http cache https://registry.npmjs.org/typedoc 5ms (cache hit)
357 silly packumentCache corgi:https://registry.npmjs.org/typedoc set size:632602 disposed:false
358 http cache https://registry.npmjs.org/@typescript-eslint%2ftypescript-estree 14ms (cache hit)
359 silly packumentCache corgi:https://registry.npmjs.org/@typescript-eslint%2ftypescript-estree set size:8703381 disposed:false
360 silly packumentCache corgi:https://registry.npmjs.org/@vladmandic%2fbuild cache-miss
361 http cache https://registry.npmjs.org/@vladmandic%2fbuild 4ms (cache hit)
362 silly packumentCache corgi:https://registry.npmjs.org/@vladmandic%2fbuild set size:73487 disposed:false
363 silly packumentCache corgi:https://registry.npmjs.org/@typescript-eslint%2fparser cache-miss
364 silly packumentCache corgi:https://registry.npmjs.org/@typescript-eslint%2ftype-utils cache-miss
365 silly packumentCache corgi:https://registry.npmjs.org/@typescript-eslint%2futils cache-miss
366 http cache https://registry.npmjs.org/@typescript-eslint%2futils 10ms (cache hit)
367 silly packumentCache corgi:https://registry.npmjs.org/@typescript-eslint%2futils set size:4705909 disposed:false
368 info run esbuild@0.19.12 postinstall node_modules/esbuild node install.js
369 info run esbuild@0.19.12 postinstall { code: 0, signal: null }
370 http fetch GET 200 https://registry.npmjs.org/@typescript-eslint%2ftype-utils 708ms (cache miss)
371 silly packumentCache corgi:https://registry.npmjs.org/@typescript-eslint%2ftype-utils set size:undefined disposed:false
372 http fetch GET 200 https://registry.npmjs.org/@typescript-eslint%2fparser 10846ms (cache miss)
373 silly packumentCache corgi:https://registry.npmjs.org/@typescript-eslint%2fparser set size:undefined disposed:false
374 silly packumentCache corgi:https://registry.npmjs.org/@typescript-eslint%2feslint-plugin cache-miss
375 http fetch GET 200 https://registry.npmjs.org/@typescript-eslint%2feslint-plugin 5457ms (cache miss)
376 silly packumentCache corgi:https://registry.npmjs.org/@typescript-eslint%2feslint-plugin set size:undefined disposed:false
377 silly ADD node_modules/yocto-queue
378 silly ADD node_modules/wrappy
379 silly ADD node_modules/word-wrap
380 silly ADD node_modules/which-typed-array
381 silly ADD node_modules/which-collection
382 silly ADD node_modules/which-builtin-type
383 silly ADD node_modules/which-boxed-primitive
384 silly ADD node_modules/which
385 silly ADD node_modules/vscode-uri
386 silly ADD node_modules/vscode-textmate
387 silly ADD node_modules/vscode-oniguruma
388 silly ADD node_modules/vscode-nls
389 silly ADD node_modules/vscode-languageserver-types
390 silly ADD node_modules/vscode-languageserver-textdocument
391 silly ADD node_modules/vscode-json-languageservice
392 silly ADD node_modules/uri-js
393 silly ADD node_modules/unbox-primitive
394 silly ADD node_modules/typescript
395 silly ADD node_modules/typedoc
396 silly ADD node_modules/typed-array-length
397 silly ADD node_modules/typed-array-byte-offset
398 silly ADD node_modules/typed-array-byte-length
399 silly ADD node_modules/typed-array-buffer
400 silly ADD node_modules/type-fest
401 silly ADD node_modules/type-check
402 silly ADD node_modules/tslib
403 silly ADD node_modules/tsconfig-paths
404 silly ADD node_modules/ts-api-utils
405 silly ADD node_modules/to-regex-range
406 silly ADD node_modules/text-table
407 silly ADD node_modules/supports-preserve-symlinks-flag
408 silly ADD node_modules/strip-json-comments
409 silly ADD node_modules/strip-bom
410 silly ADD node_modules/string.prototype.trimstart
411 silly ADD node_modules/string.prototype.trimend
412 silly ADD node_modules/string.prototype.trim
413 silly ADD node_modules/stop-iteration-iterator
414 silly ADD node_modules/slash
415 silly ADD node_modules/side-channel-weakmap
416 silly ADD node_modules/side-channel-map
417 silly ADD node_modules/side-channel-list
418 silly ADD node_modules/side-channel
419 silly ADD node_modules/shiki
420 silly ADD node_modules/shebang-regex
421 silly ADD node_modules/shebang-command
422 silly ADD node_modules/set-proto
423 silly ADD node_modules/set-function-name
424 silly ADD node_modules/set-function-length
425 silly ADD node_modules/semver
426 silly ADD node_modules/safe-regex-test
427 silly ADD node_modules/safe-push-apply
428 silly ADD node_modules/safe-array-concat
429 silly ADD node_modules/run-parallel
430 silly ADD node_modules/reusify
431 silly ADD node_modules/resolve-from
432 silly ADD node_modules/resolve
433 silly ADD node_modules/regexpp
434 silly ADD node_modules/regexp.prototype.flags
435 silly ADD node_modules/reflect.getprototypeof
436 silly ADD node_modules/queue-microtask
437 silly ADD node_modules/punycode
438 silly ADD node_modules/prelude-ls
439 silly ADD node_modules/possible-typed-array-names
440 silly ADD node_modules/pipe2jpeg
441 silly ADD node_modules/picomatch
442 silly ADD node_modules/path-type
443 silly ADD node_modules/path-parse
444 silly ADD node_modules/path-key
445 silly ADD node_modules/path-is-absolute
446 silly ADD node_modules/path-exists
447 silly ADD node_modules/parent-module
448 silly ADD node_modules/p-locate
449 silly ADD node_modules/p-limit
450 silly ADD node_modules/own-keys
451 silly ADD node_modules/optionator
452 silly ADD node_modules/once
453 silly ADD node_modules/object.values
454 silly ADD node_modules/object.groupby
455 silly ADD node_modules/object.fromentries
456 silly ADD node_modules/object.entries
457 silly ADD node_modules/object.assign
458 silly ADD node_modules/object-keys
459 silly ADD node_modules/object-inspect
460 silly ADD node_modules/node-exports-info
461 silly ADD node_modules/node-exports-info/node_modules/semver
462 silly ADD node_modules/natural-compare
463 silly ADD node_modules/ms
464 silly ADD node_modules/minimist
465 silly ADD node_modules/minimatch
466 silly ADD node_modules/micromatch
467 silly ADD node_modules/merge2
468 silly ADD node_modules/marked
469 silly ADD node_modules/lunr
470 silly ADD node_modules/long
471 silly ADD node_modules/lodash.merge
472 silly ADD node_modules/lodash
473 silly ADD node_modules/locate-path
474 silly ADD node_modules/levn
475 silly ADD node_modules/keyv
476 silly ADD node_modules/jsonc-parser
477 silly ADD node_modules/json5
478 silly ADD node_modules/json-stable-stringify-without-jsonify
479 silly ADD node_modules/json-schema-traverse
480 silly ADD node_modules/json-buffer
481 silly ADD node_modules/js-yaml
482 silly ADD node_modules/isexe
483 silly ADD node_modules/isarray
484 silly ADD node_modules/is-weakset
485 silly ADD node_modules/is-weakref
486 silly ADD node_modules/is-weakmap
487 silly ADD node_modules/is-typed-array
488 silly ADD node_modules/is-symbol
489 silly ADD node_modules/is-string
490 silly ADD node_modules/is-shared-array-buffer
491 silly ADD node_modules/is-set
492 silly ADD node_modules/is-regex
493 silly ADD node_modules/is-path-inside
494 silly ADD node_modules/is-number-object
495 silly ADD node_modules/is-number
496 silly ADD node_modules/is-negative-zero
497 silly ADD node_modules/is-map
498 silly ADD node_modules/is-glob
499 silly ADD node_modules/is-generator-function
500 silly ADD node_modules/is-finalizationregistry
501 silly ADD node_modules/is-extglob
502 silly ADD node_modules/is-date-object
503 silly ADD node_modules/is-data-view
504 silly ADD node_modules/is-core-module
505 silly ADD node_modules/is-callable
506 silly ADD node_modules/is-boolean-object
507 silly ADD node_modules/is-bigint
508 silly ADD node_modules/is-async-function
509 silly ADD node_modules/is-array-buffer
510 silly ADD node_modules/internal-slot
511 silly ADD node_modules/inherits
512 silly ADD node_modules/inflight
513 silly ADD node_modules/imurmurhash
514 silly ADD node_modules/import-fresh
515 silly ADD node_modules/ignore
516 silly ADD node_modules/htmlparser2
517 silly ADD node_modules/has-proto
518 silly ADD node_modules/has-property-descriptors
519 silly ADD node_modules/has-bigints
520 silly ADD node_modules/graphemer
521 silly ADD node_modules/globby
522 silly ADD node_modules/globalthis
523 silly ADD node_modules/globals
524 silly ADD node_modules/glob-parent
525 silly ADD node_modules/glob
526 silly ADD node_modules/glob/node_modules/minimatch
527 silly ADD node_modules/glob/node_modules/brace-expansion
528 silly ADD node_modules/get-symbol-description
529 silly ADD node_modules/generator-function
530 silly ADD node_modules/functions-have-names
531 silly ADD node_modules/function.prototype.name
532 silly ADD node_modules/fs.realpath
533 silly ADD node_modules/for-each
534 silly ADD node_modules/flatted
535 silly ADD node_modules/flat-cache
536 silly ADD node_modules/flat-cache/node_modules/rimraf
537 silly ADD node_modules/find-up
538 silly ADD node_modules/fill-range
539 silly ADD node_modules/file-entry-cache
540 silly ADD node_modules/fastq
541 silly ADD node_modules/fast-levenshtein
542 silly ADD node_modules/fast-json-stable-stringify
543 silly ADD node_modules/fast-glob
544 silly ADD node_modules/fast-glob/node_modules/glob-parent
545 silly ADD node_modules/fast-deep-equal
546 silly ADD node_modules/esutils
547 silly ADD node_modules/estraverse
548 silly ADD node_modules/esrecurse
549 silly ADD node_modules/esquery
550 silly ADD node_modules/espree
551 silly ADD node_modules/eslint-visitor-keys
552 silly ADD node_modules/eslint-utils
553 silly ADD node_modules/eslint-utils/node_modules/eslint-visitor-keys
554 silly ADD node_modules/eslint-scope
555 silly ADD node_modules/eslint-plugin-promise
556 silly ADD node_modules/eslint-plugin-node
557 silly ADD node_modules/eslint-plugin-node/node_modules/semver
558 silly ADD node_modules/eslint-plugin-node/node_modules/resolve
559 silly ADD node_modules/eslint-plugin-node/node_modules/minimatch
560 silly ADD node_modules/eslint-plugin-node/node_modules/brace-expansion
561 silly ADD node_modules/eslint-plugin-json
562 silly ADD node_modules/eslint-plugin-import
563 silly ADD node_modules/eslint-plugin-import/node_modules/semver
564 silly ADD node_modules/eslint-plugin-import/node_modules/minimatch
565 silly ADD node_modules/eslint-plugin-import/node_modules/doctrine
566 silly ADD node_modules/eslint-plugin-import/node_modules/debug
567 silly ADD node_modules/eslint-plugin-import/node_modules/brace-expansion
568 silly ADD node_modules/eslint-plugin-html
569 silly ADD node_modules/eslint-plugin-es
570 silly ADD node_modules/eslint-module-utils
571 silly ADD node_modules/eslint-module-utils/node_modules/debug
572 silly ADD node_modules/eslint-import-resolver-node
573 silly ADD node_modules/eslint-import-resolver-node/node_modules/debug
574 silly ADD node_modules/eslint-config-airbnb-base
575 silly ADD node_modules/eslint-config-airbnb-base/node_modules/semver
576 silly ADD node_modules/eslint
577 silly ADD node_modules/eslint/node_modules/minimatch
578 silly ADD node_modules/eslint/node_modules/brace-expansion
579 silly ADD node_modules/escape-string-regexp
580 silly ADD node_modules/esbuild
581 silly ADD node_modules/es-to-primitive
582 silly ADD node_modules/es-shim-unscopables
583 silly ADD node_modules/es-html-parser
584 silly ADD node_modules/es-abstract
585 silly ADD node_modules/entities
586 silly ADD node_modules/domutils
587 silly ADD node_modules/domhandler
588 silly ADD node_modules/domelementtype
589 silly ADD node_modules/dom-serializer
590 silly ADD node_modules/doctrine
591 silly ADD node_modules/dir-glob
592 silly ADD node_modules/define-properties
593 silly ADD node_modules/define-data-property
594 silly ADD node_modules/deep-is
595 silly ADD node_modules/debug
596 silly ADD node_modules/data-view-byte-offset
597 silly ADD node_modules/data-view-byte-length
598 silly ADD node_modules/data-view-buffer
599 silly ADD node_modules/cross-spawn
600 silly ADD node_modules/confusing-browser-globals
601 silly ADD node_modules/concat-map
602 silly ADD node_modules/callsites
603 silly ADD node_modules/call-bound
604 silly ADD node_modules/call-bind
605 silly ADD node_modules/braces
606 silly ADD node_modules/brace-expansion
607 silly ADD node_modules/balanced-match
608 silly ADD node_modules/available-typed-arrays
609 silly ADD node_modules/async-function
610 silly ADD node_modules/arraybuffer.prototype.slice
611 silly ADD node_modules/array.prototype.flatmap
612 silly ADD node_modules/array.prototype.flat
613 silly ADD node_modules/array.prototype.findlastindex
614 silly ADD node_modules/array-union
615 silly ADD node_modules/array-includes
616 silly ADD node_modules/array-buffer-byte-length
617 silly ADD node_modules/ansi-sequence-parser
618 silly ADD node_modules/ajv
619 silly ADD node_modules/acorn-jsx
620 silly ADD node_modules/acorn
621 silly ADD node_modules/@vladmandic/pilogger
622 silly ADD node_modules/@vladmandic/build
623 silly ADD node_modules/@vladmandic/build/node_modules/undici-types
624 silly ADD node_modules/@vladmandic/build/node_modules/@types/node
625 silly ADD node_modules/@ungap/structured-clone
626 silly ADD node_modules/@typescript-eslint/visitor-keys
627 silly ADD node_modules/@typescript-eslint/utils
628 silly ADD node_modules/@typescript-eslint/typescript-estree
629 silly ADD node_modules/@typescript-eslint/types
630 silly ADD node_modules/@typescript-eslint/type-utils
631 silly ADD node_modules/@typescript-eslint/scope-manager
632 silly ADD node_modules/@typescript-eslint/parser
633 silly ADD node_modules/@typescript-eslint/eslint-plugin
634 silly ADD node_modules/@types/semver
635 silly ADD node_modules/@types/json5
636 silly ADD node_modules/@types/json-schema
637 silly ADD node_modules/@tensorflow/tfjs-backend-webgpu
638 silly ADD node_modules/@tensorflow/tfjs-backend-webgpu/node_modules/@tensorflow/tfjs-backend-cpu
639 silly ADD node_modules/@rtsao/scc
640 silly ADD node_modules/@nodelib/fs.walk
641 silly ADD node_modules/@nodelib/fs.stat
642 silly ADD node_modules/@nodelib/fs.scandir
643 silly ADD node_modules/@humanwhocodes/object-schema
644 silly ADD node_modules/@humanwhocodes/module-importer
645 silly ADD node_modules/@humanwhocodes/config-array
646 silly ADD node_modules/@humanwhocodes/config-array/node_modules/minimatch
647 silly ADD node_modules/@humanwhocodes/config-array/node_modules/brace-expansion
648 silly ADD node_modules/@html-eslint/parser
649 silly ADD node_modules/@html-eslint/eslint-plugin
650 silly ADD node_modules/@eslint/js
651 silly ADD node_modules/@eslint/eslintrc
652 silly ADD node_modules/@eslint/eslintrc/node_modules/minimatch
653 silly ADD node_modules/@eslint/eslintrc/node_modules/brace-expansion
654 silly ADD node_modules/@eslint-community/regexpp
655 silly ADD node_modules/@eslint-community/eslint-utils
656 silly ADD
657 silly ADD
658 silly ADD
659 silly ADD
660 silly ADD
661 silly ADD
662 silly ADD
663 silly ADD
664 silly ADD
665 silly ADD
666 silly ADD
667 silly ADD
668 silly ADD
669 silly ADD
670 silly ADD
671 silly ADD
672 silly ADD
673 silly ADD
674 silly ADD node_modules/@esbuild/darwin-arm64
675 silly ADD
676 silly ADD
677 silly ADD
678 silly ADD
679 verbose cwd /Users/bipasasaha/Desktop/SAVEZO/nudenet-main
680 verbose os Darwin 25.5.0
681 verbose node v22.20.0
682 verbose npm  v10.9.3
683 verbose exit 0
684 info ok
